
*** Running vivado
    with args -log Top.vdi -applog -m64 -product Vivado -messageDb vivado.pb -mode batch -source Top.tcl -notrace


****** Vivado v2025.1 (64-bit)
  **** SW Build 6140274 on Wed May 21 22:58:25 MDT 2025
  **** IP Build 6138677 on Thu May 22 03:10:11 MDT 2025
  **** SharedData Build 6139179 on Tue May 20 17:58:58 MDT 2025
  **** Start of session at: Fri Jun 19 15:40:55 2026
    ** Copyright 1986-2022 Xilinx, Inc. All Rights Reserved.
    ** Copyright 2022-2025 Advanced Micro Devices, Inc. All Rights Reserved.

source Top.tcl -notrace
Command: link_design -top Top -part xc7a35tcpg236-1
Design is defaulting to srcset: sources_1
Design is defaulting to constrset: constrs_1
INFO: [Device 21-403] Loading part xc7a35tcpg236-1
Netlist sorting complete. Time (s): cpu = 00:00:00.02 ; elapsed = 00:00:00.02 . Memory (MB): peak = 1694.465 ; gain = 0.000 ; free physical = 1147 ; free virtual = 2767
INFO: [Netlist 29-17] Analyzing 341 Unisim elements for replacement
INFO: [Netlist 29-28] Unisim Transformation completed in 0 CPU seconds
INFO: [Project 1-479] Netlist was created with Vivado 2025.1
INFO: [Project 1-570] Preparing netlist for logic optimization
Parsing XDC File [/home/halfdan/Universitet/02113 Digital Systems Design Project/basys3-racing-game/vivado/Basys3Game/Basys3Game.srcs/constrs_1/imports/code/GameBasys3.xdc]
Finished Parsing XDC File [/home/halfdan/Universitet/02113 Digital Systems Design Project/basys3-racing-game/vivado/Basys3Game/Basys3Game.srcs/constrs_1/imports/code/GameBasys3.xdc]
INFO: [Opt 31-138] Pushed 0 inverter(s) to 0 load pin(s).
Netlist sorting complete. Time (s): cpu = 00:00:00 ; elapsed = 00:00:00 . Memory (MB): peak = 1882.008 ; gain = 0.000 ; free physical = 1022 ; free virtual = 2642
INFO: [Project 1-111] Unisim Transformation Summary:
No Unisim elements were transformed.

lscpu: bad usage
Try 'lscpu --help' for more information.
7 Infos, 0 Warnings, 0 Critical Warnings and 0 Errors encountered.
link_design completed successfully
Command: opt_design
Attempting to get a license for feature 'Implementation' and/or device 'xc7a35t'
INFO: [Common 17-349] Got license for feature 'Implementation' and/or device 'xc7a35t'
Running DRC as a precondition to command opt_design

Starting DRC Task
INFO: [DRC 23-27] Running DRC with 6 threads
INFO: [Project 1-461] DRC finished with 0 Errors
INFO: [Project 1-462] Please refer to the DRC report (report_drc) for more information.

Time (s): cpu = 00:00:02 ; elapsed = 00:00:00.58 . Memory (MB): peak = 1967.258 ; gain = 85.215 ; free physical = 974 ; free virtual = 2596

Starting Cache Timing Information Task
INFO: [Timing 38-35] Done setting XDC timing constraints.
Ending Cache Timing Information Task | Checksum: 20e969f89

Time (s): cpu = 00:00:05 ; elapsed = 00:00:05 . Memory (MB): peak = 2368.148 ; gain = 400.891 ; free physical = 555 ; free virtual = 2195

Starting Logic Optimization Task

Phase 1 Initialization

Phase 1.1 Core Generation And Design Setup
Phase 1.1 Core Generation And Design Setup | Checksum: 20e969f89

Time (s): cpu = 00:00:00.01 ; elapsed = 00:00:00.01 . Memory (MB): peak = 2733.953 ; gain = 0.000 ; free physical = 185 ; free virtual = 1825

Phase 1.2 Setup Constraints And Sort Netlist
Phase 1.2 Setup Constraints And Sort Netlist | Checksum: 20e969f89

Time (s): cpu = 00:00:00.01 ; elapsed = 00:00:00.01 . Memory (MB): peak = 2733.953 ; gain = 0.000 ; free physical = 185 ; free virtual = 1825
Phase 1 Initialization | Checksum: 20e969f89

Time (s): cpu = 00:00:00.01 ; elapsed = 00:00:00.01 . Memory (MB): peak = 2733.953 ; gain = 0.000 ; free physical = 185 ; free virtual = 1825

Phase 2 Timer Update And Timing Data Collection

Phase 2.1 Timer Update
Phase 2.1 Timer Update | Checksum: 20e969f89

Time (s): cpu = 00:00:00.23 ; elapsed = 00:00:00.08 . Memory (MB): peak = 2733.953 ; gain = 0.000 ; free physical = 185 ; free virtual = 1825

Phase 2.2 Timing Data Collection
Phase 2.2 Timing Data Collection | Checksum: 20e969f89

Time (s): cpu = 00:00:00.23 ; elapsed = 00:00:00.08 . Memory (MB): peak = 2733.953 ; gain = 0.000 ; free physical = 185 ; free virtual = 1825
Phase 2 Timer Update And Timing Data Collection | Checksum: 20e969f89

Time (s): cpu = 00:00:00.23 ; elapsed = 00:00:00.08 . Memory (MB): peak = 2733.953 ; gain = 0.000 ; free physical = 185 ; free virtual = 1825

Phase 3 Retarget
INFO: [Opt 31-1851] Number of loadless carry chains removed were: 0
INFO: [Opt 31-1834] Total Chains To Be Transformed Were: 0 AND Number of Transformed insts Created are: 0
INFO: [Opt 31-138] Pushed 0 inverter(s) to 0 load pin(s).
INFO: [Opt 31-49] Retargeted 0 cell(s).
Phase 3 Retarget | Checksum: 169794251

Time (s): cpu = 00:00:00.28 ; elapsed = 00:00:00.13 . Memory (MB): peak = 2733.953 ; gain = 0.000 ; free physical = 185 ; free virtual = 1825
Retarget | Checksum: 169794251
INFO: [Opt 31-389] Phase Retarget created 2 cells and removed 14 cells

Phase 4 Constant propagation
INFO: [Opt 31-138] Pushed 0 inverter(s) to 0 load pin(s).
Phase 4 Constant propagation | Checksum: 1c2f3fd2f

Time (s): cpu = 00:00:00.3 ; elapsed = 00:00:00.15 . Memory (MB): peak = 2733.953 ; gain = 0.000 ; free physical = 185 ; free virtual = 1825
Constant propagation | Checksum: 1c2f3fd2f
INFO: [Opt 31-389] Phase Constant propagation created 0 cells and removed 6 cells

Phase 5 Sweep
INFO: [Constraints 18-11670] Building netlist checker database with flags, 0x8
Done building netlist checker database: Time (s): cpu = 00:00:00 ; elapsed = 00:00:00 . Memory (MB): peak = 2733.953 ; gain = 0.000 ; free physical = 185 ; free virtual = 1825
Phase 5 Sweep | Checksum: 252b59fda

Time (s): cpu = 00:00:00.35 ; elapsed = 00:00:00.2 . Memory (MB): peak = 2733.953 ; gain = 0.000 ; free physical = 185 ; free virtual = 1825
Sweep | Checksum: 252b59fda
INFO: [Opt 31-389] Phase Sweep created 6 cells and removed 0 cells

Phase 6 BUFG optimization
Phase 6 BUFG optimization | Checksum: 252b59fda

Time (s): cpu = 00:00:00.43 ; elapsed = 00:00:00.23 . Memory (MB): peak = 2765.969 ; gain = 32.016 ; free physical = 185 ; free virtual = 1825
BUFG optimization | Checksum: 252b59fda
INFO: [Opt 31-662] Phase BUFG optimization created 0 cells of which 0 are BUFGs and removed 0 cells.

Phase 7 Shift Register Optimization
INFO: [Opt 31-1064] SRL Remap converted 0 SRLs to 0 registers and converted 0 registers of register chains to 0 SRLs
Phase 7 Shift Register Optimization | Checksum: 252b59fda

Time (s): cpu = 00:00:00.43 ; elapsed = 00:00:00.23 . Memory (MB): peak = 2765.969 ; gain = 32.016 ; free physical = 185 ; free virtual = 1825
Shift Register Optimization | Checksum: 252b59fda
INFO: [Opt 31-389] Phase Shift Register Optimization created 0 cells and removed 0 cells

Phase 8 Post Processing Netlist
Phase 8 Post Processing Netlist | Checksum: 180bd4b6b

Time (s): cpu = 00:00:00.44 ; elapsed = 00:00:00.24 . Memory (MB): peak = 2765.969 ; gain = 32.016 ; free physical = 185 ; free virtual = 1825
Post Processing Netlist | Checksum: 180bd4b6b
INFO: [Opt 31-389] Phase Post Processing Netlist created 0 cells and removed 0 cells

Phase 9 Finalization

Phase 9.1 Finalizing Design Cores and Updating Shapes
Phase 9.1 Finalizing Design Cores and Updating Shapes | Checksum: 1994b9dad

Time (s): cpu = 00:00:00.5 ; elapsed = 00:00:00.3 . Memory (MB): peak = 2765.969 ; gain = 32.016 ; free physical = 185 ; free virtual = 1825

Phase 9.2 Verifying Netlist Connectivity

Starting Connectivity Check Task

Time (s): cpu = 00:00:00.01 ; elapsed = 00:00:00 . Memory (MB): peak = 2765.969 ; gain = 0.000 ; free physical = 185 ; free virtual = 1825
Phase 9.2 Verifying Netlist Connectivity | Checksum: 1994b9dad

Time (s): cpu = 00:00:00.51 ; elapsed = 00:00:00.3 . Memory (MB): peak = 2765.969 ; gain = 32.016 ; free physical = 185 ; free virtual = 1825
Phase 9 Finalization | Checksum: 1994b9dad

Time (s): cpu = 00:00:00.51 ; elapsed = 00:00:00.31 . Memory (MB): peak = 2765.969 ; gain = 32.016 ; free physical = 185 ; free virtual = 1825
Opt_design Change Summary
=========================


-------------------------------------------------------------------------------------------------------------------------
|  Phase                        |  #Cells created  |  #Cells Removed  |  #Constrained objects preventing optimizations  |
-------------------------------------------------------------------------------------------------------------------------
|  Retarget                     |               2  |              14  |                                              0  |
|  Constant propagation         |               0  |               6  |                                              0  |
|  Sweep                        |               6  |               0  |                                              0  |
|  BUFG optimization            |               0  |               0  |                                              0  |
|  Shift Register Optimization  |               0  |               0  |                                              0  |
|  Post Processing Netlist      |               0  |               0  |                                              0  |
-------------------------------------------------------------------------------------------------------------------------


Ending Logic Optimization Task | Checksum: 1994b9dad

Time (s): cpu = 00:00:00.51 ; elapsed = 00:00:00.31 . Memory (MB): peak = 2765.969 ; gain = 32.016 ; free physical = 185 ; free virtual = 1825

Starting Power Optimization Task
INFO: [Pwropt 34-132] Skipping clock gating for clocks with a period < 2.00 ns.
INFO: [Timing 38-35] Done setting XDC timing constraints.
Running Vector-less Activity Propagation...

Finished Running Vector-less Activity Propagation
INFO: [Pwropt 34-9] Applying IDT optimizations ...
INFO: [Pwropt 34-10] Applying ODC optimizations ...


Starting PowerOpt Patch Enables Task
INFO: [Pwropt 34-162] WRITE_MODE attribute of 0 BRAM(s) out of a total of 86 has been updated to save power. Run report_power_opt to get a complete listing of the BRAMs updated.
INFO: [Pwropt 34-201] Structural ODC has moved 0 WE to EN ports
Number of BRAM Ports augmented: 0 newly gated: 75 Total Ports: 172
Number of Flops added for Enable Generation: 4

Ending PowerOpt Patch Enables Task | Checksum: 19c86af63

Time (s): cpu = 00:00:00.17 ; elapsed = 00:00:00.18 . Memory (MB): peak = 3025.922 ; gain = 0.000 ; free physical = 188 ; free virtual = 1686
Ending Power Optimization Task | Checksum: 19c86af63

Time (s): cpu = 00:00:06 ; elapsed = 00:00:05 . Memory (MB): peak = 3025.922 ; gain = 259.953 ; free physical = 188 ; free virtual = 1686

Starting Final Cleanup Task

Starting Logic Optimization Task
INFO: [Timing 38-35] Done setting XDC timing constraints.
Ending Logic Optimization Task | Checksum: 1be602694

Time (s): cpu = 00:00:00.49 ; elapsed = 00:00:00.21 . Memory (MB): peak = 3025.922 ; gain = 0.000 ; free physical = 221 ; free virtual = 1724
Ending Final Cleanup Task | Checksum: 1be602694

Time (s): cpu = 00:00:03 ; elapsed = 00:00:03 . Memory (MB): peak = 3025.922 ; gain = 0.000 ; free physical = 221 ; free virtual = 1724

Starting Netlist Obfuscation Task
Netlist sorting complete. Time (s): cpu = 00:00:00 ; elapsed = 00:00:00 . Memory (MB): peak = 3025.922 ; gain = 0.000 ; free physical = 221 ; free virtual = 1724
Ending Netlist Obfuscation Task | Checksum: 1be602694

Time (s): cpu = 00:00:00 ; elapsed = 00:00:00 . Memory (MB): peak = 3025.922 ; gain = 0.000 ; free physical = 221 ; free virtual = 1724
INFO: [Common 17-83] Releasing license: Implementation
33 Infos, 0 Warnings, 0 Critical Warnings and 0 Errors encountered.
opt_design completed successfully
opt_design: Time (s): cpu = 00:00:19 ; elapsed = 00:00:17 . Memory (MB): peak = 3025.922 ; gain = 1143.879 ; free physical = 221 ; free virtual = 1724
INFO: [Vivado 12-24828] Executing command : report_drc -file Top_drc_opted.rpt -pb Top_drc_opted.pb -rpx Top_drc_opted.rpx
Command: report_drc -file Top_drc_opted.rpt -pb Top_drc_opted.pb -rpx Top_drc_opted.rpx
INFO: [IP_Flow 19-234] Refreshing IP repositories
INFO: [IP_Flow 19-1704] No user IP repositories specified
INFO: [IP_Flow 19-2313] Loaded Vivado IP repository '/home/halfdan/Installations/Xilinx/2025.1/Vivado/data/ip'.
INFO: [DRC 23-27] Running DRC with 6 threads
INFO: [Vivado_Tcl 2-168] The results of DRC are in file /home/halfdan/Universitet/02113 Digital Systems Design Project/basys3-racing-game/vivado/Basys3Game/Basys3Game.runs/impl_1/Top_drc_opted.rpt.
report_drc completed successfully
INFO: [Timing 38-480] Writing timing data to binary archive.
Wrote PlaceDB: Time (s): cpu = 00:00:00.02 ; elapsed = 00:00:00 . Memory (MB): peak = 3025.922 ; gain = 0.000 ; free physical = 203 ; free virtual = 1724
Wrote PulsedLatchDB: Time (s): cpu = 00:00:00 ; elapsed = 00:00:00 . Memory (MB): peak = 3025.922 ; gain = 0.000 ; free physical = 203 ; free virtual = 1724
Writing XDEF routing.
Write ShapeDB Complete: Time (s): cpu = 00:00:00.04 ; elapsed = 00:00:00 . Memory (MB): peak = 3025.922 ; gain = 0.000 ; free physical = 203 ; free virtual = 1725
Writing XDEF routing logical nets.
Writing XDEF routing special nets.
Wrote RouteStorage: Time (s): cpu = 00:00:00.05 ; elapsed = 00:00:00.01 . Memory (MB): peak = 3025.922 ; gain = 0.000 ; free physical = 203 ; free virtual = 1725
Wrote Netlist Cache: Time (s): cpu = 00:00:00 ; elapsed = 00:00:00 . Memory (MB): peak = 3025.922 ; gain = 0.000 ; free physical = 203 ; free virtual = 1725
Wrote Device Cache: Time (s): cpu = 00:00:00.02 ; elapsed = 00:00:00.01 . Memory (MB): peak = 3025.922 ; gain = 0.000 ; free physical = 202 ; free virtual = 1724
Write Physdb Complete: Time (s): cpu = 00:00:00.09 ; elapsed = 00:00:00.02 . Memory (MB): peak = 3025.922 ; gain = 0.000 ; free physical = 202 ; free virtual = 1724
INFO: [Common 17-1381] The checkpoint '/home/halfdan/Universitet/02113 Digital Systems Design Project/basys3-racing-game/vivado/Basys3Game/Basys3Game.runs/impl_1/Top_opt.dcp' has been generated.
Command: place_design
Attempting to get a license for feature 'Implementation' and/or device 'xc7a35t'
INFO: [Common 17-349] Got license for feature 'Implementation' and/or device 'xc7a35t'
INFO: [Common 17-83] Releasing license: Implementation
INFO: [DRC 23-27] Running DRC with 6 threads
INFO: [Vivado_Tcl 4-198] DRC finished with 0 Errors
INFO: [Vivado_Tcl 4-199] Please refer to the DRC report (report_drc) for more information.
Running DRC as a precondition to command place_design
INFO: [DRC 23-27] Running DRC with 6 threads
INFO: [Vivado_Tcl 4-198] DRC finished with 0 Errors
INFO: [Vivado_Tcl 4-199] Please refer to the DRC report (report_drc) for more information.
INFO: [Place 30-611] Multithreading enabled for place_design using a maximum of 8 CPUs

Starting Placer Task

Phase 1 Placer Initialization

Phase 1.1 Placer Initialization Netlist Sorting
Netlist sorting complete. Time (s): cpu = 00:00:00 ; elapsed = 00:00:00 . Memory (MB): peak = 3025.922 ; gain = 0.000 ; free physical = 190 ; free virtual = 1713
Phase 1.1 Placer Initialization Netlist Sorting | Checksum: f216f943

Time (s): cpu = 00:00:00.01 ; elapsed = 00:00:00.01 . Memory (MB): peak = 3025.922 ; gain = 0.000 ; free physical = 190 ; free virtual = 1713
Netlist sorting complete. Time (s): cpu = 00:00:00 ; elapsed = 00:00:00 . Memory (MB): peak = 3025.922 ; gain = 0.000 ; free physical = 196 ; free virtual = 1719

Phase 1.2 IO Placement/ Clock Placement/ Build Placer Device
INFO: [Timing 38-35] Done setting XDC timing constraints.
Phase 1.2 IO Placement/ Clock Placement/ Build Placer Device | Checksum: 13bf98d61

Time (s): cpu = 00:00:00.73 ; elapsed = 00:00:00.31 . Memory (MB): peak = 3025.922 ; gain = 0.000 ; free physical = 192 ; free virtual = 1719

Phase 1.3 Build Placer Netlist Model
Phase 1.3 Build Placer Netlist Model | Checksum: 15da34c4c

Time (s): cpu = 00:00:02 ; elapsed = 00:00:00.77 . Memory (MB): peak = 3025.922 ; gain = 0.000 ; free physical = 190 ; free virtual = 1718

Phase 1.4 Constrain Clocks/Macros
Phase 1.4 Constrain Clocks/Macros | Checksum: 15da34c4c

Time (s): cpu = 00:00:02 ; elapsed = 00:00:00.77 . Memory (MB): peak = 3025.922 ; gain = 0.000 ; free physical = 190 ; free virtual = 1719
Phase 1 Placer Initialization | Checksum: 15da34c4c

Time (s): cpu = 00:00:02 ; elapsed = 00:00:00.78 . Memory (MB): peak = 3025.922 ; gain = 0.000 ; free physical = 190 ; free virtual = 1719

Phase 2 Global Placement

Phase 2.1 Floorplanning
Phase 2.1 Floorplanning | Checksum: 1f0d82a9a

Time (s): cpu = 00:00:02 ; elapsed = 00:00:00.9 . Memory (MB): peak = 3025.922 ; gain = 0.000 ; free physical = 205 ; free virtual = 1734

Phase 2.2 Update Timing before SLR Path Opt
Phase 2.2 Update Timing before SLR Path Opt | Checksum: 1ac09092c

Time (s): cpu = 00:00:02 ; elapsed = 00:00:00.99 . Memory (MB): peak = 3025.922 ; gain = 0.000 ; free physical = 205 ; free virtual = 1734

Phase 2.3 Post-Processing in Floorplanning
Phase 2.3 Post-Processing in Floorplanning | Checksum: 1ac09092c

Time (s): cpu = 00:00:02 ; elapsed = 00:00:01 . Memory (MB): peak = 3025.922 ; gain = 0.000 ; free physical = 205 ; free virtual = 1734

Phase 2.4 Global Place Phase1
Phase 2.4 Global Place Phase1 | Checksum: 22974a87c

Time (s): cpu = 00:00:05 ; elapsed = 00:00:02 . Memory (MB): peak = 3025.922 ; gain = 0.000 ; free physical = 194 ; free virtual = 1725

Phase 2.5 Global Place Phase2

Phase 2.5.1 UpdateTiming Before Physical Synthesis
Phase 2.5.1 UpdateTiming Before Physical Synthesis | Checksum: 28c80a6b9

Time (s): cpu = 00:00:06 ; elapsed = 00:00:03 . Memory (MB): peak = 3025.922 ; gain = 0.000 ; free physical = 194 ; free virtual = 1725

Phase 2.5.2 Physical Synthesis In Placer
INFO: [Physopt 32-1035] Found 0 LUTNM shape to break, 158 LUT instances to create LUTNM shape
INFO: [Physopt 32-1044] Break lutnm for timing: one critical 0, two critical 0, total 0, new lutff created 0
INFO: [Physopt 32-1138] End 1 Pass. Optimized 65 nets or LUTs. Breaked 0 LUT, combined 65 existing LUTs and moved 0 existing LUT
INFO: [Physopt 32-65] No nets found for high-fanout optimization.
INFO: [Physopt 32-232] Optimized 0 net. Created 0 new instance.
INFO: [Physopt 32-775] End 1 Pass. Optimized 0 net or cell. Created 0 new cell, deleted 0 existing cell and moved 0 existing cell
INFO: [Physopt 32-456] No candidate cells for DSP register optimization found in the design.
INFO: [Physopt 32-775] End 2 Pass. Optimized 0 net or cell. Created 0 new cell, deleted 0 existing cell and moved 0 existing cell
INFO: [Physopt 32-1123] No candidate cells found for Shift Register to Pipeline optimization
INFO: [Physopt 32-775] End 2 Pass. Optimized 0 net or cell. Created 0 new cell, deleted 0 existing cell and moved 0 existing cell
INFO: [Physopt 32-1401] No candidate cells found for Shift Register optimization.
INFO: [Physopt 32-677] No candidate cells for Shift Register optimization found in the design
INFO: [Physopt 32-775] End 1 Pass. Optimized 0 net or cell. Created 0 new cell, deleted 0 existing cell and moved 0 existing cell
INFO: [Physopt 32-526] No candidate cells for BRAM register optimization found in the design
INFO: [Physopt 32-775] End 1 Pass. Optimized 0 net or cell. Created 0 new cell, deleted 0 existing cell and moved 0 existing cell
INFO: [Physopt 32-846] No candidate cells for URAM register optimization found in the design
INFO: [Physopt 32-775] End 1 Pass. Optimized 0 net or cell. Created 0 new cell, deleted 0 existing cell and moved 0 existing cell
INFO: [Physopt 32-846] No candidate cells for URAM register optimization found in the design
INFO: [Physopt 32-775] End 1 Pass. Optimized 0 net or cell. Created 0 new cell, deleted 0 existing cell and moved 0 existing cell
INFO: [Physopt 32-949] No candidate nets found for dynamic/static region interface net replication
INFO: [Physopt 32-775] End 1 Pass. Optimized 0 net or cell. Created 0 new cell, deleted 0 existing cell and moved 0 existing cell
Netlist sorting complete. Time (s): cpu = 00:00:00 ; elapsed = 00:00:00 . Memory (MB): peak = 3025.922 ; gain = 0.000 ; free physical = 193 ; free virtual = 1726

Summary of Physical Synthesis Optimizations
============================================


-----------------------------------------------------------------------------------------------------------------------------------------------------------
|  Optimization                                     |  Added Cells  |  Removed Cells  |  Optimized Cells/Nets  |  Dont Touch  |  Iterations  |  Elapsed   |
-----------------------------------------------------------------------------------------------------------------------------------------------------------
|  LUT Combining                                    |            0  |             65  |                    65  |           0  |           1  |  00:00:00  |
|  Retime                                           |            0  |              0  |                     0  |           0  |           1  |  00:00:00  |
|  Very High Fanout                                 |            0  |              0  |                     0  |           0  |           1  |  00:00:00  |
|  DSP Register                                     |            0  |              0  |                     0  |           0  |           1  |  00:00:00  |
|  Shift Register to Pipeline                       |            0  |              0  |                     0  |           0  |           1  |  00:00:00  |
|  Shift Register                                   |            0  |              0  |                     0  |           0  |           1  |  00:00:00  |
|  BRAM Register                                    |            0  |              0  |                     0  |           0  |           1  |  00:00:00  |
|  URAM Register                                    |            0  |              0  |                     0  |           0  |           1  |  00:00:00  |
|  Dynamic/Static Region Interface Net Replication  |            0  |              0  |                     0  |           0  |           1  |  00:00:00  |
|  Total                                            |            0  |             65  |                    65  |           0  |           9  |  00:00:00  |
-----------------------------------------------------------------------------------------------------------------------------------------------------------


Phase 2.5.2 Physical Synthesis In Placer | Checksum: 288ca5c55

Time (s): cpu = 00:00:06 ; elapsed = 00:00:03 . Memory (MB): peak = 3025.922 ; gain = 0.000 ; free physical = 193 ; free virtual = 1726
Phase 2.5 Global Place Phase2 | Checksum: 25bd60a20

Time (s): cpu = 00:00:07 ; elapsed = 00:00:03 . Memory (MB): peak = 3025.922 ; gain = 0.000 ; free physical = 193 ; free virtual = 1726
Phase 2 Global Placement | Checksum: 25bd60a20

Time (s): cpu = 00:00:07 ; elapsed = 00:00:03 . Memory (MB): peak = 3025.922 ; gain = 0.000 ; free physical = 193 ; free virtual = 1726

Phase 3 Detail Placement

Phase 3.1 Commit Multi Column Macros
Phase 3.1 Commit Multi Column Macros | Checksum: 1d231a1f7

Time (s): cpu = 00:00:07 ; elapsed = 00:00:03 . Memory (MB): peak = 3025.922 ; gain = 0.000 ; free physical = 193 ; free virtual = 1726

Phase 3.2 Commit Most Macros & LUTRAMs
Phase 3.2 Commit Most Macros & LUTRAMs | Checksum: 1a6b741b0

Time (s): cpu = 00:00:08 ; elapsed = 00:00:04 . Memory (MB): peak = 3025.922 ; gain = 0.000 ; free physical = 193 ; free virtual = 1726

Phase 3.3 Area Swap Optimization
Phase 3.3 Area Swap Optimization | Checksum: 17455e9b0

Time (s): cpu = 00:00:08 ; elapsed = 00:00:04 . Memory (MB): peak = 3025.922 ; gain = 0.000 ; free physical = 193 ; free virtual = 1726

Phase 3.4 Pipeline Register Optimization
Phase 3.4 Pipeline Register Optimization | Checksum: 1c48a4e94

Time (s): cpu = 00:00:08 ; elapsed = 00:00:04 . Memory (MB): peak = 3025.922 ; gain = 0.000 ; free physical = 193 ; free virtual = 1726

Phase 3.5 Fast Optimization
Phase 3.5 Fast Optimization | Checksum: 18e334a2d

Time (s): cpu = 00:00:08 ; elapsed = 00:00:04 . Memory (MB): peak = 3025.922 ; gain = 0.000 ; free physical = 192 ; free virtual = 1726

Phase 3.6 Small Shape Detail Placement
Phase 3.6 Small Shape Detail Placement | Checksum: 149004d89

Time (s): cpu = 00:00:09 ; elapsed = 00:00:04 . Memory (MB): peak = 3025.922 ; gain = 0.000 ; free physical = 188 ; free virtual = 1722

Phase 3.7 Re-assign LUT pins
Phase 3.7 Re-assign LUT pins | Checksum: 1338f1c05

Time (s): cpu = 00:00:09 ; elapsed = 00:00:04 . Memory (MB): peak = 3025.922 ; gain = 0.000 ; free physical = 188 ; free virtual = 1722

Phase 3.8 Pipeline Register Optimization
Phase 3.8 Pipeline Register Optimization | Checksum: 1430fc24e

Time (s): cpu = 00:00:09 ; elapsed = 00:00:05 . Memory (MB): peak = 3025.922 ; gain = 0.000 ; free physical = 188 ; free virtual = 1722

Phase 3.9 Fast Optimization
Phase 3.9 Fast Optimization | Checksum: 129a33b62

Time (s): cpu = 00:00:10 ; elapsed = 00:00:05 . Memory (MB): peak = 3025.922 ; gain = 0.000 ; free physical = 187 ; free virtual = 1720
Phase 3 Detail Placement | Checksum: 129a33b62

Time (s): cpu = 00:00:10 ; elapsed = 00:00:05 . Memory (MB): peak = 3025.922 ; gain = 0.000 ; free physical = 187 ; free virtual = 1720

Phase 4 Post Placement Optimization and Clean-Up

Phase 4.1 Post Commit Optimization
INFO: [Timing 38-35] Done setting XDC timing constraints.

Phase 4.1.1 Post Placement Optimization
Post Placement Optimization Initialization | Checksum: 1e8a47b0e

Phase 4.1.1.1 BUFG Insertion

Starting Physical Synthesis Task

Phase 1 Physical Synthesis Initialization
INFO: [Physopt 32-721] Multithreading enabled for phys_opt_design using a maximum of 8 CPUs
INFO: [Physopt 32-619] Estimated Timing Summary | WNS=-0.888 | TNS=-0.888 |
Phase 1 Physical Synthesis Initialization | Checksum: 1c1a0a967

Time (s): cpu = 00:00:00.1 ; elapsed = 00:00:00.04 . Memory (MB): peak = 3025.922 ; gain = 0.000 ; free physical = 187 ; free virtual = 1721
INFO: [Place 46-56] BUFG insertion identified 0 candidate nets. Inserted BUFG: 0, Replicated BUFG Driver: 0, Skipped due to Placement/Routing Conflicts: 0, Skipped due to Timing Degradation: 0, Skipped due to netlist editing failed: 0.
Ending Physical Synthesis Task | Checksum: 21aa5ad59

Time (s): cpu = 00:00:00.13 ; elapsed = 00:00:00.06 . Memory (MB): peak = 3025.922 ; gain = 0.000 ; free physical = 187 ; free virtual = 1721
Phase 4.1.1.1 BUFG Insertion | Checksum: 1e8a47b0e

Time (s): cpu = 00:00:11 ; elapsed = 00:00:05 . Memory (MB): peak = 3025.922 ; gain = 0.000 ; free physical = 187 ; free virtual = 1721

Phase 4.1.1.2 Post Placement Timing Optimization
INFO: [Place 30-746] Post Placement Timing Summary WNS=-0.241. For the most accurate timing information please run report_timing.
Phase 4.1.1.2 Post Placement Timing Optimization | Checksum: 21a6874f5

Time (s): cpu = 00:00:17 ; elapsed = 00:00:11 . Memory (MB): peak = 3025.922 ; gain = 0.000 ; free physical = 192 ; free virtual = 1726

Time (s): cpu = 00:00:17 ; elapsed = 00:00:11 . Memory (MB): peak = 3025.922 ; gain = 0.000 ; free physical = 192 ; free virtual = 1726
Phase 4.1 Post Commit Optimization | Checksum: 21a6874f5

Time (s): cpu = 00:00:17 ; elapsed = 00:00:11 . Memory (MB): peak = 3025.922 ; gain = 0.000 ; free physical = 192 ; free virtual = 1726

Phase 4.2 Post Placement Cleanup
Phase 4.2 Post Placement Cleanup | Checksum: 21a6874f5

Time (s): cpu = 00:00:17 ; elapsed = 00:00:11 . Memory (MB): peak = 3025.922 ; gain = 0.000 ; free physical = 192 ; free virtual = 1726

Phase 4.3 Placer Reporting

Phase 4.3.1 Print Estimated Congestion
INFO: [Place 30-612] Post-Placement Estimated Congestion 
 ____________________________________________________
|           | Global Congestion | Short Congestion  |
| Direction | Region Size       | Region Size       |
|___________|___________________|___________________|
|      North|                1x1|                1x1|
|___________|___________________|___________________|
|      South|                1x1|                1x1|
|___________|___________________|___________________|
|       East|                1x1|                1x1|
|___________|___________________|___________________|
|       West|                1x1|                1x1|
|___________|___________________|___________________|

Phase 4.3.1 Print Estimated Congestion | Checksum: 21a6874f5

Time (s): cpu = 00:00:18 ; elapsed = 00:00:11 . Memory (MB): peak = 3025.922 ; gain = 0.000 ; free physical = 192 ; free virtual = 1726
Phase 4.3 Placer Reporting | Checksum: 21a6874f5

Time (s): cpu = 00:00:18 ; elapsed = 00:00:11 . Memory (MB): peak = 3025.922 ; gain = 0.000 ; free physical = 192 ; free virtual = 1726

Phase 4.4 Final Placement Cleanup
Netlist sorting complete. Time (s): cpu = 00:00:00 ; elapsed = 00:00:00 . Memory (MB): peak = 3025.922 ; gain = 0.000 ; free physical = 192 ; free virtual = 1726

Time (s): cpu = 00:00:18 ; elapsed = 00:00:11 . Memory (MB): peak = 3025.922 ; gain = 0.000 ; free physical = 192 ; free virtual = 1726
Phase 4 Post Placement Optimization and Clean-Up | Checksum: 253622ab0

Time (s): cpu = 00:00:18 ; elapsed = 00:00:11 . Memory (MB): peak = 3025.922 ; gain = 0.000 ; free physical = 192 ; free virtual = 1726
Ending Placer Task | Checksum: 1f5e8480c

Time (s): cpu = 00:00:18 ; elapsed = 00:00:11 . Memory (MB): peak = 3025.922 ; gain = 0.000 ; free physical = 192 ; free virtual = 1726
78 Infos, 0 Warnings, 0 Critical Warnings and 0 Errors encountered.
place_design completed successfully
place_design: Time (s): cpu = 00:00:21 ; elapsed = 00:00:11 . Memory (MB): peak = 3025.922 ; gain = 0.000 ; free physical = 192 ; free virtual = 1726
INFO: [Vivado 12-24838] Running report commands "report_control_sets, report_io, report_utilization" in parallel.
Running report generation with 3 threads.
INFO: [Vivado 12-24828] Executing command : report_control_sets -verbose -file Top_control_sets_placed.rpt
report_control_sets: Time (s): cpu = 00:00:00.06 ; elapsed = 00:00:00.07 . Memory (MB): peak = 3025.922 ; gain = 0.000 ; free physical = 183 ; free virtual = 1717
INFO: [Vivado 12-24828] Executing command : report_utilization -file Top_utilization_placed.rpt -pb Top_utilization_placed.pb
INFO: [Vivado 12-24828] Executing command : report_io -file Top_io_placed.rpt
report_io: Time (s): cpu = 00:00:00.11 ; elapsed = 00:00:00.15 . Memory (MB): peak = 3025.922 ; gain = 0.000 ; free physical = 185 ; free virtual = 1719
INFO: [Timing 38-480] Writing timing data to binary archive.
Write ShapeDB Complete: Time (s): cpu = 00:00:00.06 ; elapsed = 00:00:00.01 . Memory (MB): peak = 3025.922 ; gain = 0.000 ; free physical = 185 ; free virtual = 1718
Wrote PlaceDB: Time (s): cpu = 00:00:00.44 ; elapsed = 00:00:00.14 . Memory (MB): peak = 3025.922 ; gain = 0.000 ; free physical = 184 ; free virtual = 1721
Wrote PulsedLatchDB: Time (s): cpu = 00:00:00 ; elapsed = 00:00:00 . Memory (MB): peak = 3025.922 ; gain = 0.000 ; free physical = 184 ; free virtual = 1721
Writing XDEF routing.
Writing XDEF routing logical nets.
Writing XDEF routing special nets.
Wrote RouteStorage: Time (s): cpu = 00:00:00.01 ; elapsed = 00:00:00.01 . Memory (MB): peak = 3025.922 ; gain = 0.000 ; free physical = 184 ; free virtual = 1721
Wrote Netlist Cache: Time (s): cpu = 00:00:00 ; elapsed = 00:00:00 . Memory (MB): peak = 3025.922 ; gain = 0.000 ; free physical = 183 ; free virtual = 1720
Wrote Device Cache: Time (s): cpu = 00:00:00.01 ; elapsed = 00:00:00.01 . Memory (MB): peak = 3025.922 ; gain = 0.000 ; free physical = 183 ; free virtual = 1721
Write Physdb Complete: Time (s): cpu = 00:00:00.46 ; elapsed = 00:00:00.16 . Memory (MB): peak = 3025.922 ; gain = 0.000 ; free physical = 183 ; free virtual = 1721
INFO: [Common 17-1381] The checkpoint '/home/halfdan/Universitet/02113 Digital Systems Design Project/basys3-racing-game/vivado/Basys3Game/Basys3Game.runs/impl_1/Top_placed.dcp' has been generated.
Command: phys_opt_design
Attempting to get a license for feature 'Implementation' and/or device 'xc7a35t'
INFO: [Common 17-349] Got license for feature 'Implementation' and/or device 'xc7a35t'

Starting Initial Update Timing Task

Time (s): cpu = 00:00:00.77 ; elapsed = 00:00:00.24 . Memory (MB): peak = 3025.922 ; gain = 0.000 ; free physical = 173 ; free virtual = 1708
INFO: [Vivado_Tcl 4-1435] PhysOpt_Tcl_Interface Runtime Before Starting Physical Synthesis Task | CPU: 0.82s |  WALL: 0.26s
Netlist sorting complete. Time (s): cpu = 00:00:00 ; elapsed = 00:00:00 . Memory (MB): peak = 3025.922 ; gain = 0.000 ; free physical = 173 ; free virtual = 1708

Starting Physical Synthesis Task

Phase 1 Physical Synthesis Initialization
INFO: [Physopt 32-721] Multithreading enabled for phys_opt_design using a maximum of 8 CPUs
INFO: [Physopt 32-619] Estimated Timing Summary | WNS=-0.241 | TNS=-0.241 |
Phase 1 Physical Synthesis Initialization | Checksum: 1f0c8723b

Time (s): cpu = 00:00:00.39 ; elapsed = 00:00:00.27 . Memory (MB): peak = 3025.922 ; gain = 0.000 ; free physical = 173 ; free virtual = 1708
INFO: [Physopt 32-619] Estimated Timing Summary | WNS=-0.241 | TNS=-0.241 |

Phase 2 DSP Register Optimization
INFO: [Physopt 32-456] No candidate cells for DSP register optimization found in the design.
INFO: [Physopt 32-775] End 2 Pass. Optimized 0 net or cell. Created 0 new cell, deleted 0 existing cell and moved 0 existing cell
Phase 2 DSP Register Optimization | Checksum: 1f0c8723b

Time (s): cpu = 00:00:00.43 ; elapsed = 00:00:00.3 . Memory (MB): peak = 3025.922 ; gain = 0.000 ; free physical = 173 ; free virtual = 1708

Phase 3 Critical Path Optimization
INFO: [Physopt 32-619] Estimated Timing Summary | WNS=-0.241 | TNS=-0.241 |
INFO: [Physopt 32-702] Processed net gameTop/gameLogic/raceManager/playerController/playerController_io_playerXPosition[10]. Optimizations did not improve timing on the net.
INFO: [Physopt 32-702] Processed net gameTop/gameLogic/raceManager/playerController/checkPointCntReg_reg[0]. Optimizations did not improve timing on the net.
INFO: [Physopt 32-702] Processed net gameTop/gameLogic/raceManager/playerController/addressToPosition/_playerXPositionReg_T_7[10]. Optimizations did not improve timing on the net.
INFO: [Physopt 32-702] Processed net gameTop/gameLogic/raceManager/playerController/addressToPosition/playerXPositionReg[26]_i_7_n_0. Optimizations did not improve timing on the net.
INFO: [Physopt 32-702] Processed net gameTop/gameLogic/raceManager/playerController/addressToPosition/addressToPosition_io_posX[10]. Optimizations did not improve timing on the net.
INFO: [Physopt 32-663] Processed net gameTop/gameLogic/raceManager/playerController/addressToPosition/x_tile_carry_i_1_n_0.  Re-placed instance gameTop/gameLogic/raceManager/playerController/addressToPosition/x_tile_carry_i_1
INFO: [Physopt 32-735] Processed net gameTop/gameLogic/raceManager/playerController/addressToPosition/x_tile_carry_i_1_n_0. Optimization improves timing on the net.
INFO: [Physopt 32-619] Estimated Timing Summary | WNS=-0.017 | TNS=-0.017 |
INFO: [Physopt 32-702] Processed net gameTop/gameLogic/raceManager/playerController/addressToPosition/playerXPositionReg_reg[25]_i_2_n_0. Optimizations did not improve timing on the net.
INFO: [Physopt 32-702] Processed net gameTop/gameLogic/raceManager/playerController/addressToPosition/playerXPositionReg[25]_i_5_n_0. Optimizations did not improve timing on the net.
INFO: [Physopt 32-702] Processed net gameTop/gameLogic/raceManager/playerController/addressToPosition/addressToPosition_io_posX[9]. Optimizations did not improve timing on the net.
INFO: [Physopt 32-608] Optimized 1 net.  Swapped 19 pins.
INFO: [Physopt 32-735] Processed net gameTop/gameLogic/raceManager/playerController/addressToPosition/x_tile_carry_i_4_n_0. Optimization improves timing on the net.
INFO: [Physopt 32-619] Estimated Timing Summary | WNS=0.295 | TNS=0.000 |
INFO: [Physopt 32-619] Estimated Timing Summary | WNS=0.295 | TNS=0.000 |
Netlist sorting complete. Time (s): cpu = 00:00:00 ; elapsed = 00:00:00 . Memory (MB): peak = 3025.922 ; gain = 0.000 ; free physical = 174 ; free virtual = 1709
Phase 3 Critical Path Optimization | Checksum: 1f0c8723b

Time (s): cpu = 00:00:00.89 ; elapsed = 00:00:00.59 . Memory (MB): peak = 3025.922 ; gain = 0.000 ; free physical = 174 ; free virtual = 1709

Phase 4 Critical Path Optimization
INFO: [Physopt 32-619] Estimated Timing Summary | WNS=0.295 | TNS=0.000 |
INFO: [Physopt 32-619] Estimated Timing Summary | WNS=0.295 | TNS=0.000 |
Netlist sorting complete. Time (s): cpu = 00:00:00 ; elapsed = 00:00:00 . Memory (MB): peak = 3025.922 ; gain = 0.000 ; free physical = 174 ; free virtual = 1709
Phase 4 Critical Path Optimization | Checksum: 1f0c8723b

Time (s): cpu = 00:00:00.89 ; elapsed = 00:00:00.59 . Memory (MB): peak = 3025.922 ; gain = 0.000 ; free physical = 174 ; free virtual = 1709
Netlist sorting complete. Time (s): cpu = 00:00:00 ; elapsed = 00:00:00 . Memory (MB): peak = 3025.922 ; gain = 0.000 ; free physical = 174 ; free virtual = 1709
INFO: [Physopt 32-603] Post Physical Optimization Timing Summary | WNS=0.295 | TNS=0.000 |

Summary of Physical Synthesis Optimizations
============================================


-------------------------------------------------------------------------------------------------------------------------------------------------------------
|  Optimization   |  WNS Gain (ns)  |  TNS Gain (ns)  |  Added Cells  |  Removed Cells  |  Optimized Cells/Nets  |  Dont Touch  |  Iterations  |  Elapsed   |
-------------------------------------------------------------------------------------------------------------------------------------------------------------
|  DSP Register   |          0.000  |          0.000  |            0  |              0  |                     0  |           0  |           1  |  00:00:00  |
|  Critical Path  |          0.536  |          0.241  |            0  |              0  |                     2  |           0  |           2  |  00:00:00  |
|  Total          |          0.536  |          0.241  |            0  |              0  |                     2  |           0  |           3  |  00:00:00  |
-------------------------------------------------------------------------------------------------------------------------------------------------------------


Netlist sorting complete. Time (s): cpu = 00:00:00 ; elapsed = 00:00:00 . Memory (MB): peak = 3025.922 ; gain = 0.000 ; free physical = 174 ; free virtual = 1709
Ending Physical Synthesis Task | Checksum: 2d527fc41

Time (s): cpu = 00:00:00.94 ; elapsed = 00:00:00.62 . Memory (MB): peak = 3025.922 ; gain = 0.000 ; free physical = 174 ; free virtual = 1709
INFO: [Common 17-83] Releasing license: Implementation
111 Infos, 0 Warnings, 0 Critical Warnings and 0 Errors encountered.
phys_opt_design completed successfully
INFO: [Timing 38-480] Writing timing data to binary archive.
Write ShapeDB Complete: Time (s): cpu = 00:00:00.04 ; elapsed = 00:00:00.01 . Memory (MB): peak = 3025.922 ; gain = 0.000 ; free physical = 175 ; free virtual = 1710
Wrote PlaceDB: Time (s): cpu = 00:00:00.42 ; elapsed = 00:00:00.13 . Memory (MB): peak = 3025.922 ; gain = 0.000 ; free physical = 174 ; free virtual = 1713
Wrote PulsedLatchDB: Time (s): cpu = 00:00:00 ; elapsed = 00:00:00 . Memory (MB): peak = 3025.922 ; gain = 0.000 ; free physical = 174 ; free virtual = 1713
Writing XDEF routing.
Writing XDEF routing logical nets.
Writing XDEF routing special nets.
Wrote RouteStorage: Time (s): cpu = 00:00:00.01 ; elapsed = 00:00:00.01 . Memory (MB): peak = 3025.922 ; gain = 0.000 ; free physical = 174 ; free virtual = 1713
Wrote Netlist Cache: Time (s): cpu = 00:00:00.01 ; elapsed = 00:00:00 . Memory (MB): peak = 3025.922 ; gain = 0.000 ; free physical = 174 ; free virtual = 1713
Wrote Device Cache: Time (s): cpu = 00:00:00 ; elapsed = 00:00:00.01 . Memory (MB): peak = 3025.922 ; gain = 0.000 ; free physical = 174 ; free virtual = 1714
Write Physdb Complete: Time (s): cpu = 00:00:00.44 ; elapsed = 00:00:00.15 . Memory (MB): peak = 3025.922 ; gain = 0.000 ; free physical = 174 ; free virtual = 1714
INFO: [Common 17-1381] The checkpoint '/home/halfdan/Universitet/02113 Digital Systems Design Project/basys3-racing-game/vivado/Basys3Game/Basys3Game.runs/impl_1/Top_physopt.dcp' has been generated.
Command: route_design
Attempting to get a license for feature 'Implementation' and/or device 'xc7a35t'
INFO: [Common 17-349] Got license for feature 'Implementation' and/or device 'xc7a35t'


Starting Routing Task
INFO: [Route 35-254] Multithreading enabled for route_design using a maximum of 6 CPUs

Phase 1 Build RT Design
Checksum: PlaceDB: aec7d663 ConstDB: 0 ShapeSum: b9959c36 RouteDB: a0815c57
Post Restoration Checksum: NetGraph: 273ab34a | NumContArr: 97e4b001 | Constraints: c2a8fa9d | Timing: c2a8fa9d
Phase 1 Build RT Design | Checksum: 244715885

Time (s): cpu = 00:00:16 ; elapsed = 00:00:14 . Memory (MB): peak = 3025.922 ; gain = 0.000 ; free physical = 137 ; free virtual = 1696

Phase 2 Router Initialization

Phase 2.1 Fix Topology Constraints
Phase 2.1 Fix Topology Constraints | Checksum: 244715885

Time (s): cpu = 00:00:16 ; elapsed = 00:00:14 . Memory (MB): peak = 3025.922 ; gain = 0.000 ; free physical = 137 ; free virtual = 1696

Phase 2.2 Pre Route Cleanup
Phase 2.2 Pre Route Cleanup | Checksum: 244715885

Time (s): cpu = 00:00:16 ; elapsed = 00:00:14 . Memory (MB): peak = 3025.922 ; gain = 0.000 ; free physical = 137 ; free virtual = 1696
 Number of Nodes with overlaps = 0

Phase 2.3 Update Timing
Phase 2.3 Update Timing | Checksum: 29f949bf4

Time (s): cpu = 00:00:18 ; elapsed = 00:00:14 . Memory (MB): peak = 3025.922 ; gain = 0.000 ; free physical = 116 ; free virtual = 1676
INFO: [Route 35-416] Intermediate Timing Summary | WNS=0.285  | TNS=0.000  | WHS=-0.146 | THS=-10.572|


Phase 2.4 Soft Constraint Pins - Fast Budgeting
Phase 2.4 Soft Constraint Pins - Fast Budgeting | Checksum: 22b4a3a55

Time (s): cpu = 00:00:18 ; elapsed = 00:00:14 . Memory (MB): peak = 3025.922 ; gain = 0.000 ; free physical = 103 ; free virtual = 1663

Router Utilization Summary
  Global Vertical Routing Utilization    = 0 %
  Global Horizontal Routing Utilization  = 0 %
  Routable Net Status*
  *Does not include unroutable nets such as driverless and loadless.
  Run report_route_status for detailed report.
  Number of Failed Nets               = 2343
    (Failed Nets is the sum of unrouted and partially routed nets)
  Number of Unrouted Nets             = 2343
  Number of Partially Routed Nets     = 0
  Number of Node Overlaps             = 0

Phase 2 Router Initialization | Checksum: 20b4795d1

Time (s): cpu = 00:00:19 ; elapsed = 00:00:15 . Memory (MB): peak = 3025.922 ; gain = 0.000 ; free physical = 129 ; free virtual = 1666

Phase 3 Global Routing
Phase 3 Global Routing | Checksum: 20b4795d1

Time (s): cpu = 00:00:19 ; elapsed = 00:00:15 . Memory (MB): peak = 3025.922 ; gain = 0.000 ; free physical = 129 ; free virtual = 1666

Phase 4 Initial Routing

Phase 4.1 Initial Net Routing Pass
Phase 4.1 Initial Net Routing Pass | Checksum: 315b275f5

Time (s): cpu = 00:00:21 ; elapsed = 00:00:15 . Memory (MB): peak = 3025.922 ; gain = 0.000 ; free physical = 129 ; free virtual = 1667
Phase 4 Initial Routing | Checksum: 315b275f5

Time (s): cpu = 00:00:21 ; elapsed = 00:00:15 . Memory (MB): peak = 3025.922 ; gain = 0.000 ; free physical = 129 ; free virtual = 1667

Phase 5 Rip-up And Reroute

Phase 5.1 Global Iteration 0
 Number of Nodes with overlaps = 179
 Number of Nodes with overlaps = 20
 Number of Nodes with overlaps = 5
 Number of Nodes with overlaps = 5
 Number of Nodes with overlaps = 1
 Number of Nodes with overlaps = 0
INFO: [Route 35-416] Intermediate Timing Summary | WNS=0.158  | TNS=0.000  | WHS=N/A    | THS=N/A    |

Phase 5.1 Global Iteration 0 | Checksum: 1c45a82f0

Time (s): cpu = 00:00:23 ; elapsed = 00:00:16 . Memory (MB): peak = 3025.922 ; gain = 0.000 ; free physical = 121 ; free virtual = 1662
Phase 5 Rip-up And Reroute | Checksum: 1c45a82f0

Time (s): cpu = 00:00:23 ; elapsed = 00:00:16 . Memory (MB): peak = 3025.922 ; gain = 0.000 ; free physical = 121 ; free virtual = 1662

Phase 6 Delay and Skew Optimization

Phase 6.1 Delay CleanUp

Phase 6.1.1 Update Timing
Phase 6.1.1 Update Timing | Checksum: 2a7b1ca23

Time (s): cpu = 00:00:23 ; elapsed = 00:00:16 . Memory (MB): peak = 3025.922 ; gain = 0.000 ; free physical = 121 ; free virtual = 1662
INFO: [Route 35-416] Intermediate Timing Summary | WNS=0.237  | TNS=0.000  | WHS=N/A    | THS=N/A    |

Phase 6.1 Delay CleanUp | Checksum: 2a7b1ca23

Time (s): cpu = 00:00:23 ; elapsed = 00:00:16 . Memory (MB): peak = 3025.922 ; gain = 0.000 ; free physical = 121 ; free virtual = 1662

Phase 6.2 Clock Skew Optimization
Phase 6.2 Clock Skew Optimization | Checksum: 2a7b1ca23

Time (s): cpu = 00:00:23 ; elapsed = 00:00:16 . Memory (MB): peak = 3025.922 ; gain = 0.000 ; free physical = 121 ; free virtual = 1662
Phase 6 Delay and Skew Optimization | Checksum: 2a7b1ca23

Time (s): cpu = 00:00:23 ; elapsed = 00:00:16 . Memory (MB): peak = 3025.922 ; gain = 0.000 ; free physical = 121 ; free virtual = 1662

Phase 7 Post Hold Fix

Phase 7.1 Hold Fix Iter
INFO: [Route 35-416] Intermediate Timing Summary | WNS=0.237  | TNS=0.000  | WHS=0.031  | THS=0.000  |

Phase 7.1 Hold Fix Iter | Checksum: 1f34f0b14

Time (s): cpu = 00:00:23 ; elapsed = 00:00:17 . Memory (MB): peak = 3025.922 ; gain = 0.000 ; free physical = 121 ; free virtual = 1662
Phase 7 Post Hold Fix | Checksum: 1f34f0b14

Time (s): cpu = 00:00:23 ; elapsed = 00:00:17 . Memory (MB): peak = 3025.922 ; gain = 0.000 ; free physical = 121 ; free virtual = 1662

Phase 8 Route finalize

Router Utilization Summary
  Global Vertical Routing Utilization    = 0.929443 %
  Global Horizontal Routing Utilization  = 1.10294 %
  Routable Net Status*
  *Does not include unroutable nets such as driverless and loadless.
  Run report_route_status for detailed report.
  Number of Failed Nets               = 0
    (Failed Nets is the sum of unrouted and partially routed nets)
  Number of Unrouted Nets             = 0
  Number of Partially Routed Nets     = 0
  Number of Node Overlaps             = 0

Phase 8 Route finalize | Checksum: 1f34f0b14

Time (s): cpu = 00:00:23 ; elapsed = 00:00:17 . Memory (MB): peak = 3025.922 ; gain = 0.000 ; free physical = 121 ; free virtual = 1662

Phase 9 Verifying routed nets

 Verification completed successfully
Phase 9 Verifying routed nets | Checksum: 1f34f0b14

Time (s): cpu = 00:00:23 ; elapsed = 00:00:17 . Memory (MB): peak = 3025.922 ; gain = 0.000 ; free physical = 120 ; free virtual = 1661

Phase 10 Depositing Routes
Phase 10 Depositing Routes | Checksum: 201055dae

Time (s): cpu = 00:00:24 ; elapsed = 00:00:17 . Memory (MB): peak = 3025.922 ; gain = 0.000 ; free physical = 120 ; free virtual = 1662

Phase 11 Post Process Routing
Phase 11 Post Process Routing | Checksum: 201055dae

Time (s): cpu = 00:00:24 ; elapsed = 00:00:17 . Memory (MB): peak = 3025.922 ; gain = 0.000 ; free physical = 120 ; free virtual = 1662

Phase 12 Post Router Timing
INFO: [Route 35-57] Estimated Timing Summary | WNS=0.237  | TNS=0.000  | WHS=0.031  | THS=0.000  |

INFO: [Route 35-327] The final timing numbers are based on the router estimated timing analysis. For a complete and accurate timing signoff, please run report_timing_summary.
Phase 12 Post Router Timing | Checksum: 201055dae

Time (s): cpu = 00:00:24 ; elapsed = 00:00:17 . Memory (MB): peak = 3025.922 ; gain = 0.000 ; free physical = 120 ; free virtual = 1662
Total Elapsed time in route_design: 16.71 secs

Phase 13 Post-Route Event Processing
Phase 13 Post-Route Event Processing | Checksum: 22e77cfe4

Time (s): cpu = 00:00:24 ; elapsed = 00:00:17 . Memory (MB): peak = 3025.922 ; gain = 0.000 ; free physical = 122 ; free virtual = 1663
INFO: [Route 35-16] Router Completed Successfully
Ending Routing Task | Checksum: 22e77cfe4

Time (s): cpu = 00:00:24 ; elapsed = 00:00:17 . Memory (MB): peak = 3025.922 ; gain = 0.000 ; free physical = 122 ; free virtual = 1663

Routing Is Done.
INFO: [Common 17-83] Releasing license: Implementation
123 Infos, 0 Warnings, 0 Critical Warnings and 0 Errors encountered.
route_design completed successfully
route_design: Time (s): cpu = 00:00:24 ; elapsed = 00:00:17 . Memory (MB): peak = 3025.922 ; gain = 0.000 ; free physical = 122 ; free virtual = 1663
INFO: [Vivado 12-24828] Executing command : report_drc -file Top_drc_routed.rpt -pb Top_drc_routed.pb -rpx Top_drc_routed.rpx
Command: report_drc -file Top_drc_routed.rpt -pb Top_drc_routed.pb -rpx Top_drc_routed.rpx
INFO: [IP_Flow 19-1839] IP Catalog is up to date.
INFO: [DRC 23-27] Running DRC with 6 threads
INFO: [Vivado_Tcl 2-168] The results of DRC are in file /home/halfdan/Universitet/02113 Digital Systems Design Project/basys3-racing-game/vivado/Basys3Game/Basys3Game.runs/impl_1/Top_drc_routed.rpt.
report_drc completed successfully
INFO: [Vivado 12-24828] Executing command : report_methodology -file Top_methodology_drc_routed.rpt -pb Top_methodology_drc_routed.pb -rpx Top_methodology_drc_routed.rpx
Command: report_methodology -file Top_methodology_drc_routed.rpt -pb Top_methodology_drc_routed.pb -rpx Top_methodology_drc_routed.rpx
INFO: [Timing 38-35] Done setting XDC timing constraints.
INFO: [DRC 23-133] Running Methodology with 6 threads
INFO: [Vivado_Tcl 2-1520] The results of Report Methodology are in file /home/halfdan/Universitet/02113 Digital Systems Design Project/basys3-racing-game/vivado/Basys3Game/Basys3Game.runs/impl_1/Top_methodology_drc_routed.rpt.
report_methodology completed successfully
INFO: [Vivado 12-24828] Executing command : report_timing_summary -max_paths 10 -report_unconstrained -file Top_timing_summary_routed.rpt -pb Top_timing_summary_routed.pb -rpx Top_timing_summary_routed.rpx -warn_on_violation 
INFO: [Timing 38-35] Done setting XDC timing constraints.
INFO: [Timing 38-91] UpdateTimingParams: Speed grade: -1, Delay Type: min_max.
INFO: [Timing 38-191] Multithreading enabled for timing update using a maximum of 8 CPUs
INFO: [Vivado 12-24838] Running report commands "report_bus_skew, report_incremental_reuse, report_route_status" in parallel.
Running report generation with 3 threads.
INFO: [Vivado 12-24828] Executing command : report_incremental_reuse -file Top_incremental_reuse_routed.rpt
INFO: [Vivado_Tcl 4-1062] Incremental flow is disabled. No incremental reuse Info to report.
INFO: [Vivado 12-24828] Executing command : report_route_status -file Top_route_status.rpt -pb Top_route_status.pb
INFO: [Vivado 12-24828] Executing command : report_bus_skew -warn_on_violation -file Top_bus_skew_routed.rpt -pb Top_bus_skew_routed.pb -rpx Top_bus_skew_routed.rpx
INFO: [Timing 38-91] UpdateTimingParams: Speed grade: -1, Delay Type: min_max.
INFO: [Timing 38-191] Multithreading enabled for timing update using a maximum of 8 CPUs
INFO: [Vivado 12-24828] Executing command : report_power -file Top_power_routed.rpt -pb Top_power_summary_routed.pb -rpx Top_power_routed.rpx
Command: report_power -file Top_power_routed.rpt -pb Top_power_summary_routed.pb -rpx Top_power_routed.rpx
Running Vector-less Activity Propagation...

Finished Running Vector-less Activity Propagation
143 Infos, 0 Warnings, 0 Critical Warnings and 0 Errors encountered.
report_power completed successfully
INFO: [Vivado 12-24828] Executing command : report_clock_utilization -file Top_clock_utilization_routed.rpt
generate_parallel_reports: Time (s): cpu = 00:00:22 ; elapsed = 00:00:06 . Memory (MB): peak = 3100.590 ; gain = 74.668 ; free physical = 128 ; free virtual = 1581
INFO: [Timing 38-480] Writing timing data to binary archive.
Write ShapeDB Complete: Time (s): cpu = 00:00:00.02 ; elapsed = 00:00:00 . Memory (MB): peak = 3100.590 ; gain = 0.000 ; free physical = 128 ; free virtual = 1581
Wrote PlaceDB: Time (s): cpu = 00:00:00.44 ; elapsed = 00:00:00.13 . Memory (MB): peak = 3100.590 ; gain = 0.000 ; free physical = 127 ; free virtual = 1583
Wrote PulsedLatchDB: Time (s): cpu = 00:00:00 ; elapsed = 00:00:00 . Memory (MB): peak = 3100.590 ; gain = 0.000 ; free physical = 127 ; free virtual = 1583
Writing XDEF routing.
Writing XDEF routing logical nets.
Writing XDEF routing special nets.
Wrote RouteStorage: Time (s): cpu = 00:00:00.06 ; elapsed = 00:00:00.04 . Memory (MB): peak = 3100.590 ; gain = 0.000 ; free physical = 127 ; free virtual = 1584
Wrote Netlist Cache: Time (s): cpu = 00:00:00 ; elapsed = 00:00:00.01 . Memory (MB): peak = 3100.590 ; gain = 0.000 ; free physical = 127 ; free virtual = 1584
Wrote Device Cache: Time (s): cpu = 00:00:00.01 ; elapsed = 00:00:00 . Memory (MB): peak = 3100.590 ; gain = 0.000 ; free physical = 127 ; free virtual = 1584
Write Physdb Complete: Time (s): cpu = 00:00:00.51 ; elapsed = 00:00:00.18 . Memory (MB): peak = 3100.590 ; gain = 0.000 ; free physical = 127 ; free virtual = 1584
INFO: [Common 17-1381] The checkpoint '/home/halfdan/Universitet/02113 Digital Systems Design Project/basys3-racing-game/vivado/Basys3Game/Basys3Game.runs/impl_1/Top_routed.dcp' has been generated.
Command: write_bitstream -force Top.bit
Attempting to get a license for feature 'Implementation' and/or device 'xc7a35t'
INFO: [Common 17-349] Got license for feature 'Implementation' and/or device 'xc7a35t'
Running DRC as a precondition to command write_bitstream
INFO: [IP_Flow 19-1839] IP Catalog is up to date.
INFO: [DRC 23-27] Running DRC with 6 threads
INFO: [Vivado 12-3199] DRC finished with 0 Errors
INFO: [Vivado 12-3200] Please refer to the DRC report (report_drc) for more information.
INFO: [Designutils 20-2272] Running write_bitstream with 8 threads.
Loading data files...
Loading site data...
Loading route data...
Processing options...
Creating bitmap...
Creating bitstream...
Bitstream compression saved 8186240 bits.
Writing bitstream ./Top.bit...
INFO: [Vivado 12-1842] Bitgen Completed Successfully.
INFO: [Project 1-1876] WebTalk data collection is mandatory when using a ULT device. To see the specific WebTalk data collected for your design, open the usage_statistics_webtalk.html or usage_statistics_webtalk.xml file in the implementation directory.
INFO: [Common 17-83] Releasing license: Implementation
155 Infos, 0 Warnings, 0 Critical Warnings and 0 Errors encountered.
write_bitstream completed successfully
write_bitstream: Time (s): cpu = 00:00:29 ; elapsed = 00:00:31 . Memory (MB): peak = 3359.238 ; gain = 258.648 ; free physical = 122 ; free virtual = 1271
INFO: [Common 17-206] Exiting Vivado at Fri Jun 19 15:42:32 2026...
