Copyright 1986-2022 Xilinx, Inc. All Rights Reserved. Copyright 2022-2025 Advanced Micro Devices, Inc. All Rights Reserved.
-----------------------------------------------------------------------------------------------------------------------------------------------
| Tool Version : Vivado v.2025.1 (win64) Build 6140274 Thu May 22 00:12:29 MDT 2025
| Date         : Thu Jun 11 15:33:24 2026
| Host         : DESKTOP-0FACVVU running 64-bit major release  (build 9200)
| Command      : report_methodology -file Top_methodology_drc_routed.rpt -pb Top_methodology_drc_routed.pb -rpx Top_methodology_drc_routed.rpx
| Design       : Top
| Device       : xc7a35tcpg236-1
| Speed File   : -1
| Design State : Fully Routed
-----------------------------------------------------------------------------------------------------------------------------------------------

Report Methodology

Table of Contents
-----------------
1. REPORT SUMMARY
2. REPORT DETAILS

1. REPORT SUMMARY
-----------------
            Netlist: netlist
          Floorplan: design_1
      Design limits: <entire design considered>
             Max checks: <unlimited>
             Checks found: 85
+-----------+----------+--------------------------------------------+--------+
| Rule      | Severity | Description                                | Checks |
+-----------+----------+--------------------------------------------+--------+
| SYNTH-6   | Warning  | Timing of a RAM block might be sub-optimal | 2      |
| TIMING-16 | Warning  | Large setup violation                      | 60     |
| TIMING-18 | Warning  | Missing input or output delay              | 23     |
+-----------+----------+--------------------------------------------+--------+

2. REPORT DETAILS
-----------------
SYNTH-6#1 Warning
Timing of a RAM block might be sub-optimal  
The timing for the instance gameTop/graphicEngineVGA/backBufferRestoreMemory/ramsSpWf/RAM_reg, implemented as a RAM block, might be sub-optimal as no output register was merged into the block.
Related violations: <none>

SYNTH-6#2 Warning
Timing of a RAM block might be sub-optimal  
The timing for the instance gameTop/graphicEngineVGA/backBufferShadowMemory/ramsSpWf/RAM_reg, implemented as a RAM block, might be sub-optimal as no output register was merged into the block.
Related violations: <none>

TIMING-16#1 Warning
Large setup violation  
There is a large setup violation of -1.000 ns between gameTop/gameLogic/raceManager/playerController/cosReg_reg[15]/C (clocked by sys_clk_pin) and gameTop/gameLogic/raceManager/playerController/nextXReg_reg[24]/D (clocked by sys_clk_pin). Large setup violations at the end of those stages might be difficult to fix during the post-placement implementation flow and could be the result of non-optimal XDC constraints or non-optimal design architecture
Related violations: <none>

TIMING-16#2 Warning
Large setup violation  
There is a large setup violation of -1.189 ns between gameTop/gameLogic/raceManager/playerController/sinReg_reg[15]/C (clocked by sys_clk_pin) and gameTop/gameLogic/raceManager/playerController/nextYReg_reg[23]/D (clocked by sys_clk_pin). Large setup violations at the end of those stages might be difficult to fix during the post-placement implementation flow and could be the result of non-optimal XDC constraints or non-optimal design architecture
Related violations: <none>

TIMING-16#3 Warning
Large setup violation  
There is a large setup violation of -1.780 ns between gameTop/gameLogic/raceManager/playerController/FSM_sequential_stateReg_reg[1]_replica/C (clocked by sys_clk_pin) and gameTop/graphicEngineVGA/backBufferShadowMemory_io_dataWrite_REG_reg[4]/D (clocked by sys_clk_pin). Large setup violations at the end of those stages might be difficult to fix during the post-placement implementation flow and could be the result of non-optimal XDC constraints or non-optimal design architecture
Related violations: <none>

TIMING-16#4 Warning
Large setup violation  
There is a large setup violation of -1.843 ns between gameTop/gameLogic/raceManager/playerController/FSM_sequential_stateReg_reg[1]_replica/C (clocked by sys_clk_pin) and gameTop/graphicEngineVGA/backBufferShadowMemory_io_dataWrite_REG_reg[0]/D (clocked by sys_clk_pin). Large setup violations at the end of those stages might be difficult to fix during the post-placement implementation flow and could be the result of non-optimal XDC constraints or non-optimal design architecture
Related violations: <none>

TIMING-16#5 Warning
Large setup violation  
There is a large setup violation of -2.033 ns between gameTop/gameLogic/raceManager/playerController/FSM_sequential_stateReg_reg[1]_replica/C (clocked by sys_clk_pin) and gameTop/graphicEngineVGA/backBufferShadowMemory_io_dataWrite_REG_reg[2]/D (clocked by sys_clk_pin). Large setup violations at the end of those stages might be difficult to fix during the post-placement implementation flow and could be the result of non-optimal XDC constraints or non-optimal design architecture
Related violations: <none>

TIMING-16#6 Warning
Large setup violation  
There is a large setup violation of -2.071 ns between gameTop/gameLogic/raceManager/playerController/FSM_sequential_stateReg_reg[1]_replica/C (clocked by sys_clk_pin) and gameTop/graphicEngineVGA/backBufferShadowMemory_io_dataWrite_REG_reg[3]/D (clocked by sys_clk_pin). Large setup violations at the end of those stages might be difficult to fix during the post-placement implementation flow and could be the result of non-optimal XDC constraints or non-optimal design architecture
Related violations: <none>

TIMING-16#7 Warning
Large setup violation  
There is a large setup violation of -2.132 ns between gameTop/gameLogic/raceManager/playerController/FSM_sequential_stateReg_reg[1]_replica/C (clocked by sys_clk_pin) and gameTop/graphicEngineVGA/backBufferShadowMemory_io_dataWrite_REG_reg[1]/D (clocked by sys_clk_pin). Large setup violations at the end of those stages might be difficult to fix during the post-placement implementation flow and could be the result of non-optimal XDC constraints or non-optimal design architecture
Related violations: <none>

TIMING-16#8 Warning
Large setup violation  
There is a large setup violation of -3.189 ns between gameTop/gameLogic/raceManager/playerController/FSM_sequential_stateReg_reg[1]_replica/C (clocked by sys_clk_pin) and gameTop/gameLogic/raceManager/playerController/sprite0XReg_reg[18]/R (clocked by sys_clk_pin). Large setup violations at the end of those stages might be difficult to fix during the post-placement implementation flow and could be the result of non-optimal XDC constraints or non-optimal design architecture
Related violations: <none>

TIMING-16#9 Warning
Large setup violation  
There is a large setup violation of -3.189 ns between gameTop/gameLogic/raceManager/playerController/FSM_sequential_stateReg_reg[1]_replica/C (clocked by sys_clk_pin) and gameTop/gameLogic/raceManager/playerController/sprite0XReg_reg[2]/R (clocked by sys_clk_pin). Large setup violations at the end of those stages might be difficult to fix during the post-placement implementation flow and could be the result of non-optimal XDC constraints or non-optimal design architecture
Related violations: <none>

TIMING-16#10 Warning
Large setup violation  
There is a large setup violation of -3.189 ns between gameTop/gameLogic/raceManager/playerController/FSM_sequential_stateReg_reg[1]_replica/C (clocked by sys_clk_pin) and gameTop/gameLogic/raceManager/playerController/sprite0YReg_reg[0]/R (clocked by sys_clk_pin). Large setup violations at the end of those stages might be difficult to fix during the post-placement implementation flow and could be the result of non-optimal XDC constraints or non-optimal design architecture
Related violations: <none>

TIMING-16#11 Warning
Large setup violation  
There is a large setup violation of -3.189 ns between gameTop/gameLogic/raceManager/playerController/FSM_sequential_stateReg_reg[1]_replica/C (clocked by sys_clk_pin) and gameTop/gameLogic/raceManager/playerController/sprite0YReg_reg[10]/R (clocked by sys_clk_pin). Large setup violations at the end of those stages might be difficult to fix during the post-placement implementation flow and could be the result of non-optimal XDC constraints or non-optimal design architecture
Related violations: <none>

TIMING-16#12 Warning
Large setup violation  
There is a large setup violation of -3.189 ns between gameTop/gameLogic/raceManager/playerController/FSM_sequential_stateReg_reg[1]_replica/C (clocked by sys_clk_pin) and gameTop/gameLogic/raceManager/playerController/sprite0YReg_reg[25]/R (clocked by sys_clk_pin). Large setup violations at the end of those stages might be difficult to fix during the post-placement implementation flow and could be the result of non-optimal XDC constraints or non-optimal design architecture
Related violations: <none>

TIMING-16#13 Warning
Large setup violation  
There is a large setup violation of -3.189 ns between gameTop/gameLogic/raceManager/playerController/FSM_sequential_stateReg_reg[1]_replica/C (clocked by sys_clk_pin) and gameTop/gameLogic/raceManager/playerController/sprite0YReg_reg[7]/R (clocked by sys_clk_pin). Large setup violations at the end of those stages might be difficult to fix during the post-placement implementation flow and could be the result of non-optimal XDC constraints or non-optimal design architecture
Related violations: <none>

TIMING-16#14 Warning
Large setup violation  
There is a large setup violation of -3.192 ns between gameTop/gameLogic/raceManager/playerController/FSM_sequential_stateReg_reg[1]_replica/C (clocked by sys_clk_pin) and gameTop/gameLogic/raceManager/playerController/sprite0XReg_reg[12]/R (clocked by sys_clk_pin). Large setup violations at the end of those stages might be difficult to fix during the post-placement implementation flow and could be the result of non-optimal XDC constraints or non-optimal design architecture
Related violations: <none>

TIMING-16#15 Warning
Large setup violation  
There is a large setup violation of -3.192 ns between gameTop/gameLogic/raceManager/playerController/FSM_sequential_stateReg_reg[1]_replica/C (clocked by sys_clk_pin) and gameTop/gameLogic/raceManager/playerController/sprite0XReg_reg[13]/R (clocked by sys_clk_pin). Large setup violations at the end of those stages might be difficult to fix during the post-placement implementation flow and could be the result of non-optimal XDC constraints or non-optimal design architecture
Related violations: <none>

TIMING-16#16 Warning
Large setup violation  
There is a large setup violation of -3.192 ns between gameTop/gameLogic/raceManager/playerController/FSM_sequential_stateReg_reg[1]_replica/C (clocked by sys_clk_pin) and gameTop/gameLogic/raceManager/playerController/sprite0XReg_reg[14]/R (clocked by sys_clk_pin). Large setup violations at the end of those stages might be difficult to fix during the post-placement implementation flow and could be the result of non-optimal XDC constraints or non-optimal design architecture
Related violations: <none>

TIMING-16#17 Warning
Large setup violation  
There is a large setup violation of -3.192 ns between gameTop/gameLogic/raceManager/playerController/FSM_sequential_stateReg_reg[1]_replica/C (clocked by sys_clk_pin) and gameTop/gameLogic/raceManager/playerController/sprite0YReg_reg[23]/R (clocked by sys_clk_pin). Large setup violations at the end of those stages might be difficult to fix during the post-placement implementation flow and could be the result of non-optimal XDC constraints or non-optimal design architecture
Related violations: <none>

TIMING-16#18 Warning
Large setup violation  
There is a large setup violation of -3.192 ns between gameTop/gameLogic/raceManager/playerController/FSM_sequential_stateReg_reg[1]_replica/C (clocked by sys_clk_pin) and gameTop/gameLogic/raceManager/playerController/sprite0YReg_reg[24]/S (clocked by sys_clk_pin). Large setup violations at the end of those stages might be difficult to fix during the post-placement implementation flow and could be the result of non-optimal XDC constraints or non-optimal design architecture
Related violations: <none>

TIMING-16#19 Warning
Large setup violation  
There is a large setup violation of -3.197 ns between gameTop/gameLogic/raceManager/playerController/FSM_sequential_stateReg_reg[1]_replica/C (clocked by sys_clk_pin) and gameTop/gameLogic/raceManager/playerController/sprite0XReg_reg[0]/R (clocked by sys_clk_pin). Large setup violations at the end of those stages might be difficult to fix during the post-placement implementation flow and could be the result of non-optimal XDC constraints or non-optimal design architecture
Related violations: <none>

TIMING-16#20 Warning
Large setup violation  
There is a large setup violation of -3.197 ns between gameTop/gameLogic/raceManager/playerController/FSM_sequential_stateReg_reg[1]_replica/C (clocked by sys_clk_pin) and gameTop/gameLogic/raceManager/playerController/sprite0YReg_reg[2]/R (clocked by sys_clk_pin). Large setup violations at the end of those stages might be difficult to fix during the post-placement implementation flow and could be the result of non-optimal XDC constraints or non-optimal design architecture
Related violations: <none>

TIMING-16#21 Warning
Large setup violation  
There is a large setup violation of -3.197 ns between gameTop/gameLogic/raceManager/playerController/FSM_sequential_stateReg_reg[1]_replica/C (clocked by sys_clk_pin) and gameTop/gameLogic/raceManager/playerController/sprite0YReg_reg[3]/R (clocked by sys_clk_pin). Large setup violations at the end of those stages might be difficult to fix during the post-placement implementation flow and could be the result of non-optimal XDC constraints or non-optimal design architecture
Related violations: <none>

TIMING-16#22 Warning
Large setup violation  
There is a large setup violation of -3.197 ns between gameTop/gameLogic/raceManager/playerController/FSM_sequential_stateReg_reg[1]_replica/C (clocked by sys_clk_pin) and gameTop/gameLogic/raceManager/playerController/sprite0YReg_reg[8]/R (clocked by sys_clk_pin). Large setup violations at the end of those stages might be difficult to fix during the post-placement implementation flow and could be the result of non-optimal XDC constraints or non-optimal design architecture
Related violations: <none>

TIMING-16#23 Warning
Large setup violation  
There is a large setup violation of -3.197 ns between gameTop/gameLogic/raceManager/playerController/FSM_sequential_stateReg_reg[1]_replica/C (clocked by sys_clk_pin) and gameTop/gameLogic/raceManager/playerController/sprite0YReg_reg[9]/R (clocked by sys_clk_pin). Large setup violations at the end of those stages might be difficult to fix during the post-placement implementation flow and could be the result of non-optimal XDC constraints or non-optimal design architecture
Related violations: <none>

TIMING-16#24 Warning
Large setup violation  
There is a large setup violation of -3.201 ns between gameTop/gameLogic/raceManager/playerController/FSM_sequential_stateReg_reg[1]_replica/C (clocked by sys_clk_pin) and gameTop/gameLogic/raceManager/playerController/sprite0XReg_reg[26]/R (clocked by sys_clk_pin). Large setup violations at the end of those stages might be difficult to fix during the post-placement implementation flow and could be the result of non-optimal XDC constraints or non-optimal design architecture
Related violations: <none>

TIMING-16#25 Warning
Large setup violation  
There is a large setup violation of -3.201 ns between gameTop/gameLogic/raceManager/playerController/FSM_sequential_stateReg_reg[1]_replica/C (clocked by sys_clk_pin) and gameTop/gameLogic/raceManager/playerController/sprite0YReg_reg[11]/R (clocked by sys_clk_pin). Large setup violations at the end of those stages might be difficult to fix during the post-placement implementation flow and could be the result of non-optimal XDC constraints or non-optimal design architecture
Related violations: <none>

TIMING-16#26 Warning
Large setup violation  
There is a large setup violation of -3.201 ns between gameTop/gameLogic/raceManager/playerController/FSM_sequential_stateReg_reg[1]_replica/C (clocked by sys_clk_pin) and gameTop/gameLogic/raceManager/playerController/sprite0YReg_reg[12]/R (clocked by sys_clk_pin). Large setup violations at the end of those stages might be difficult to fix during the post-placement implementation flow and could be the result of non-optimal XDC constraints or non-optimal design architecture
Related violations: <none>

TIMING-16#27 Warning
Large setup violation  
There is a large setup violation of -3.201 ns between gameTop/gameLogic/raceManager/playerController/FSM_sequential_stateReg_reg[1]_replica/C (clocked by sys_clk_pin) and gameTop/gameLogic/raceManager/playerController/sprite0YReg_reg[13]/R (clocked by sys_clk_pin). Large setup violations at the end of those stages might be difficult to fix during the post-placement implementation flow and could be the result of non-optimal XDC constraints or non-optimal design architecture
Related violations: <none>

TIMING-16#28 Warning
Large setup violation  
There is a large setup violation of -3.201 ns between gameTop/gameLogic/raceManager/playerController/FSM_sequential_stateReg_reg[1]_replica/C (clocked by sys_clk_pin) and gameTop/gameLogic/raceManager/playerController/sprite0YReg_reg[14]/R (clocked by sys_clk_pin). Large setup violations at the end of those stages might be difficult to fix during the post-placement implementation flow and could be the result of non-optimal XDC constraints or non-optimal design architecture
Related violations: <none>

TIMING-16#29 Warning
Large setup violation  
There is a large setup violation of -3.296 ns between gameTop/gameLogic/raceManager/playerController/FSM_sequential_stateReg_reg[1]_replica/C (clocked by sys_clk_pin) and gameTop/gameLogic/raceManager/playerController/sprite0XReg_reg[22]/S (clocked by sys_clk_pin). Large setup violations at the end of those stages might be difficult to fix during the post-placement implementation flow and could be the result of non-optimal XDC constraints or non-optimal design architecture
Related violations: <none>

TIMING-16#30 Warning
Large setup violation  
There is a large setup violation of -3.296 ns between gameTop/gameLogic/raceManager/playerController/FSM_sequential_stateReg_reg[1]_replica/C (clocked by sys_clk_pin) and gameTop/gameLogic/raceManager/playerController/sprite0XReg_reg[23]/R (clocked by sys_clk_pin). Large setup violations at the end of those stages might be difficult to fix during the post-placement implementation flow and could be the result of non-optimal XDC constraints or non-optimal design architecture
Related violations: <none>

TIMING-16#31 Warning
Large setup violation  
There is a large setup violation of -3.296 ns between gameTop/gameLogic/raceManager/playerController/FSM_sequential_stateReg_reg[1]_replica/C (clocked by sys_clk_pin) and gameTop/gameLogic/raceManager/playerController/sprite0XReg_reg[24]/R (clocked by sys_clk_pin). Large setup violations at the end of those stages might be difficult to fix during the post-placement implementation flow and could be the result of non-optimal XDC constraints or non-optimal design architecture
Related violations: <none>

TIMING-16#32 Warning
Large setup violation  
There is a large setup violation of -3.296 ns between gameTop/gameLogic/raceManager/playerController/FSM_sequential_stateReg_reg[1]_replica/C (clocked by sys_clk_pin) and gameTop/gameLogic/raceManager/playerController/sprite0YReg_reg[15]/R (clocked by sys_clk_pin). Large setup violations at the end of those stages might be difficult to fix during the post-placement implementation flow and could be the result of non-optimal XDC constraints or non-optimal design architecture
Related violations: <none>

TIMING-16#33 Warning
Large setup violation  
There is a large setup violation of -3.296 ns between gameTop/gameLogic/raceManager/playerController/FSM_sequential_stateReg_reg[1]_replica/C (clocked by sys_clk_pin) and gameTop/gameLogic/raceManager/playerController/sprite0YReg_reg[5]/R (clocked by sys_clk_pin). Large setup violations at the end of those stages might be difficult to fix during the post-placement implementation flow and could be the result of non-optimal XDC constraints or non-optimal design architecture
Related violations: <none>

TIMING-16#34 Warning
Large setup violation  
There is a large setup violation of -3.333 ns between gameTop/gameLogic/raceManager/playerController/FSM_sequential_stateReg_reg[1]_replica/C (clocked by sys_clk_pin) and gameTop/gameLogic/raceManager/playerController/sprite0XReg_reg[19]/R (clocked by sys_clk_pin). Large setup violations at the end of those stages might be difficult to fix during the post-placement implementation flow and could be the result of non-optimal XDC constraints or non-optimal design architecture
Related violations: <none>

TIMING-16#35 Warning
Large setup violation  
There is a large setup violation of -3.333 ns between gameTop/gameLogic/raceManager/playerController/FSM_sequential_stateReg_reg[1]_replica/C (clocked by sys_clk_pin) and gameTop/gameLogic/raceManager/playerController/sprite0XReg_reg[3]/R (clocked by sys_clk_pin). Large setup violations at the end of those stages might be difficult to fix during the post-placement implementation flow and could be the result of non-optimal XDC constraints or non-optimal design architecture
Related violations: <none>

TIMING-16#36 Warning
Large setup violation  
There is a large setup violation of -3.333 ns between gameTop/gameLogic/raceManager/playerController/FSM_sequential_stateReg_reg[1]_replica/C (clocked by sys_clk_pin) and gameTop/gameLogic/raceManager/playerController/sprite0YReg_reg[1]/R (clocked by sys_clk_pin). Large setup violations at the end of those stages might be difficult to fix during the post-placement implementation flow and could be the result of non-optimal XDC constraints or non-optimal design architecture
Related violations: <none>

TIMING-16#37 Warning
Large setup violation  
There is a large setup violation of -3.333 ns between gameTop/gameLogic/raceManager/playerController/FSM_sequential_stateReg_reg[1]_replica/C (clocked by sys_clk_pin) and gameTop/gameLogic/raceManager/playerController/sprite0YReg_reg[4]/R (clocked by sys_clk_pin). Large setup violations at the end of those stages might be difficult to fix during the post-placement implementation flow and could be the result of non-optimal XDC constraints or non-optimal design architecture
Related violations: <none>

TIMING-16#38 Warning
Large setup violation  
There is a large setup violation of -3.338 ns between gameTop/gameLogic/raceManager/playerController/FSM_sequential_stateReg_reg[1]_replica/C (clocked by sys_clk_pin) and gameTop/gameLogic/raceManager/playerController/sprite0XReg_reg[4]/R (clocked by sys_clk_pin). Large setup violations at the end of those stages might be difficult to fix during the post-placement implementation flow and could be the result of non-optimal XDC constraints or non-optimal design architecture
Related violations: <none>

TIMING-16#39 Warning
Large setup violation  
There is a large setup violation of -3.338 ns between gameTop/gameLogic/raceManager/playerController/FSM_sequential_stateReg_reg[1]_replica/C (clocked by sys_clk_pin) and gameTop/gameLogic/raceManager/playerController/sprite0XReg_reg[5]/R (clocked by sys_clk_pin). Large setup violations at the end of those stages might be difficult to fix during the post-placement implementation flow and could be the result of non-optimal XDC constraints or non-optimal design architecture
Related violations: <none>

TIMING-16#40 Warning
Large setup violation  
There is a large setup violation of -3.338 ns between gameTop/gameLogic/raceManager/playerController/FSM_sequential_stateReg_reg[1]_replica/C (clocked by sys_clk_pin) and gameTop/gameLogic/raceManager/playerController/sprite0XReg_reg[6]/R (clocked by sys_clk_pin). Large setup violations at the end of those stages might be difficult to fix during the post-placement implementation flow and could be the result of non-optimal XDC constraints or non-optimal design architecture
Related violations: <none>

TIMING-16#41 Warning
Large setup violation  
There is a large setup violation of -3.338 ns between gameTop/gameLogic/raceManager/playerController/FSM_sequential_stateReg_reg[1]_replica/C (clocked by sys_clk_pin) and gameTop/gameLogic/raceManager/playerController/sprite0YReg_reg[22]/S (clocked by sys_clk_pin). Large setup violations at the end of those stages might be difficult to fix during the post-placement implementation flow and could be the result of non-optimal XDC constraints or non-optimal design architecture
Related violations: <none>

TIMING-16#42 Warning
Large setup violation  
There is a large setup violation of -3.341 ns between gameTop/gameLogic/raceManager/playerController/FSM_sequential_stateReg_reg[1]_replica/C (clocked by sys_clk_pin) and gameTop/gameLogic/raceManager/playerController/sprite0XReg_reg[16]/R (clocked by sys_clk_pin). Large setup violations at the end of those stages might be difficult to fix during the post-placement implementation flow and could be the result of non-optimal XDC constraints or non-optimal design architecture
Related violations: <none>

TIMING-16#43 Warning
Large setup violation  
There is a large setup violation of -3.341 ns between gameTop/gameLogic/raceManager/playerController/FSM_sequential_stateReg_reg[1]_replica/C (clocked by sys_clk_pin) and gameTop/gameLogic/raceManager/playerController/sprite0XReg_reg[17]/R (clocked by sys_clk_pin). Large setup violations at the end of those stages might be difficult to fix during the post-placement implementation flow and could be the result of non-optimal XDC constraints or non-optimal design architecture
Related violations: <none>

TIMING-16#44 Warning
Large setup violation  
There is a large setup violation of -3.341 ns between gameTop/gameLogic/raceManager/playerController/FSM_sequential_stateReg_reg[1]_replica/C (clocked by sys_clk_pin) and gameTop/gameLogic/raceManager/playerController/sprite0XReg_reg[25]/R (clocked by sys_clk_pin). Large setup violations at the end of those stages might be difficult to fix during the post-placement implementation flow and could be the result of non-optimal XDC constraints or non-optimal design architecture
Related violations: <none>

TIMING-16#45 Warning
Large setup violation  
There is a large setup violation of -3.341 ns between gameTop/gameLogic/raceManager/playerController/FSM_sequential_stateReg_reg[1]_replica/C (clocked by sys_clk_pin) and gameTop/gameLogic/raceManager/playerController/sprite0YReg_reg[19]/S (clocked by sys_clk_pin). Large setup violations at the end of those stages might be difficult to fix during the post-placement implementation flow and could be the result of non-optimal XDC constraints or non-optimal design architecture
Related violations: <none>

TIMING-16#46 Warning
Large setup violation  
There is a large setup violation of -3.489 ns between gameTop/gameLogic/raceManager/playerController/FSM_sequential_stateReg_reg[1]_replica/C (clocked by sys_clk_pin) and gameTop/gameLogic/raceManager/playerController/sprite0XReg_reg[10]/R (clocked by sys_clk_pin). Large setup violations at the end of those stages might be difficult to fix during the post-placement implementation flow and could be the result of non-optimal XDC constraints or non-optimal design architecture
Related violations: <none>

TIMING-16#47 Warning
Large setup violation  
There is a large setup violation of -3.489 ns between gameTop/gameLogic/raceManager/playerController/FSM_sequential_stateReg_reg[1]_replica/C (clocked by sys_clk_pin) and gameTop/gameLogic/raceManager/playerController/sprite0XReg_reg[11]/R (clocked by sys_clk_pin). Large setup violations at the end of those stages might be difficult to fix during the post-placement implementation flow and could be the result of non-optimal XDC constraints or non-optimal design architecture
Related violations: <none>

TIMING-16#48 Warning
Large setup violation  
There is a large setup violation of -3.489 ns between gameTop/gameLogic/raceManager/playerController/FSM_sequential_stateReg_reg[1]_replica/C (clocked by sys_clk_pin) and gameTop/gameLogic/raceManager/playerController/sprite0XReg_reg[1]/R (clocked by sys_clk_pin). Large setup violations at the end of those stages might be difficult to fix during the post-placement implementation flow and could be the result of non-optimal XDC constraints or non-optimal design architecture
Related violations: <none>

TIMING-16#49 Warning
Large setup violation  
There is a large setup violation of -3.489 ns between gameTop/gameLogic/raceManager/playerController/FSM_sequential_stateReg_reg[1]_replica/C (clocked by sys_clk_pin) and gameTop/gameLogic/raceManager/playerController/sprite0XReg_reg[20]/R (clocked by sys_clk_pin). Large setup violations at the end of those stages might be difficult to fix during the post-placement implementation flow and could be the result of non-optimal XDC constraints or non-optimal design architecture
Related violations: <none>

TIMING-16#50 Warning
Large setup violation  
There is a large setup violation of -3.494 ns between gameTop/gameLogic/raceManager/playerController/FSM_sequential_stateReg_reg[1]_replica/C (clocked by sys_clk_pin) and gameTop/gameLogic/raceManager/playerController/sprite0XReg_reg[15]/R (clocked by sys_clk_pin). Large setup violations at the end of those stages might be difficult to fix during the post-placement implementation flow and could be the result of non-optimal XDC constraints or non-optimal design architecture
Related violations: <none>

TIMING-16#51 Warning
Large setup violation  
There is a large setup violation of -3.494 ns between gameTop/gameLogic/raceManager/playerController/FSM_sequential_stateReg_reg[1]_replica/C (clocked by sys_clk_pin) and gameTop/gameLogic/raceManager/playerController/sprite0XReg_reg[7]/R (clocked by sys_clk_pin). Large setup violations at the end of those stages might be difficult to fix during the post-placement implementation flow and could be the result of non-optimal XDC constraints or non-optimal design architecture
Related violations: <none>

TIMING-16#52 Warning
Large setup violation  
There is a large setup violation of -3.494 ns between gameTop/gameLogic/raceManager/playerController/FSM_sequential_stateReg_reg[1]_replica/C (clocked by sys_clk_pin) and gameTop/gameLogic/raceManager/playerController/sprite0XReg_reg[8]/R (clocked by sys_clk_pin). Large setup violations at the end of those stages might be difficult to fix during the post-placement implementation flow and could be the result of non-optimal XDC constraints or non-optimal design architecture
Related violations: <none>

TIMING-16#53 Warning
Large setup violation  
There is a large setup violation of -3.494 ns between gameTop/gameLogic/raceManager/playerController/FSM_sequential_stateReg_reg[1]_replica/C (clocked by sys_clk_pin) and gameTop/gameLogic/raceManager/playerController/sprite0XReg_reg[9]/R (clocked by sys_clk_pin). Large setup violations at the end of those stages might be difficult to fix during the post-placement implementation flow and could be the result of non-optimal XDC constraints or non-optimal design architecture
Related violations: <none>

TIMING-16#54 Warning
Large setup violation  
There is a large setup violation of -3.494 ns between gameTop/gameLogic/raceManager/playerController/FSM_sequential_stateReg_reg[1]_replica/C (clocked by sys_clk_pin) and gameTop/gameLogic/raceManager/playerController/sprite0YReg_reg[16]/R (clocked by sys_clk_pin). Large setup violations at the end of those stages might be difficult to fix during the post-placement implementation flow and could be the result of non-optimal XDC constraints or non-optimal design architecture
Related violations: <none>

TIMING-16#55 Warning
Large setup violation  
There is a large setup violation of -3.494 ns between gameTop/gameLogic/raceManager/playerController/FSM_sequential_stateReg_reg[1]_replica/C (clocked by sys_clk_pin) and gameTop/gameLogic/raceManager/playerController/sprite0YReg_reg[6]/R (clocked by sys_clk_pin). Large setup violations at the end of those stages might be difficult to fix during the post-placement implementation flow and could be the result of non-optimal XDC constraints or non-optimal design architecture
Related violations: <none>

TIMING-16#56 Warning
Large setup violation  
There is a large setup violation of -3.655 ns between gameTop/gameLogic/raceManager/playerController/FSM_sequential_stateReg_reg[1]_replica/C (clocked by sys_clk_pin) and gameTop/gameLogic/raceManager/playerController/sprite0XReg_reg[21]/R (clocked by sys_clk_pin). Large setup violations at the end of those stages might be difficult to fix during the post-placement implementation flow and could be the result of non-optimal XDC constraints or non-optimal design architecture
Related violations: <none>

TIMING-16#57 Warning
Large setup violation  
There is a large setup violation of -3.655 ns between gameTop/gameLogic/raceManager/playerController/FSM_sequential_stateReg_reg[1]_replica/C (clocked by sys_clk_pin) and gameTop/gameLogic/raceManager/playerController/sprite0YReg_reg[17]/R (clocked by sys_clk_pin). Large setup violations at the end of those stages might be difficult to fix during the post-placement implementation flow and could be the result of non-optimal XDC constraints or non-optimal design architecture
Related violations: <none>

TIMING-16#58 Warning
Large setup violation  
There is a large setup violation of -3.655 ns between gameTop/gameLogic/raceManager/playerController/FSM_sequential_stateReg_reg[1]_replica/C (clocked by sys_clk_pin) and gameTop/gameLogic/raceManager/playerController/sprite0YReg_reg[18]/R (clocked by sys_clk_pin). Large setup violations at the end of those stages might be difficult to fix during the post-placement implementation flow and could be the result of non-optimal XDC constraints or non-optimal design architecture
Related violations: <none>

TIMING-16#59 Warning
Large setup violation  
There is a large setup violation of -3.655 ns between gameTop/gameLogic/raceManager/playerController/FSM_sequential_stateReg_reg[1]_replica/C (clocked by sys_clk_pin) and gameTop/gameLogic/raceManager/playerController/sprite0YReg_reg[20]/R (clocked by sys_clk_pin). Large setup violations at the end of those stages might be difficult to fix during the post-placement implementation flow and could be the result of non-optimal XDC constraints or non-optimal design architecture
Related violations: <none>

TIMING-16#60 Warning
Large setup violation  
There is a large setup violation of -3.655 ns between gameTop/gameLogic/raceManager/playerController/FSM_sequential_stateReg_reg[1]_replica/C (clocked by sys_clk_pin) and gameTop/gameLogic/raceManager/playerController/sprite0YReg_reg[21]/R (clocked by sys_clk_pin). Large setup violations at the end of those stages might be difficult to fix during the post-placement implementation flow and could be the result of non-optimal XDC constraints or non-optimal design architecture
Related violations: <none>

TIMING-18#1 Warning
Missing input or output delay  
An input delay is missing on io_btnC relative to the rising and/or falling clock edge(s) of sys_clk_pin.
Related violations: <none>

TIMING-18#2 Warning
Missing input or output delay  
An input delay is missing on io_btnD relative to the rising and/or falling clock edge(s) of sys_clk_pin.
Related violations: <none>

TIMING-18#3 Warning
Missing input or output delay  
An input delay is missing on io_btnL relative to the rising and/or falling clock edge(s) of sys_clk_pin.
Related violations: <none>

TIMING-18#4 Warning
Missing input or output delay  
An input delay is missing on io_btnR relative to the rising and/or falling clock edge(s) of sys_clk_pin.
Related violations: <none>

TIMING-18#5 Warning
Missing input or output delay  
An input delay is missing on io_btnU relative to the rising and/or falling clock edge(s) of sys_clk_pin.
Related violations: <none>

TIMING-18#6 Warning
Missing input or output delay  
An input delay is missing on reset relative to the rising and/or falling clock edge(s) of sys_clk_pin.
Related violations: <none>

TIMING-18#7 Warning
Missing input or output delay  
An output delay is missing on io_Hsync relative to the rising and/or falling clock edge(s) of sys_clk_pin.
Related violations: <none>

TIMING-18#8 Warning
Missing input or output delay  
An output delay is missing on io_Vsync relative to the rising and/or falling clock edge(s) of sys_clk_pin.
Related violations: <none>

TIMING-18#9 Warning
Missing input or output delay  
An output delay is missing on io_backBufferWriteError relative to the rising and/or falling clock edge(s) of sys_clk_pin.
Related violations: <none>

TIMING-18#10 Warning
Missing input or output delay  
An output delay is missing on io_missingFrameError relative to the rising and/or falling clock edge(s) of sys_clk_pin.
Related violations: <none>

TIMING-18#11 Warning
Missing input or output delay  
An output delay is missing on io_vgaBlue[0] relative to the rising and/or falling clock edge(s) of sys_clk_pin.
Related violations: <none>

TIMING-18#12 Warning
Missing input or output delay  
An output delay is missing on io_vgaBlue[1] relative to the rising and/or falling clock edge(s) of sys_clk_pin.
Related violations: <none>

TIMING-18#13 Warning
Missing input or output delay  
An output delay is missing on io_vgaBlue[2] relative to the rising and/or falling clock edge(s) of sys_clk_pin.
Related violations: <none>

TIMING-18#14 Warning
Missing input or output delay  
An output delay is missing on io_vgaBlue[3] relative to the rising and/or falling clock edge(s) of sys_clk_pin.
Related violations: <none>

TIMING-18#15 Warning
Missing input or output delay  
An output delay is missing on io_vgaGreen[0] relative to the rising and/or falling clock edge(s) of sys_clk_pin.
Related violations: <none>

TIMING-18#16 Warning
Missing input or output delay  
An output delay is missing on io_vgaGreen[1] relative to the rising and/or falling clock edge(s) of sys_clk_pin.
Related violations: <none>

TIMING-18#17 Warning
Missing input or output delay  
An output delay is missing on io_vgaGreen[2] relative to the rising and/or falling clock edge(s) of sys_clk_pin.
Related violations: <none>

TIMING-18#18 Warning
Missing input or output delay  
An output delay is missing on io_vgaGreen[3] relative to the rising and/or falling clock edge(s) of sys_clk_pin.
Related violations: <none>

TIMING-18#19 Warning
Missing input or output delay  
An output delay is missing on io_vgaRed[0] relative to the rising and/or falling clock edge(s) of sys_clk_pin.
Related violations: <none>

TIMING-18#20 Warning
Missing input or output delay  
An output delay is missing on io_vgaRed[1] relative to the rising and/or falling clock edge(s) of sys_clk_pin.
Related violations: <none>

TIMING-18#21 Warning
Missing input or output delay  
An output delay is missing on io_vgaRed[2] relative to the rising and/or falling clock edge(s) of sys_clk_pin.
Related violations: <none>

TIMING-18#22 Warning
Missing input or output delay  
An output delay is missing on io_vgaRed[3] relative to the rising and/or falling clock edge(s) of sys_clk_pin.
Related violations: <none>

TIMING-18#23 Warning
Missing input or output delay  
An output delay is missing on io_viewBoxOutOfRangeError relative to the rising and/or falling clock edge(s) of sys_clk_pin.
Related violations: <none>


