Copyright 1986-2022 Xilinx, Inc. All Rights Reserved. Copyright 2022-2025 Advanced Micro Devices, Inc. All Rights Reserved.
---------------------------------------------------------------------------------------------------------------------------------------------
| Tool Version : Vivado v.2025.1 (lin64) Build 6140274 Wed May 21 22:58:25 MDT 2025
| Date         : Thu Jun 11 10:37:17 2026
| Host         : halfdan-VivoBook-ASUSLaptop-X421IAY-R438IA running 64-bit Linux Mint 22.3
| Command      : report_control_sets -verbose -file Top_control_sets_placed.rpt
| Design       : Top
| Device       : xc7a35t
---------------------------------------------------------------------------------------------------------------------------------------------

Control Set Information

Table of Contents
-----------------
1. Summary
2. Histogram
3. Flip-Flop Distribution
4. Detailed Control Set Information

1. Summary
----------

+----------------------------------------------------------+-------+
|                          Status                          | Count |
+----------------------------------------------------------+-------+
| Total control sets                                       |    16 |
|    Minimum number of control sets                        |    16 |
|    Addition due to synthesis replication                 |     0 |
|    Addition due to physical synthesis replication        |     0 |
| Unused register locations in slices containing registers |    57 |
+----------------------------------------------------------+-------+
* Control sets can be merged at opt_design using control_set_merge or merge_equivalent_drivers
** Run report_qor_suggestions for automated merging and remapping suggestions


2. Histogram
------------

+--------------------+-------+
|       Fanout       | Count |
+--------------------+-------+
| Total control sets |    16 |
| >= 0 to < 4        |     1 |
| >= 4 to < 6        |     0 |
| >= 6 to < 8        |     3 |
| >= 8 to < 10       |     0 |
| >= 10 to < 12      |     0 |
| >= 12 to < 14      |     4 |
| >= 14 to < 16      |     0 |
| >= 16              |     8 |
+--------------------+-------+
* Control sets can be remapped at either synth_design or opt_design


3. Flip-Flop Distribution
-------------------------

+--------------+-----------------------+------------------------+-----------------+--------------+
| Clock Enable | Synchronous Set/Reset | Asynchronous Set/Reset | Total Registers | Total Slices |
+--------------+-----------------------+------------------------+-----------------+--------------+
| No           | No                    | No                     |              85 |           36 |
| No           | No                    | Yes                    |               0 |            0 |
| No           | Yes                   | No                     |             105 |           42 |
| Yes          | No                    | No                     |               0 |            0 |
| Yes          | No                    | Yes                    |               0 |            0 |
| Yes          | Yes                   | No                     |             113 |           41 |
+--------------+-----------------------+------------------------+-----------------+--------------+


4. Detailed Control Set Information
-----------------------------------

+------------------+-------------------------------------------------------+-----------------------------------------------------------------+------------------+----------------+--------------+
|   Clock Signal   |                     Enable Signal                     |                         Set/Reset Signal                        | Slice Load Count | Bel Load Count | Bels / Slice |
+------------------+-------------------------------------------------------+-----------------------------------------------------------------+------------------+----------------+--------------+
|  clock_IBUF_BUFG |                                                       | gameTop/gameTop_reset                                           |                1 |              3 |         3.00 |
|  clock_IBUF_BUFG |                                                       | gameTop/p_0_in                                                  |                2 |              6 |         3.00 |
|  clock_IBUF_BUFG | gameTop/gameLogic/viewBoxXReg[9]_i_2__0_n_0           | gameTop/gameLogic/viewBoxXReg[9]_i_1_n_0                        |                3 |              7 |         2.33 |
|  clock_IBUF_BUFG | gameTop/graphicEngineVGA/graphicEngineVGA_io_newFrame | gameTop/graphicEngineVGA/graphicEngineVGA_reset                 |                2 |              7 |         3.50 |
|  clock_IBUF_BUFG |                                                       | gameTop/graphicEngineVGA/io_vgaRed_REG[3]_i_1_n_0               |                4 |             12 |         3.00 |
|  clock_IBUF_BUFG | gameTop/graphicEngineVGA/_T_7                         | gameTop/graphicEngineVGA/backMemoryCopyCounter[0]_i_1_n_0       |                3 |             12 |         4.00 |
|  clock_IBUF_BUFG | gameTop/graphicEngineVGA/restoreEnabled               | gameTop/graphicEngineVGA/graphicEngineVGA_reset                 |                3 |             12 |         4.00 |
|  clock_IBUF_BUFG | gameTop/graphicEngineVGA/CounterXReg[9]_i_1_n_0       | gameTop/graphicEngineVGA/graphicEngineVGA_reset                 |                5 |             13 |         2.60 |
|  clock_IBUF_BUFG |                                                       | gameTop/gameLogic/FSM_sequential_screenManagerStateReg_reg[0]_0 |                9 |             17 |         1.89 |
|  clock_IBUF_BUFG | gameTop/graphicEngineVGA/CounterYReg[4]_i_1_n_0       | gameTop/graphicEngineVGA/graphicEngineVGA_reset                 |                6 |             18 |         3.00 |
|  clock_IBUF_BUFG |                                                       | gameTop/debounceCounter[0]_i_1_n_0                              |                6 |             21 |         3.50 |
|  clock_IBUF_BUFG |                                                       | gameTop/graphicEngineVGA/frameClockCount[0]_i_1_n_0             |                6 |             21 |         3.50 |
|  clock_IBUF_BUFG | gameTop/gameLogic/screenLoader/E[0]                   | gameTop/gameLogic/screenLoader/address[10]_i_1_n_0              |               13 |             22 |         1.69 |
|  clock_IBUF_BUFG | gameTop/graphicEngineVGA/graphicEngineVGA_reset       | gameTop/gameTop_reset                                           |                6 |             22 |         3.67 |
|  clock_IBUF_BUFG |                                                       | gameTop/graphicEngineVGA/graphicEngineVGA_reset                 |               14 |             25 |         1.79 |
|  clock_IBUF_BUFG |                                                       |                                                                 |               36 |             89 |         2.47 |
+------------------+-------------------------------------------------------+-----------------------------------------------------------------+------------------+----------------+--------------+


