
*** Running vivado
    with args -log Top.vds -m64 -product Vivado -mode batch -messageDb vivado.pb -notrace -source Top.tcl


****** Vivado v2025.1 (64-bit)
  **** SW Build 6140274 on Wed May 21 22:58:25 MDT 2025
  **** IP Build 6138677 on Thu May 22 03:10:11 MDT 2025
  **** SharedData Build 6139179 on Tue May 20 17:58:58 MDT 2025
  **** Start of session at: Mon Jun 22 10:57:41 2026
    ** Copyright 1986-2022 Xilinx, Inc. All Rights Reserved.
    ** Copyright 2022-2025 Advanced Micro Devices, Inc. All Rights Reserved.

source Top.tcl -notrace
Command: synth_design -top Top -part xc7a35tcpg236-1
Starting synth_design
Attempting to get a license for feature 'Synthesis' and/or device 'xc7a35t'
INFO: [Common 17-349] Got license for feature 'Synthesis' and/or device 'xc7a35t'
INFO: [Device 21-403] Loading part xc7a35tcpg236-1
INFO: [Synth 8-7079] Multithreading enabled for synth_design using a maximum of 7 processes.
INFO: [Synth 8-7078] Launching helper process for spawning children vivado processes
INFO: [Synth 8-7075] Helper process launched with PID 3085
---------------------------------------------------------------------------------
Starting RTL Elaboration : Time (s): cpu = 00:00:04 ; elapsed = 00:00:04 . Memory (MB): peak = 2116.383 ; gain = 228.973 ; free physical = 1659 ; free virtual = 6023
---------------------------------------------------------------------------------
INFO: [Synth 8-6157] synthesizing module 'Top' [/home/halfdan/Universitet/02113 Digital Systems Design Project/basys3-racing-game/Top.v:8630]
INFO: [Synth 8-6157] synthesizing module 'GameTop' [/home/halfdan/Universitet/02113 Digital Systems Design Project/basys3-racing-game/Top.v:8207]
INFO: [Synth 8-6157] synthesizing module 'GraphicEngineVGA' [/home/halfdan/Universitet/02113 Digital Systems Design Project/basys3-racing-game/Top.v:2202]
INFO: [Synth 8-6157] synthesizing module 'Memory' [/home/halfdan/Universitet/02113 Digital Systems Design Project/basys3-racing-game/Top.v:1]
INFO: [Synth 8-6157] synthesizing module 'RamInitSpWf' [/home/halfdan/Universitet/02113 Digital Systems Design Project/basys3-racing-game/RamInitSpWf.v:11]
	Parameter ADDR_WIDTH bound to: 10 - type: integer 
	Parameter DATA_WIDTH bound to: 7 - type: integer 
	Parameter LOAD_FILE bound to: memory_init/backtile_init_0.mem - type: string 
INFO: [Synth 8-3876] $readmem data file 'memory_init/backtile_init_0.mem' is read successfully [/home/halfdan/Universitet/02113 Digital Systems Design Project/basys3-racing-game/RamInitSpWf.v:34]
INFO: [Synth 8-6155] done synthesizing module 'RamInitSpWf' (0#1) [/home/halfdan/Universitet/02113 Digital Systems Design Project/basys3-racing-game/RamInitSpWf.v:11]
INFO: [Synth 8-6155] done synthesizing module 'Memory' (0#1) [/home/halfdan/Universitet/02113 Digital Systems Design Project/basys3-racing-game/Top.v:1]
INFO: [Synth 8-6157] synthesizing module 'Memory_1' [/home/halfdan/Universitet/02113 Digital Systems Design Project/basys3-racing-game/Top.v:27]
INFO: [Synth 8-6157] synthesizing module 'RamInitSpWf__parameterized0' [/home/halfdan/Universitet/02113 Digital Systems Design Project/basys3-racing-game/RamInitSpWf.v:11]
	Parameter ADDR_WIDTH bound to: 10 - type: integer 
	Parameter DATA_WIDTH bound to: 7 - type: integer 
	Parameter LOAD_FILE bound to: memory_init/backtile_init_1.mem - type: string 
INFO: [Synth 8-3876] $readmem data file 'memory_init/backtile_init_1.mem' is read successfully [/home/halfdan/Universitet/02113 Digital Systems Design Project/basys3-racing-game/RamInitSpWf.v:34]
INFO: [Synth 8-6155] done synthesizing module 'RamInitSpWf__parameterized0' (0#1) [/home/halfdan/Universitet/02113 Digital Systems Design Project/basys3-racing-game/RamInitSpWf.v:11]
INFO: [Synth 8-6155] done synthesizing module 'Memory_1' (0#1) [/home/halfdan/Universitet/02113 Digital Systems Design Project/basys3-racing-game/Top.v:27]
INFO: [Synth 8-6157] synthesizing module 'Memory_2' [/home/halfdan/Universitet/02113 Digital Systems Design Project/basys3-racing-game/Top.v:53]
INFO: [Synth 8-6157] synthesizing module 'RamInitSpWf__parameterized1' [/home/halfdan/Universitet/02113 Digital Systems Design Project/basys3-racing-game/RamInitSpWf.v:11]
	Parameter ADDR_WIDTH bound to: 10 - type: integer 
	Parameter DATA_WIDTH bound to: 7 - type: integer 
	Parameter LOAD_FILE bound to: memory_init/backtile_init_2.mem - type: string 
INFO: [Synth 8-3876] $readmem data file 'memory_init/backtile_init_2.mem' is read successfully [/home/halfdan/Universitet/02113 Digital Systems Design Project/basys3-racing-game/RamInitSpWf.v:34]
INFO: [Synth 8-6155] done synthesizing module 'RamInitSpWf__parameterized1' (0#1) [/home/halfdan/Universitet/02113 Digital Systems Design Project/basys3-racing-game/RamInitSpWf.v:11]
INFO: [Synth 8-6155] done synthesizing module 'Memory_2' (0#1) [/home/halfdan/Universitet/02113 Digital Systems Design Project/basys3-racing-game/Top.v:53]
INFO: [Synth 8-6157] synthesizing module 'Memory_3' [/home/halfdan/Universitet/02113 Digital Systems Design Project/basys3-racing-game/Top.v:79]
INFO: [Synth 8-6157] synthesizing module 'RamInitSpWf__parameterized2' [/home/halfdan/Universitet/02113 Digital Systems Design Project/basys3-racing-game/RamInitSpWf.v:11]
	Parameter ADDR_WIDTH bound to: 10 - type: integer 
	Parameter DATA_WIDTH bound to: 7 - type: integer 
	Parameter LOAD_FILE bound to: memory_init/backtile_init_3.mem - type: string 
INFO: [Synth 8-3876] $readmem data file 'memory_init/backtile_init_3.mem' is read successfully [/home/halfdan/Universitet/02113 Digital Systems Design Project/basys3-racing-game/RamInitSpWf.v:34]
INFO: [Synth 8-6155] done synthesizing module 'RamInitSpWf__parameterized2' (0#1) [/home/halfdan/Universitet/02113 Digital Systems Design Project/basys3-racing-game/RamInitSpWf.v:11]
INFO: [Synth 8-6155] done synthesizing module 'Memory_3' (0#1) [/home/halfdan/Universitet/02113 Digital Systems Design Project/basys3-racing-game/Top.v:79]
INFO: [Synth 8-6157] synthesizing module 'Memory_4' [/home/halfdan/Universitet/02113 Digital Systems Design Project/basys3-racing-game/Top.v:105]
INFO: [Synth 8-6157] synthesizing module 'RamInitSpWf__parameterized3' [/home/halfdan/Universitet/02113 Digital Systems Design Project/basys3-racing-game/RamInitSpWf.v:11]
	Parameter ADDR_WIDTH bound to: 10 - type: integer 
	Parameter DATA_WIDTH bound to: 7 - type: integer 
	Parameter LOAD_FILE bound to: memory_init/backtile_init_4.mem - type: string 
INFO: [Synth 8-3876] $readmem data file 'memory_init/backtile_init_4.mem' is read successfully [/home/halfdan/Universitet/02113 Digital Systems Design Project/basys3-racing-game/RamInitSpWf.v:34]
INFO: [Synth 8-6155] done synthesizing module 'RamInitSpWf__parameterized3' (0#1) [/home/halfdan/Universitet/02113 Digital Systems Design Project/basys3-racing-game/RamInitSpWf.v:11]
INFO: [Synth 8-6155] done synthesizing module 'Memory_4' (0#1) [/home/halfdan/Universitet/02113 Digital Systems Design Project/basys3-racing-game/Top.v:105]
INFO: [Synth 8-6157] synthesizing module 'Memory_5' [/home/halfdan/Universitet/02113 Digital Systems Design Project/basys3-racing-game/Top.v:131]
INFO: [Synth 8-6157] synthesizing module 'RamInitSpWf__parameterized4' [/home/halfdan/Universitet/02113 Digital Systems Design Project/basys3-racing-game/RamInitSpWf.v:11]
	Parameter ADDR_WIDTH bound to: 10 - type: integer 
	Parameter DATA_WIDTH bound to: 7 - type: integer 
	Parameter LOAD_FILE bound to: memory_init/backtile_init_5.mem - type: string 
INFO: [Synth 8-3876] $readmem data file 'memory_init/backtile_init_5.mem' is read successfully [/home/halfdan/Universitet/02113 Digital Systems Design Project/basys3-racing-game/RamInitSpWf.v:34]
INFO: [Synth 8-6155] done synthesizing module 'RamInitSpWf__parameterized4' (0#1) [/home/halfdan/Universitet/02113 Digital Systems Design Project/basys3-racing-game/RamInitSpWf.v:11]
INFO: [Synth 8-6155] done synthesizing module 'Memory_5' (0#1) [/home/halfdan/Universitet/02113 Digital Systems Design Project/basys3-racing-game/Top.v:131]
INFO: [Synth 8-6157] synthesizing module 'Memory_6' [/home/halfdan/Universitet/02113 Digital Systems Design Project/basys3-racing-game/Top.v:157]
INFO: [Synth 8-6157] synthesizing module 'RamInitSpWf__parameterized5' [/home/halfdan/Universitet/02113 Digital Systems Design Project/basys3-racing-game/RamInitSpWf.v:11]
	Parameter ADDR_WIDTH bound to: 10 - type: integer 
	Parameter DATA_WIDTH bound to: 7 - type: integer 
	Parameter LOAD_FILE bound to: memory_init/backtile_init_6.mem - type: string 
INFO: [Synth 8-3876] $readmem data file 'memory_init/backtile_init_6.mem' is read successfully [/home/halfdan/Universitet/02113 Digital Systems Design Project/basys3-racing-game/RamInitSpWf.v:34]
INFO: [Synth 8-6155] done synthesizing module 'RamInitSpWf__parameterized5' (0#1) [/home/halfdan/Universitet/02113 Digital Systems Design Project/basys3-racing-game/RamInitSpWf.v:11]
INFO: [Synth 8-6155] done synthesizing module 'Memory_6' (0#1) [/home/halfdan/Universitet/02113 Digital Systems Design Project/basys3-racing-game/Top.v:157]
INFO: [Synth 8-6157] synthesizing module 'Memory_7' [/home/halfdan/Universitet/02113 Digital Systems Design Project/basys3-racing-game/Top.v:183]
INFO: [Synth 8-6157] synthesizing module 'RamInitSpWf__parameterized6' [/home/halfdan/Universitet/02113 Digital Systems Design Project/basys3-racing-game/RamInitSpWf.v:11]
	Parameter ADDR_WIDTH bound to: 10 - type: integer 
	Parameter DATA_WIDTH bound to: 7 - type: integer 
	Parameter LOAD_FILE bound to: memory_init/backtile_init_7.mem - type: string 
INFO: [Synth 8-3876] $readmem data file 'memory_init/backtile_init_7.mem' is read successfully [/home/halfdan/Universitet/02113 Digital Systems Design Project/basys3-racing-game/RamInitSpWf.v:34]
INFO: [Synth 8-6155] done synthesizing module 'RamInitSpWf__parameterized6' (0#1) [/home/halfdan/Universitet/02113 Digital Systems Design Project/basys3-racing-game/RamInitSpWf.v:11]
INFO: [Synth 8-6155] done synthesizing module 'Memory_7' (0#1) [/home/halfdan/Universitet/02113 Digital Systems Design Project/basys3-racing-game/Top.v:183]
INFO: [Synth 8-6157] synthesizing module 'Memory_8' [/home/halfdan/Universitet/02113 Digital Systems Design Project/basys3-racing-game/Top.v:209]
INFO: [Synth 8-6157] synthesizing module 'RamInitSpWf__parameterized7' [/home/halfdan/Universitet/02113 Digital Systems Design Project/basys3-racing-game/RamInitSpWf.v:11]
	Parameter ADDR_WIDTH bound to: 10 - type: integer 
	Parameter DATA_WIDTH bound to: 7 - type: integer 
	Parameter LOAD_FILE bound to: memory_init/backtile_init_8.mem - type: string 
INFO: [Synth 8-3876] $readmem data file 'memory_init/backtile_init_8.mem' is read successfully [/home/halfdan/Universitet/02113 Digital Systems Design Project/basys3-racing-game/RamInitSpWf.v:34]
INFO: [Synth 8-6155] done synthesizing module 'RamInitSpWf__parameterized7' (0#1) [/home/halfdan/Universitet/02113 Digital Systems Design Project/basys3-racing-game/RamInitSpWf.v:11]
INFO: [Synth 8-6155] done synthesizing module 'Memory_8' (0#1) [/home/halfdan/Universitet/02113 Digital Systems Design Project/basys3-racing-game/Top.v:209]
INFO: [Synth 8-6157] synthesizing module 'Memory_9' [/home/halfdan/Universitet/02113 Digital Systems Design Project/basys3-racing-game/Top.v:235]
INFO: [Synth 8-6157] synthesizing module 'RamInitSpWf__parameterized8' [/home/halfdan/Universitet/02113 Digital Systems Design Project/basys3-racing-game/RamInitSpWf.v:11]
	Parameter ADDR_WIDTH bound to: 10 - type: integer 
	Parameter DATA_WIDTH bound to: 7 - type: integer 
	Parameter LOAD_FILE bound to: memory_init/backtile_init_9.mem - type: string 
INFO: [Synth 8-3876] $readmem data file 'memory_init/backtile_init_9.mem' is read successfully [/home/halfdan/Universitet/02113 Digital Systems Design Project/basys3-racing-game/RamInitSpWf.v:34]
INFO: [Synth 8-6155] done synthesizing module 'RamInitSpWf__parameterized8' (0#1) [/home/halfdan/Universitet/02113 Digital Systems Design Project/basys3-racing-game/RamInitSpWf.v:11]
INFO: [Synth 8-6155] done synthesizing module 'Memory_9' (0#1) [/home/halfdan/Universitet/02113 Digital Systems Design Project/basys3-racing-game/Top.v:235]
INFO: [Synth 8-6157] synthesizing module 'Memory_10' [/home/halfdan/Universitet/02113 Digital Systems Design Project/basys3-racing-game/Top.v:261]
INFO: [Synth 8-6157] synthesizing module 'RamInitSpWf__parameterized9' [/home/halfdan/Universitet/02113 Digital Systems Design Project/basys3-racing-game/RamInitSpWf.v:11]
	Parameter ADDR_WIDTH bound to: 10 - type: integer 
	Parameter DATA_WIDTH bound to: 7 - type: integer 
	Parameter LOAD_FILE bound to: memory_init/backtile_init_10.mem - type: string 
INFO: [Synth 8-3876] $readmem data file 'memory_init/backtile_init_10.mem' is read successfully [/home/halfdan/Universitet/02113 Digital Systems Design Project/basys3-racing-game/RamInitSpWf.v:34]
INFO: [Synth 8-6155] done synthesizing module 'RamInitSpWf__parameterized9' (0#1) [/home/halfdan/Universitet/02113 Digital Systems Design Project/basys3-racing-game/RamInitSpWf.v:11]
INFO: [Synth 8-6155] done synthesizing module 'Memory_10' (0#1) [/home/halfdan/Universitet/02113 Digital Systems Design Project/basys3-racing-game/Top.v:261]
INFO: [Synth 8-6157] synthesizing module 'Memory_11' [/home/halfdan/Universitet/02113 Digital Systems Design Project/basys3-racing-game/Top.v:287]
INFO: [Synth 8-6157] synthesizing module 'RamInitSpWf__parameterized10' [/home/halfdan/Universitet/02113 Digital Systems Design Project/basys3-racing-game/RamInitSpWf.v:11]
	Parameter ADDR_WIDTH bound to: 10 - type: integer 
	Parameter DATA_WIDTH bound to: 7 - type: integer 
	Parameter LOAD_FILE bound to: memory_init/backtile_init_11.mem - type: string 
INFO: [Synth 8-3876] $readmem data file 'memory_init/backtile_init_11.mem' is read successfully [/home/halfdan/Universitet/02113 Digital Systems Design Project/basys3-racing-game/RamInitSpWf.v:34]
INFO: [Synth 8-6155] done synthesizing module 'RamInitSpWf__parameterized10' (0#1) [/home/halfdan/Universitet/02113 Digital Systems Design Project/basys3-racing-game/RamInitSpWf.v:11]
INFO: [Synth 8-6155] done synthesizing module 'Memory_11' (0#1) [/home/halfdan/Universitet/02113 Digital Systems Design Project/basys3-racing-game/Top.v:287]
INFO: [Synth 8-6157] synthesizing module 'Memory_12' [/home/halfdan/Universitet/02113 Digital Systems Design Project/basys3-racing-game/Top.v:313]
INFO: [Synth 8-6157] synthesizing module 'RamInitSpWf__parameterized11' [/home/halfdan/Universitet/02113 Digital Systems Design Project/basys3-racing-game/RamInitSpWf.v:11]
	Parameter ADDR_WIDTH bound to: 10 - type: integer 
	Parameter DATA_WIDTH bound to: 7 - type: integer 
	Parameter LOAD_FILE bound to: memory_init/backtile_init_12.mem - type: string 
INFO: [Synth 8-3876] $readmem data file 'memory_init/backtile_init_12.mem' is read successfully [/home/halfdan/Universitet/02113 Digital Systems Design Project/basys3-racing-game/RamInitSpWf.v:34]
INFO: [Synth 8-6155] done synthesizing module 'RamInitSpWf__parameterized11' (0#1) [/home/halfdan/Universitet/02113 Digital Systems Design Project/basys3-racing-game/RamInitSpWf.v:11]
INFO: [Synth 8-6155] done synthesizing module 'Memory_12' (0#1) [/home/halfdan/Universitet/02113 Digital Systems Design Project/basys3-racing-game/Top.v:313]
INFO: [Synth 8-6157] synthesizing module 'Memory_13' [/home/halfdan/Universitet/02113 Digital Systems Design Project/basys3-racing-game/Top.v:339]
INFO: [Synth 8-6157] synthesizing module 'RamInitSpWf__parameterized12' [/home/halfdan/Universitet/02113 Digital Systems Design Project/basys3-racing-game/RamInitSpWf.v:11]
	Parameter ADDR_WIDTH bound to: 10 - type: integer 
	Parameter DATA_WIDTH bound to: 7 - type: integer 
	Parameter LOAD_FILE bound to: memory_init/backtile_init_13.mem - type: string 
INFO: [Synth 8-3876] $readmem data file 'memory_init/backtile_init_13.mem' is read successfully [/home/halfdan/Universitet/02113 Digital Systems Design Project/basys3-racing-game/RamInitSpWf.v:34]
INFO: [Synth 8-6155] done synthesizing module 'RamInitSpWf__parameterized12' (0#1) [/home/halfdan/Universitet/02113 Digital Systems Design Project/basys3-racing-game/RamInitSpWf.v:11]
INFO: [Synth 8-6155] done synthesizing module 'Memory_13' (0#1) [/home/halfdan/Universitet/02113 Digital Systems Design Project/basys3-racing-game/Top.v:339]
INFO: [Synth 8-6157] synthesizing module 'Memory_14' [/home/halfdan/Universitet/02113 Digital Systems Design Project/basys3-racing-game/Top.v:365]
INFO: [Synth 8-6157] synthesizing module 'RamInitSpWf__parameterized13' [/home/halfdan/Universitet/02113 Digital Systems Design Project/basys3-racing-game/RamInitSpWf.v:11]
	Parameter ADDR_WIDTH bound to: 10 - type: integer 
	Parameter DATA_WIDTH bound to: 7 - type: integer 
	Parameter LOAD_FILE bound to: memory_init/backtile_init_14.mem - type: string 
INFO: [Synth 8-3876] $readmem data file 'memory_init/backtile_init_14.mem' is read successfully [/home/halfdan/Universitet/02113 Digital Systems Design Project/basys3-racing-game/RamInitSpWf.v:34]
INFO: [Synth 8-6155] done synthesizing module 'RamInitSpWf__parameterized13' (0#1) [/home/halfdan/Universitet/02113 Digital Systems Design Project/basys3-racing-game/RamInitSpWf.v:11]
INFO: [Synth 8-6155] done synthesizing module 'Memory_14' (0#1) [/home/halfdan/Universitet/02113 Digital Systems Design Project/basys3-racing-game/Top.v:365]
INFO: [Synth 8-6157] synthesizing module 'Memory_15' [/home/halfdan/Universitet/02113 Digital Systems Design Project/basys3-racing-game/Top.v:391]
INFO: [Synth 8-6157] synthesizing module 'RamInitSpWf__parameterized14' [/home/halfdan/Universitet/02113 Digital Systems Design Project/basys3-racing-game/RamInitSpWf.v:11]
	Parameter ADDR_WIDTH bound to: 10 - type: integer 
	Parameter DATA_WIDTH bound to: 7 - type: integer 
	Parameter LOAD_FILE bound to: memory_init/backtile_init_15.mem - type: string 
INFO: [Synth 8-3876] $readmem data file 'memory_init/backtile_init_15.mem' is read successfully [/home/halfdan/Universitet/02113 Digital Systems Design Project/basys3-racing-game/RamInitSpWf.v:34]
INFO: [Synth 8-6155] done synthesizing module 'RamInitSpWf__parameterized14' (0#1) [/home/halfdan/Universitet/02113 Digital Systems Design Project/basys3-racing-game/RamInitSpWf.v:11]
INFO: [Synth 8-6155] done synthesizing module 'Memory_15' (0#1) [/home/halfdan/Universitet/02113 Digital Systems Design Project/basys3-racing-game/Top.v:391]
INFO: [Synth 8-6157] synthesizing module 'Memory_16' [/home/halfdan/Universitet/02113 Digital Systems Design Project/basys3-racing-game/Top.v:417]
INFO: [Synth 8-6157] synthesizing module 'RamInitSpWf__parameterized15' [/home/halfdan/Universitet/02113 Digital Systems Design Project/basys3-racing-game/RamInitSpWf.v:11]
	Parameter ADDR_WIDTH bound to: 10 - type: integer 
	Parameter DATA_WIDTH bound to: 7 - type: integer 
	Parameter LOAD_FILE bound to: memory_init/backtile_init_16.mem - type: string 
INFO: [Synth 8-3876] $readmem data file 'memory_init/backtile_init_16.mem' is read successfully [/home/halfdan/Universitet/02113 Digital Systems Design Project/basys3-racing-game/RamInitSpWf.v:34]
INFO: [Synth 8-6155] done synthesizing module 'RamInitSpWf__parameterized15' (0#1) [/home/halfdan/Universitet/02113 Digital Systems Design Project/basys3-racing-game/RamInitSpWf.v:11]
INFO: [Synth 8-6155] done synthesizing module 'Memory_16' (0#1) [/home/halfdan/Universitet/02113 Digital Systems Design Project/basys3-racing-game/Top.v:417]
INFO: [Synth 8-6157] synthesizing module 'Memory_17' [/home/halfdan/Universitet/02113 Digital Systems Design Project/basys3-racing-game/Top.v:443]
INFO: [Synth 8-6157] synthesizing module 'RamInitSpWf__parameterized16' [/home/halfdan/Universitet/02113 Digital Systems Design Project/basys3-racing-game/RamInitSpWf.v:11]
	Parameter ADDR_WIDTH bound to: 10 - type: integer 
	Parameter DATA_WIDTH bound to: 7 - type: integer 
	Parameter LOAD_FILE bound to: memory_init/backtile_init_17.mem - type: string 
INFO: [Synth 8-3876] $readmem data file 'memory_init/backtile_init_17.mem' is read successfully [/home/halfdan/Universitet/02113 Digital Systems Design Project/basys3-racing-game/RamInitSpWf.v:34]
INFO: [Synth 8-6155] done synthesizing module 'RamInitSpWf__parameterized16' (0#1) [/home/halfdan/Universitet/02113 Digital Systems Design Project/basys3-racing-game/RamInitSpWf.v:11]
INFO: [Synth 8-6155] done synthesizing module 'Memory_17' (0#1) [/home/halfdan/Universitet/02113 Digital Systems Design Project/basys3-racing-game/Top.v:443]
INFO: [Synth 8-6157] synthesizing module 'Memory_18' [/home/halfdan/Universitet/02113 Digital Systems Design Project/basys3-racing-game/Top.v:469]
INFO: [Synth 8-6157] synthesizing module 'RamInitSpWf__parameterized17' [/home/halfdan/Universitet/02113 Digital Systems Design Project/basys3-racing-game/RamInitSpWf.v:11]
	Parameter ADDR_WIDTH bound to: 10 - type: integer 
	Parameter DATA_WIDTH bound to: 7 - type: integer 
	Parameter LOAD_FILE bound to: memory_init/backtile_init_18.mem - type: string 
INFO: [Synth 8-3876] $readmem data file 'memory_init/backtile_init_18.mem' is read successfully [/home/halfdan/Universitet/02113 Digital Systems Design Project/basys3-racing-game/RamInitSpWf.v:34]
INFO: [Synth 8-6155] done synthesizing module 'RamInitSpWf__parameterized17' (0#1) [/home/halfdan/Universitet/02113 Digital Systems Design Project/basys3-racing-game/RamInitSpWf.v:11]
INFO: [Synth 8-6155] done synthesizing module 'Memory_18' (0#1) [/home/halfdan/Universitet/02113 Digital Systems Design Project/basys3-racing-game/Top.v:469]
INFO: [Synth 8-6157] synthesizing module 'Memory_19' [/home/halfdan/Universitet/02113 Digital Systems Design Project/basys3-racing-game/Top.v:495]
INFO: [Synth 8-6157] synthesizing module 'RamInitSpWf__parameterized18' [/home/halfdan/Universitet/02113 Digital Systems Design Project/basys3-racing-game/RamInitSpWf.v:11]
	Parameter ADDR_WIDTH bound to: 10 - type: integer 
	Parameter DATA_WIDTH bound to: 7 - type: integer 
	Parameter LOAD_FILE bound to: memory_init/backtile_init_19.mem - type: string 
INFO: [Synth 8-3876] $readmem data file 'memory_init/backtile_init_19.mem' is read successfully [/home/halfdan/Universitet/02113 Digital Systems Design Project/basys3-racing-game/RamInitSpWf.v:34]
INFO: [Synth 8-6155] done synthesizing module 'RamInitSpWf__parameterized18' (0#1) [/home/halfdan/Universitet/02113 Digital Systems Design Project/basys3-racing-game/RamInitSpWf.v:11]
INFO: [Synth 8-6155] done synthesizing module 'Memory_19' (0#1) [/home/halfdan/Universitet/02113 Digital Systems Design Project/basys3-racing-game/Top.v:495]
INFO: [Synth 8-6157] synthesizing module 'Memory_20' [/home/halfdan/Universitet/02113 Digital Systems Design Project/basys3-racing-game/Top.v:521]
INFO: [Synth 8-6157] synthesizing module 'RamInitSpWf__parameterized19' [/home/halfdan/Universitet/02113 Digital Systems Design Project/basys3-racing-game/RamInitSpWf.v:11]
	Parameter ADDR_WIDTH bound to: 10 - type: integer 
	Parameter DATA_WIDTH bound to: 7 - type: integer 
	Parameter LOAD_FILE bound to: memory_init/backtile_init_20.mem - type: string 
INFO: [Synth 8-3876] $readmem data file 'memory_init/backtile_init_20.mem' is read successfully [/home/halfdan/Universitet/02113 Digital Systems Design Project/basys3-racing-game/RamInitSpWf.v:34]
INFO: [Synth 8-6155] done synthesizing module 'RamInitSpWf__parameterized19' (0#1) [/home/halfdan/Universitet/02113 Digital Systems Design Project/basys3-racing-game/RamInitSpWf.v:11]
INFO: [Synth 8-6155] done synthesizing module 'Memory_20' (0#1) [/home/halfdan/Universitet/02113 Digital Systems Design Project/basys3-racing-game/Top.v:521]
INFO: [Synth 8-6157] synthesizing module 'Memory_21' [/home/halfdan/Universitet/02113 Digital Systems Design Project/basys3-racing-game/Top.v:547]
INFO: [Synth 8-6157] synthesizing module 'RamInitSpWf__parameterized20' [/home/halfdan/Universitet/02113 Digital Systems Design Project/basys3-racing-game/RamInitSpWf.v:11]
	Parameter ADDR_WIDTH bound to: 10 - type: integer 
	Parameter DATA_WIDTH bound to: 7 - type: integer 
	Parameter LOAD_FILE bound to: memory_init/backtile_init_21.mem - type: string 
INFO: [Synth 8-3876] $readmem data file 'memory_init/backtile_init_21.mem' is read successfully [/home/halfdan/Universitet/02113 Digital Systems Design Project/basys3-racing-game/RamInitSpWf.v:34]
INFO: [Synth 8-6155] done synthesizing module 'RamInitSpWf__parameterized20' (0#1) [/home/halfdan/Universitet/02113 Digital Systems Design Project/basys3-racing-game/RamInitSpWf.v:11]
INFO: [Synth 8-6155] done synthesizing module 'Memory_21' (0#1) [/home/halfdan/Universitet/02113 Digital Systems Design Project/basys3-racing-game/Top.v:547]
INFO: [Synth 8-6157] synthesizing module 'Memory_22' [/home/halfdan/Universitet/02113 Digital Systems Design Project/basys3-racing-game/Top.v:573]
INFO: [Synth 8-6157] synthesizing module 'RamInitSpWf__parameterized21' [/home/halfdan/Universitet/02113 Digital Systems Design Project/basys3-racing-game/RamInitSpWf.v:11]
	Parameter ADDR_WIDTH bound to: 10 - type: integer 
	Parameter DATA_WIDTH bound to: 7 - type: integer 
	Parameter LOAD_FILE bound to: memory_init/backtile_init_22.mem - type: string 
INFO: [Synth 8-3876] $readmem data file 'memory_init/backtile_init_22.mem' is read successfully [/home/halfdan/Universitet/02113 Digital Systems Design Project/basys3-racing-game/RamInitSpWf.v:34]
INFO: [Synth 8-6155] done synthesizing module 'RamInitSpWf__parameterized21' (0#1) [/home/halfdan/Universitet/02113 Digital Systems Design Project/basys3-racing-game/RamInitSpWf.v:11]
INFO: [Synth 8-6155] done synthesizing module 'Memory_22' (0#1) [/home/halfdan/Universitet/02113 Digital Systems Design Project/basys3-racing-game/Top.v:573]
INFO: [Synth 8-6157] synthesizing module 'Memory_23' [/home/halfdan/Universitet/02113 Digital Systems Design Project/basys3-racing-game/Top.v:599]
INFO: [Synth 8-6157] synthesizing module 'RamInitSpWf__parameterized22' [/home/halfdan/Universitet/02113 Digital Systems Design Project/basys3-racing-game/RamInitSpWf.v:11]
	Parameter ADDR_WIDTH bound to: 10 - type: integer 
	Parameter DATA_WIDTH bound to: 7 - type: integer 
	Parameter LOAD_FILE bound to: memory_init/backtile_init_23.mem - type: string 
INFO: [Synth 8-3876] $readmem data file 'memory_init/backtile_init_23.mem' is read successfully [/home/halfdan/Universitet/02113 Digital Systems Design Project/basys3-racing-game/RamInitSpWf.v:34]
INFO: [Synth 8-6155] done synthesizing module 'RamInitSpWf__parameterized22' (0#1) [/home/halfdan/Universitet/02113 Digital Systems Design Project/basys3-racing-game/RamInitSpWf.v:11]
INFO: [Synth 8-6155] done synthesizing module 'Memory_23' (0#1) [/home/halfdan/Universitet/02113 Digital Systems Design Project/basys3-racing-game/Top.v:599]
INFO: [Synth 8-6157] synthesizing module 'Memory_24' [/home/halfdan/Universitet/02113 Digital Systems Design Project/basys3-racing-game/Top.v:625]
INFO: [Synth 8-6157] synthesizing module 'RamInitSpWf__parameterized23' [/home/halfdan/Universitet/02113 Digital Systems Design Project/basys3-racing-game/RamInitSpWf.v:11]
	Parameter ADDR_WIDTH bound to: 10 - type: integer 
	Parameter DATA_WIDTH bound to: 7 - type: integer 
	Parameter LOAD_FILE bound to: memory_init/backtile_init_24.mem - type: string 
INFO: [Synth 8-3876] $readmem data file 'memory_init/backtile_init_24.mem' is read successfully [/home/halfdan/Universitet/02113 Digital Systems Design Project/basys3-racing-game/RamInitSpWf.v:34]
INFO: [Synth 8-6155] done synthesizing module 'RamInitSpWf__parameterized23' (0#1) [/home/halfdan/Universitet/02113 Digital Systems Design Project/basys3-racing-game/RamInitSpWf.v:11]
INFO: [Synth 8-6155] done synthesizing module 'Memory_24' (0#1) [/home/halfdan/Universitet/02113 Digital Systems Design Project/basys3-racing-game/Top.v:625]
INFO: [Synth 8-6157] synthesizing module 'Memory_25' [/home/halfdan/Universitet/02113 Digital Systems Design Project/basys3-racing-game/Top.v:651]
INFO: [Synth 8-6157] synthesizing module 'RamInitSpWf__parameterized24' [/home/halfdan/Universitet/02113 Digital Systems Design Project/basys3-racing-game/RamInitSpWf.v:11]
	Parameter ADDR_WIDTH bound to: 10 - type: integer 
	Parameter DATA_WIDTH bound to: 7 - type: integer 
	Parameter LOAD_FILE bound to: memory_init/backtile_init_25.mem - type: string 
INFO: [Synth 8-3876] $readmem data file 'memory_init/backtile_init_25.mem' is read successfully [/home/halfdan/Universitet/02113 Digital Systems Design Project/basys3-racing-game/RamInitSpWf.v:34]
INFO: [Synth 8-6155] done synthesizing module 'RamInitSpWf__parameterized24' (0#1) [/home/halfdan/Universitet/02113 Digital Systems Design Project/basys3-racing-game/RamInitSpWf.v:11]
INFO: [Synth 8-6155] done synthesizing module 'Memory_25' (0#1) [/home/halfdan/Universitet/02113 Digital Systems Design Project/basys3-racing-game/Top.v:651]
INFO: [Synth 8-6157] synthesizing module 'Memory_26' [/home/halfdan/Universitet/02113 Digital Systems Design Project/basys3-racing-game/Top.v:677]
INFO: [Synth 8-6157] synthesizing module 'RamInitSpWf__parameterized25' [/home/halfdan/Universitet/02113 Digital Systems Design Project/basys3-racing-game/RamInitSpWf.v:11]
	Parameter ADDR_WIDTH bound to: 10 - type: integer 
	Parameter DATA_WIDTH bound to: 7 - type: integer 
	Parameter LOAD_FILE bound to: memory_init/backtile_init_26.mem - type: string 
INFO: [Synth 8-3876] $readmem data file 'memory_init/backtile_init_26.mem' is read successfully [/home/halfdan/Universitet/02113 Digital Systems Design Project/basys3-racing-game/RamInitSpWf.v:34]
INFO: [Synth 8-6155] done synthesizing module 'RamInitSpWf__parameterized25' (0#1) [/home/halfdan/Universitet/02113 Digital Systems Design Project/basys3-racing-game/RamInitSpWf.v:11]
INFO: [Synth 8-6155] done synthesizing module 'Memory_26' (0#1) [/home/halfdan/Universitet/02113 Digital Systems Design Project/basys3-racing-game/Top.v:677]
INFO: [Synth 8-6157] synthesizing module 'Memory_27' [/home/halfdan/Universitet/02113 Digital Systems Design Project/basys3-racing-game/Top.v:703]
INFO: [Synth 8-6157] synthesizing module 'RamInitSpWf__parameterized26' [/home/halfdan/Universitet/02113 Digital Systems Design Project/basys3-racing-game/RamInitSpWf.v:11]
	Parameter ADDR_WIDTH bound to: 10 - type: integer 
	Parameter DATA_WIDTH bound to: 7 - type: integer 
	Parameter LOAD_FILE bound to: memory_init/backtile_init_27.mem - type: string 
INFO: [Synth 8-3876] $readmem data file 'memory_init/backtile_init_27.mem' is read successfully [/home/halfdan/Universitet/02113 Digital Systems Design Project/basys3-racing-game/RamInitSpWf.v:34]
INFO: [Synth 8-6155] done synthesizing module 'RamInitSpWf__parameterized26' (0#1) [/home/halfdan/Universitet/02113 Digital Systems Design Project/basys3-racing-game/RamInitSpWf.v:11]
INFO: [Synth 8-6155] done synthesizing module 'Memory_27' (0#1) [/home/halfdan/Universitet/02113 Digital Systems Design Project/basys3-racing-game/Top.v:703]
INFO: [Synth 8-6157] synthesizing module 'Memory_28' [/home/halfdan/Universitet/02113 Digital Systems Design Project/basys3-racing-game/Top.v:729]
INFO: [Synth 8-6157] synthesizing module 'RamInitSpWf__parameterized27' [/home/halfdan/Universitet/02113 Digital Systems Design Project/basys3-racing-game/RamInitSpWf.v:11]
	Parameter ADDR_WIDTH bound to: 10 - type: integer 
	Parameter DATA_WIDTH bound to: 7 - type: integer 
	Parameter LOAD_FILE bound to: memory_init/backtile_init_28.mem - type: string 
INFO: [Synth 8-3876] $readmem data file 'memory_init/backtile_init_28.mem' is read successfully [/home/halfdan/Universitet/02113 Digital Systems Design Project/basys3-racing-game/RamInitSpWf.v:34]
INFO: [Synth 8-6155] done synthesizing module 'RamInitSpWf__parameterized27' (0#1) [/home/halfdan/Universitet/02113 Digital Systems Design Project/basys3-racing-game/RamInitSpWf.v:11]
INFO: [Synth 8-6155] done synthesizing module 'Memory_28' (0#1) [/home/halfdan/Universitet/02113 Digital Systems Design Project/basys3-racing-game/Top.v:729]
INFO: [Synth 8-6157] synthesizing module 'Memory_29' [/home/halfdan/Universitet/02113 Digital Systems Design Project/basys3-racing-game/Top.v:755]
INFO: [Synth 8-6157] synthesizing module 'RamInitSpWf__parameterized28' [/home/halfdan/Universitet/02113 Digital Systems Design Project/basys3-racing-game/RamInitSpWf.v:11]
	Parameter ADDR_WIDTH bound to: 10 - type: integer 
	Parameter DATA_WIDTH bound to: 7 - type: integer 
	Parameter LOAD_FILE bound to: memory_init/backtile_init_29.mem - type: string 
INFO: [Synth 8-3876] $readmem data file 'memory_init/backtile_init_29.mem' is read successfully [/home/halfdan/Universitet/02113 Digital Systems Design Project/basys3-racing-game/RamInitSpWf.v:34]
INFO: [Synth 8-6155] done synthesizing module 'RamInitSpWf__parameterized28' (0#1) [/home/halfdan/Universitet/02113 Digital Systems Design Project/basys3-racing-game/RamInitSpWf.v:11]
INFO: [Synth 8-6155] done synthesizing module 'Memory_29' (0#1) [/home/halfdan/Universitet/02113 Digital Systems Design Project/basys3-racing-game/Top.v:755]
INFO: [Synth 8-6157] synthesizing module 'Memory_30' [/home/halfdan/Universitet/02113 Digital Systems Design Project/basys3-racing-game/Top.v:781]
INFO: [Synth 8-6157] synthesizing module 'RamInitSpWf__parameterized29' [/home/halfdan/Universitet/02113 Digital Systems Design Project/basys3-racing-game/RamInitSpWf.v:11]
	Parameter ADDR_WIDTH bound to: 10 - type: integer 
	Parameter DATA_WIDTH bound to: 7 - type: integer 
	Parameter LOAD_FILE bound to: memory_init/backtile_init_30.mem - type: string 
INFO: [Synth 8-3876] $readmem data file 'memory_init/backtile_init_30.mem' is read successfully [/home/halfdan/Universitet/02113 Digital Systems Design Project/basys3-racing-game/RamInitSpWf.v:34]
INFO: [Synth 8-6155] done synthesizing module 'RamInitSpWf__parameterized29' (0#1) [/home/halfdan/Universitet/02113 Digital Systems Design Project/basys3-racing-game/RamInitSpWf.v:11]
INFO: [Synth 8-6155] done synthesizing module 'Memory_30' (0#1) [/home/halfdan/Universitet/02113 Digital Systems Design Project/basys3-racing-game/Top.v:781]
INFO: [Synth 8-6157] synthesizing module 'Memory_31' [/home/halfdan/Universitet/02113 Digital Systems Design Project/basys3-racing-game/Top.v:807]
INFO: [Synth 8-6157] synthesizing module 'RamInitSpWf__parameterized30' [/home/halfdan/Universitet/02113 Digital Systems Design Project/basys3-racing-game/RamInitSpWf.v:11]
	Parameter ADDR_WIDTH bound to: 10 - type: integer 
	Parameter DATA_WIDTH bound to: 7 - type: integer 
	Parameter LOAD_FILE bound to: memory_init/backtile_init_31.mem - type: string 
INFO: [Synth 8-3876] $readmem data file 'memory_init/backtile_init_31.mem' is read successfully [/home/halfdan/Universitet/02113 Digital Systems Design Project/basys3-racing-game/RamInitSpWf.v:34]
INFO: [Synth 8-6155] done synthesizing module 'RamInitSpWf__parameterized30' (0#1) [/home/halfdan/Universitet/02113 Digital Systems Design Project/basys3-racing-game/RamInitSpWf.v:11]
INFO: [Synth 8-6155] done synthesizing module 'Memory_31' (0#1) [/home/halfdan/Universitet/02113 Digital Systems Design Project/basys3-racing-game/Top.v:807]
INFO: [Synth 8-6157] synthesizing module 'Memory_32' [/home/halfdan/Universitet/02113 Digital Systems Design Project/basys3-racing-game/Top.v:833]
INFO: [Synth 8-6157] synthesizing module 'RamInitSpWf__parameterized31' [/home/halfdan/Universitet/02113 Digital Systems Design Project/basys3-racing-game/RamInitSpWf.v:11]
	Parameter ADDR_WIDTH bound to: 10 - type: integer 
	Parameter DATA_WIDTH bound to: 7 - type: integer 
	Parameter LOAD_FILE bound to: memory_init/backtile_init_32.mem - type: string 
INFO: [Synth 8-3876] $readmem data file 'memory_init/backtile_init_32.mem' is read successfully [/home/halfdan/Universitet/02113 Digital Systems Design Project/basys3-racing-game/RamInitSpWf.v:34]
INFO: [Synth 8-6155] done synthesizing module 'RamInitSpWf__parameterized31' (0#1) [/home/halfdan/Universitet/02113 Digital Systems Design Project/basys3-racing-game/RamInitSpWf.v:11]
INFO: [Synth 8-6155] done synthesizing module 'Memory_32' (0#1) [/home/halfdan/Universitet/02113 Digital Systems Design Project/basys3-racing-game/Top.v:833]
INFO: [Synth 8-6157] synthesizing module 'Memory_33' [/home/halfdan/Universitet/02113 Digital Systems Design Project/basys3-racing-game/Top.v:859]
INFO: [Synth 8-6157] synthesizing module 'RamInitSpWf__parameterized32' [/home/halfdan/Universitet/02113 Digital Systems Design Project/basys3-racing-game/RamInitSpWf.v:11]
	Parameter ADDR_WIDTH bound to: 10 - type: integer 
	Parameter DATA_WIDTH bound to: 7 - type: integer 
	Parameter LOAD_FILE bound to: memory_init/backtile_init_33.mem - type: string 
INFO: [Synth 8-3876] $readmem data file 'memory_init/backtile_init_33.mem' is read successfully [/home/halfdan/Universitet/02113 Digital Systems Design Project/basys3-racing-game/RamInitSpWf.v:34]
INFO: [Synth 8-6155] done synthesizing module 'RamInitSpWf__parameterized32' (0#1) [/home/halfdan/Universitet/02113 Digital Systems Design Project/basys3-racing-game/RamInitSpWf.v:11]
INFO: [Synth 8-6155] done synthesizing module 'Memory_33' (0#1) [/home/halfdan/Universitet/02113 Digital Systems Design Project/basys3-racing-game/Top.v:859]
INFO: [Synth 8-6157] synthesizing module 'Memory_34' [/home/halfdan/Universitet/02113 Digital Systems Design Project/basys3-racing-game/Top.v:885]
INFO: [Synth 8-6157] synthesizing module 'RamInitSpWf__parameterized33' [/home/halfdan/Universitet/02113 Digital Systems Design Project/basys3-racing-game/RamInitSpWf.v:11]
	Parameter ADDR_WIDTH bound to: 10 - type: integer 
	Parameter DATA_WIDTH bound to: 7 - type: integer 
	Parameter LOAD_FILE bound to: memory_init/backtile_init_34.mem - type: string 
INFO: [Synth 8-3876] $readmem data file 'memory_init/backtile_init_34.mem' is read successfully [/home/halfdan/Universitet/02113 Digital Systems Design Project/basys3-racing-game/RamInitSpWf.v:34]
INFO: [Synth 8-6155] done synthesizing module 'RamInitSpWf__parameterized33' (0#1) [/home/halfdan/Universitet/02113 Digital Systems Design Project/basys3-racing-game/RamInitSpWf.v:11]
INFO: [Synth 8-6155] done synthesizing module 'Memory_34' (0#1) [/home/halfdan/Universitet/02113 Digital Systems Design Project/basys3-racing-game/Top.v:885]
INFO: [Synth 8-6157] synthesizing module 'Memory_35' [/home/halfdan/Universitet/02113 Digital Systems Design Project/basys3-racing-game/Top.v:911]
INFO: [Synth 8-6157] synthesizing module 'RamInitSpWf__parameterized34' [/home/halfdan/Universitet/02113 Digital Systems Design Project/basys3-racing-game/RamInitSpWf.v:11]
	Parameter ADDR_WIDTH bound to: 10 - type: integer 
	Parameter DATA_WIDTH bound to: 7 - type: integer 
	Parameter LOAD_FILE bound to: memory_init/backtile_init_35.mem - type: string 
INFO: [Synth 8-3876] $readmem data file 'memory_init/backtile_init_35.mem' is read successfully [/home/halfdan/Universitet/02113 Digital Systems Design Project/basys3-racing-game/RamInitSpWf.v:34]
INFO: [Synth 8-6155] done synthesizing module 'RamInitSpWf__parameterized34' (0#1) [/home/halfdan/Universitet/02113 Digital Systems Design Project/basys3-racing-game/RamInitSpWf.v:11]
INFO: [Synth 8-6155] done synthesizing module 'Memory_35' (0#1) [/home/halfdan/Universitet/02113 Digital Systems Design Project/basys3-racing-game/Top.v:911]
INFO: [Synth 8-6157] synthesizing module 'Memory_36' [/home/halfdan/Universitet/02113 Digital Systems Design Project/basys3-racing-game/Top.v:937]
INFO: [Synth 8-6157] synthesizing module 'RamInitSpWf__parameterized35' [/home/halfdan/Universitet/02113 Digital Systems Design Project/basys3-racing-game/RamInitSpWf.v:11]
	Parameter ADDR_WIDTH bound to: 10 - type: integer 
	Parameter DATA_WIDTH bound to: 7 - type: integer 
	Parameter LOAD_FILE bound to: memory_init/backtile_init_36.mem - type: string 
INFO: [Synth 8-3876] $readmem data file 'memory_init/backtile_init_36.mem' is read successfully [/home/halfdan/Universitet/02113 Digital Systems Design Project/basys3-racing-game/RamInitSpWf.v:34]
INFO: [Synth 8-6155] done synthesizing module 'RamInitSpWf__parameterized35' (0#1) [/home/halfdan/Universitet/02113 Digital Systems Design Project/basys3-racing-game/RamInitSpWf.v:11]
INFO: [Synth 8-6155] done synthesizing module 'Memory_36' (0#1) [/home/halfdan/Universitet/02113 Digital Systems Design Project/basys3-racing-game/Top.v:937]
INFO: [Synth 8-6157] synthesizing module 'Memory_37' [/home/halfdan/Universitet/02113 Digital Systems Design Project/basys3-racing-game/Top.v:963]
INFO: [Synth 8-6157] synthesizing module 'RamInitSpWf__parameterized36' [/home/halfdan/Universitet/02113 Digital Systems Design Project/basys3-racing-game/RamInitSpWf.v:11]
	Parameter ADDR_WIDTH bound to: 10 - type: integer 
	Parameter DATA_WIDTH bound to: 7 - type: integer 
	Parameter LOAD_FILE bound to: memory_init/backtile_init_37.mem - type: string 
INFO: [Synth 8-3876] $readmem data file 'memory_init/backtile_init_37.mem' is read successfully [/home/halfdan/Universitet/02113 Digital Systems Design Project/basys3-racing-game/RamInitSpWf.v:34]
INFO: [Synth 8-6155] done synthesizing module 'RamInitSpWf__parameterized36' (0#1) [/home/halfdan/Universitet/02113 Digital Systems Design Project/basys3-racing-game/RamInitSpWf.v:11]
INFO: [Synth 8-6155] done synthesizing module 'Memory_37' (0#1) [/home/halfdan/Universitet/02113 Digital Systems Design Project/basys3-racing-game/Top.v:963]
INFO: [Synth 8-6157] synthesizing module 'Memory_38' [/home/halfdan/Universitet/02113 Digital Systems Design Project/basys3-racing-game/Top.v:989]
INFO: [Synth 8-6157] synthesizing module 'RamInitSpWf__parameterized37' [/home/halfdan/Universitet/02113 Digital Systems Design Project/basys3-racing-game/RamInitSpWf.v:11]
	Parameter ADDR_WIDTH bound to: 10 - type: integer 
	Parameter DATA_WIDTH bound to: 7 - type: integer 
	Parameter LOAD_FILE bound to: memory_init/backtile_init_38.mem - type: string 
INFO: [Synth 8-3876] $readmem data file 'memory_init/backtile_init_38.mem' is read successfully [/home/halfdan/Universitet/02113 Digital Systems Design Project/basys3-racing-game/RamInitSpWf.v:34]
INFO: [Synth 8-6155] done synthesizing module 'RamInitSpWf__parameterized37' (0#1) [/home/halfdan/Universitet/02113 Digital Systems Design Project/basys3-racing-game/RamInitSpWf.v:11]
INFO: [Synth 8-6155] done synthesizing module 'Memory_38' (0#1) [/home/halfdan/Universitet/02113 Digital Systems Design Project/basys3-racing-game/Top.v:989]
INFO: [Synth 8-6157] synthesizing module 'Memory_39' [/home/halfdan/Universitet/02113 Digital Systems Design Project/basys3-racing-game/Top.v:1015]
INFO: [Synth 8-6157] synthesizing module 'RamInitSpWf__parameterized38' [/home/halfdan/Universitet/02113 Digital Systems Design Project/basys3-racing-game/RamInitSpWf.v:11]
	Parameter ADDR_WIDTH bound to: 10 - type: integer 
	Parameter DATA_WIDTH bound to: 7 - type: integer 
	Parameter LOAD_FILE bound to: memory_init/backtile_init_39.mem - type: string 
INFO: [Synth 8-3876] $readmem data file 'memory_init/backtile_init_39.mem' is read successfully [/home/halfdan/Universitet/02113 Digital Systems Design Project/basys3-racing-game/RamInitSpWf.v:34]
INFO: [Synth 8-6155] done synthesizing module 'RamInitSpWf__parameterized38' (0#1) [/home/halfdan/Universitet/02113 Digital Systems Design Project/basys3-racing-game/RamInitSpWf.v:11]
INFO: [Synth 8-6155] done synthesizing module 'Memory_39' (0#1) [/home/halfdan/Universitet/02113 Digital Systems Design Project/basys3-racing-game/Top.v:1015]
INFO: [Synth 8-6157] synthesizing module 'Memory_40' [/home/halfdan/Universitet/02113 Digital Systems Design Project/basys3-racing-game/Top.v:1041]
INFO: [Synth 8-6157] synthesizing module 'RamInitSpWf__parameterized39' [/home/halfdan/Universitet/02113 Digital Systems Design Project/basys3-racing-game/RamInitSpWf.v:11]
	Parameter ADDR_WIDTH bound to: 10 - type: integer 
	Parameter DATA_WIDTH bound to: 7 - type: integer 
	Parameter LOAD_FILE bound to: memory_init/backtile_init_40.mem - type: string 
INFO: [Synth 8-3876] $readmem data file 'memory_init/backtile_init_40.mem' is read successfully [/home/halfdan/Universitet/02113 Digital Systems Design Project/basys3-racing-game/RamInitSpWf.v:34]
INFO: [Synth 8-6155] done synthesizing module 'RamInitSpWf__parameterized39' (0#1) [/home/halfdan/Universitet/02113 Digital Systems Design Project/basys3-racing-game/RamInitSpWf.v:11]
INFO: [Synth 8-6155] done synthesizing module 'Memory_40' (0#1) [/home/halfdan/Universitet/02113 Digital Systems Design Project/basys3-racing-game/Top.v:1041]
INFO: [Synth 8-6157] synthesizing module 'Memory_41' [/home/halfdan/Universitet/02113 Digital Systems Design Project/basys3-racing-game/Top.v:1067]
INFO: [Synth 8-6157] synthesizing module 'RamInitSpWf__parameterized40' [/home/halfdan/Universitet/02113 Digital Systems Design Project/basys3-racing-game/RamInitSpWf.v:11]
	Parameter ADDR_WIDTH bound to: 10 - type: integer 
	Parameter DATA_WIDTH bound to: 7 - type: integer 
	Parameter LOAD_FILE bound to: memory_init/backtile_init_41.mem - type: string 
INFO: [Synth 8-3876] $readmem data file 'memory_init/backtile_init_41.mem' is read successfully [/home/halfdan/Universitet/02113 Digital Systems Design Project/basys3-racing-game/RamInitSpWf.v:34]
INFO: [Synth 8-6155] done synthesizing module 'RamInitSpWf__parameterized40' (0#1) [/home/halfdan/Universitet/02113 Digital Systems Design Project/basys3-racing-game/RamInitSpWf.v:11]
INFO: [Synth 8-6155] done synthesizing module 'Memory_41' (0#1) [/home/halfdan/Universitet/02113 Digital Systems Design Project/basys3-racing-game/Top.v:1067]
INFO: [Synth 8-6157] synthesizing module 'Memory_42' [/home/halfdan/Universitet/02113 Digital Systems Design Project/basys3-racing-game/Top.v:1093]
INFO: [Synth 8-6157] synthesizing module 'RamInitSpWf__parameterized41' [/home/halfdan/Universitet/02113 Digital Systems Design Project/basys3-racing-game/RamInitSpWf.v:11]
	Parameter ADDR_WIDTH bound to: 10 - type: integer 
	Parameter DATA_WIDTH bound to: 7 - type: integer 
	Parameter LOAD_FILE bound to: memory_init/backtile_init_42.mem - type: string 
INFO: [Synth 8-3876] $readmem data file 'memory_init/backtile_init_42.mem' is read successfully [/home/halfdan/Universitet/02113 Digital Systems Design Project/basys3-racing-game/RamInitSpWf.v:34]
INFO: [Synth 8-6155] done synthesizing module 'RamInitSpWf__parameterized41' (0#1) [/home/halfdan/Universitet/02113 Digital Systems Design Project/basys3-racing-game/RamInitSpWf.v:11]
INFO: [Synth 8-6155] done synthesizing module 'Memory_42' (0#1) [/home/halfdan/Universitet/02113 Digital Systems Design Project/basys3-racing-game/Top.v:1093]
INFO: [Synth 8-6157] synthesizing module 'Memory_43' [/home/halfdan/Universitet/02113 Digital Systems Design Project/basys3-racing-game/Top.v:1119]
INFO: [Synth 8-6157] synthesizing module 'RamInitSpWf__parameterized42' [/home/halfdan/Universitet/02113 Digital Systems Design Project/basys3-racing-game/RamInitSpWf.v:11]
	Parameter ADDR_WIDTH bound to: 10 - type: integer 
	Parameter DATA_WIDTH bound to: 7 - type: integer 
	Parameter LOAD_FILE bound to: memory_init/backtile_init_43.mem - type: string 
INFO: [Synth 8-3876] $readmem data file 'memory_init/backtile_init_43.mem' is read successfully [/home/halfdan/Universitet/02113 Digital Systems Design Project/basys3-racing-game/RamInitSpWf.v:34]
INFO: [Synth 8-6155] done synthesizing module 'RamInitSpWf__parameterized42' (0#1) [/home/halfdan/Universitet/02113 Digital Systems Design Project/basys3-racing-game/RamInitSpWf.v:11]
INFO: [Synth 8-6155] done synthesizing module 'Memory_43' (0#1) [/home/halfdan/Universitet/02113 Digital Systems Design Project/basys3-racing-game/Top.v:1119]
INFO: [Synth 8-6157] synthesizing module 'Memory_44' [/home/halfdan/Universitet/02113 Digital Systems Design Project/basys3-racing-game/Top.v:1145]
INFO: [Synth 8-6157] synthesizing module 'RamInitSpWf__parameterized43' [/home/halfdan/Universitet/02113 Digital Systems Design Project/basys3-racing-game/RamInitSpWf.v:11]
	Parameter ADDR_WIDTH bound to: 10 - type: integer 
	Parameter DATA_WIDTH bound to: 7 - type: integer 
	Parameter LOAD_FILE bound to: memory_init/backtile_init_44.mem - type: string 
INFO: [Synth 8-3876] $readmem data file 'memory_init/backtile_init_44.mem' is read successfully [/home/halfdan/Universitet/02113 Digital Systems Design Project/basys3-racing-game/RamInitSpWf.v:34]
INFO: [Synth 8-6155] done synthesizing module 'RamInitSpWf__parameterized43' (0#1) [/home/halfdan/Universitet/02113 Digital Systems Design Project/basys3-racing-game/RamInitSpWf.v:11]
INFO: [Synth 8-6155] done synthesizing module 'Memory_44' (0#1) [/home/halfdan/Universitet/02113 Digital Systems Design Project/basys3-racing-game/Top.v:1145]
INFO: [Synth 8-6157] synthesizing module 'Memory_45' [/home/halfdan/Universitet/02113 Digital Systems Design Project/basys3-racing-game/Top.v:1171]
INFO: [Synth 8-6157] synthesizing module 'RamInitSpWf__parameterized44' [/home/halfdan/Universitet/02113 Digital Systems Design Project/basys3-racing-game/RamInitSpWf.v:11]
	Parameter ADDR_WIDTH bound to: 10 - type: integer 
	Parameter DATA_WIDTH bound to: 7 - type: integer 
	Parameter LOAD_FILE bound to: memory_init/backtile_init_45.mem - type: string 
INFO: [Synth 8-3876] $readmem data file 'memory_init/backtile_init_45.mem' is read successfully [/home/halfdan/Universitet/02113 Digital Systems Design Project/basys3-racing-game/RamInitSpWf.v:34]
INFO: [Synth 8-6155] done synthesizing module 'RamInitSpWf__parameterized44' (0#1) [/home/halfdan/Universitet/02113 Digital Systems Design Project/basys3-racing-game/RamInitSpWf.v:11]
INFO: [Synth 8-6155] done synthesizing module 'Memory_45' (0#1) [/home/halfdan/Universitet/02113 Digital Systems Design Project/basys3-racing-game/Top.v:1171]
INFO: [Synth 8-6157] synthesizing module 'Memory_46' [/home/halfdan/Universitet/02113 Digital Systems Design Project/basys3-racing-game/Top.v:1197]
INFO: [Synth 8-6157] synthesizing module 'RamInitSpWf__parameterized45' [/home/halfdan/Universitet/02113 Digital Systems Design Project/basys3-racing-game/RamInitSpWf.v:11]
	Parameter ADDR_WIDTH bound to: 10 - type: integer 
	Parameter DATA_WIDTH bound to: 7 - type: integer 
	Parameter LOAD_FILE bound to: memory_init/backtile_init_46.mem - type: string 
INFO: [Synth 8-3876] $readmem data file 'memory_init/backtile_init_46.mem' is read successfully [/home/halfdan/Universitet/02113 Digital Systems Design Project/basys3-racing-game/RamInitSpWf.v:34]
INFO: [Synth 8-6155] done synthesizing module 'RamInitSpWf__parameterized45' (0#1) [/home/halfdan/Universitet/02113 Digital Systems Design Project/basys3-racing-game/RamInitSpWf.v:11]
INFO: [Synth 8-6155] done synthesizing module 'Memory_46' (0#1) [/home/halfdan/Universitet/02113 Digital Systems Design Project/basys3-racing-game/Top.v:1197]
INFO: [Synth 8-6157] synthesizing module 'Memory_47' [/home/halfdan/Universitet/02113 Digital Systems Design Project/basys3-racing-game/Top.v:1223]
INFO: [Synth 8-6157] synthesizing module 'RamInitSpWf__parameterized46' [/home/halfdan/Universitet/02113 Digital Systems Design Project/basys3-racing-game/RamInitSpWf.v:11]
	Parameter ADDR_WIDTH bound to: 10 - type: integer 
	Parameter DATA_WIDTH bound to: 7 - type: integer 
	Parameter LOAD_FILE bound to: memory_init/backtile_init_47.mem - type: string 
INFO: [Synth 8-3876] $readmem data file 'memory_init/backtile_init_47.mem' is read successfully [/home/halfdan/Universitet/02113 Digital Systems Design Project/basys3-racing-game/RamInitSpWf.v:34]
INFO: [Synth 8-6155] done synthesizing module 'RamInitSpWf__parameterized46' (0#1) [/home/halfdan/Universitet/02113 Digital Systems Design Project/basys3-racing-game/RamInitSpWf.v:11]
INFO: [Synth 8-6155] done synthesizing module 'Memory_47' (0#1) [/home/halfdan/Universitet/02113 Digital Systems Design Project/basys3-racing-game/Top.v:1223]
INFO: [Synth 8-6157] synthesizing module 'Memory_48' [/home/halfdan/Universitet/02113 Digital Systems Design Project/basys3-racing-game/Top.v:1249]
INFO: [Common 17-14] Message 'Synth 8-6157' appears 100 times and further instances of the messages will be disabled. Use the Tcl command set_msg_config to change the current settings.
	Parameter ADDR_WIDTH bound to: 10 - type: integer 
	Parameter DATA_WIDTH bound to: 7 - type: integer 
	Parameter LOAD_FILE bound to: memory_init/backtile_init_48.mem - type: string 
INFO: [Synth 8-3876] $readmem data file 'memory_init/backtile_init_48.mem' is read successfully [/home/halfdan/Universitet/02113 Digital Systems Design Project/basys3-racing-game/RamInitSpWf.v:34]
INFO: [Synth 8-6155] done synthesizing module 'RamInitSpWf__parameterized47' (0#1) [/home/halfdan/Universitet/02113 Digital Systems Design Project/basys3-racing-game/RamInitSpWf.v:11]
INFO: [Synth 8-6155] done synthesizing module 'Memory_48' (0#1) [/home/halfdan/Universitet/02113 Digital Systems Design Project/basys3-racing-game/Top.v:1249]
	Parameter ADDR_WIDTH bound to: 10 - type: integer 
	Parameter DATA_WIDTH bound to: 7 - type: integer 
	Parameter LOAD_FILE bound to: memory_init/backtile_init_49.mem - type: string 
INFO: [Synth 8-3876] $readmem data file 'memory_init/backtile_init_49.mem' is read successfully [/home/halfdan/Universitet/02113 Digital Systems Design Project/basys3-racing-game/RamInitSpWf.v:34]
INFO: [Synth 8-6155] done synthesizing module 'RamInitSpWf__parameterized48' (0#1) [/home/halfdan/Universitet/02113 Digital Systems Design Project/basys3-racing-game/RamInitSpWf.v:11]
INFO: [Synth 8-6155] done synthesizing module 'Memory_49' (0#1) [/home/halfdan/Universitet/02113 Digital Systems Design Project/basys3-racing-game/Top.v:1275]
INFO: [Common 17-14] Message 'Synth 8-6155' appears 100 times and further instances of the messages will be disabled. Use the Tcl command set_msg_config to change the current settings.
	Parameter ADDR_WIDTH bound to: 10 - type: integer 
	Parameter DATA_WIDTH bound to: 7 - type: integer 
	Parameter LOAD_FILE bound to: memory_init/backtile_init_50.mem - type: string 
INFO: [Synth 8-3876] $readmem data file 'memory_init/backtile_init_50.mem' is read successfully [/home/halfdan/Universitet/02113 Digital Systems Design Project/basys3-racing-game/RamInitSpWf.v:34]
	Parameter ADDR_WIDTH bound to: 10 - type: integer 
	Parameter DATA_WIDTH bound to: 7 - type: integer 
	Parameter LOAD_FILE bound to: memory_init/backtile_init_51.mem - type: string 
INFO: [Synth 8-3876] $readmem data file 'memory_init/backtile_init_51.mem' is read successfully [/home/halfdan/Universitet/02113 Digital Systems Design Project/basys3-racing-game/RamInitSpWf.v:34]
	Parameter ADDR_WIDTH bound to: 10 - type: integer 
	Parameter DATA_WIDTH bound to: 7 - type: integer 
	Parameter LOAD_FILE bound to: memory_init/backtile_init_52.mem - type: string 
INFO: [Synth 8-3876] $readmem data file 'memory_init/backtile_init_52.mem' is read successfully [/home/halfdan/Universitet/02113 Digital Systems Design Project/basys3-racing-game/RamInitSpWf.v:34]
	Parameter ADDR_WIDTH bound to: 10 - type: integer 
	Parameter DATA_WIDTH bound to: 7 - type: integer 
	Parameter LOAD_FILE bound to: memory_init/backtile_init_53.mem - type: string 
INFO: [Synth 8-3876] $readmem data file 'memory_init/backtile_init_53.mem' is read successfully [/home/halfdan/Universitet/02113 Digital Systems Design Project/basys3-racing-game/RamInitSpWf.v:34]
	Parameter ADDR_WIDTH bound to: 10 - type: integer 
	Parameter DATA_WIDTH bound to: 7 - type: integer 
	Parameter LOAD_FILE bound to: memory_init/backtile_init_54.mem - type: string 
INFO: [Synth 8-3876] $readmem data file 'memory_init/backtile_init_54.mem' is read successfully [/home/halfdan/Universitet/02113 Digital Systems Design Project/basys3-racing-game/RamInitSpWf.v:34]
	Parameter ADDR_WIDTH bound to: 10 - type: integer 
	Parameter DATA_WIDTH bound to: 7 - type: integer 
	Parameter LOAD_FILE bound to: memory_init/backtile_init_55.mem - type: string 
INFO: [Synth 8-3876] $readmem data file 'memory_init/backtile_init_55.mem' is read successfully [/home/halfdan/Universitet/02113 Digital Systems Design Project/basys3-racing-game/RamInitSpWf.v:34]
	Parameter ADDR_WIDTH bound to: 10 - type: integer 
	Parameter DATA_WIDTH bound to: 7 - type: integer 
	Parameter LOAD_FILE bound to: memory_init/backtile_init_56.mem - type: string 
INFO: [Synth 8-3876] $readmem data file 'memory_init/backtile_init_56.mem' is read successfully [/home/halfdan/Universitet/02113 Digital Systems Design Project/basys3-racing-game/RamInitSpWf.v:34]
	Parameter ADDR_WIDTH bound to: 10 - type: integer 
	Parameter DATA_WIDTH bound to: 7 - type: integer 
	Parameter LOAD_FILE bound to: memory_init/backtile_init_57.mem - type: string 
INFO: [Synth 8-3876] $readmem data file 'memory_init/backtile_init_57.mem' is read successfully [/home/halfdan/Universitet/02113 Digital Systems Design Project/basys3-racing-game/RamInitSpWf.v:34]
	Parameter ADDR_WIDTH bound to: 10 - type: integer 
	Parameter DATA_WIDTH bound to: 7 - type: integer 
	Parameter LOAD_FILE bound to: memory_init/backtile_init_58.mem - type: string 
INFO: [Synth 8-3876] $readmem data file 'memory_init/backtile_init_58.mem' is read successfully [/home/halfdan/Universitet/02113 Digital Systems Design Project/basys3-racing-game/RamInitSpWf.v:34]
	Parameter ADDR_WIDTH bound to: 10 - type: integer 
	Parameter DATA_WIDTH bound to: 7 - type: integer 
	Parameter LOAD_FILE bound to: memory_init/backtile_init_59.mem - type: string 
INFO: [Synth 8-3876] $readmem data file 'memory_init/backtile_init_59.mem' is read successfully [/home/halfdan/Universitet/02113 Digital Systems Design Project/basys3-racing-game/RamInitSpWf.v:34]
	Parameter ADDR_WIDTH bound to: 10 - type: integer 
	Parameter DATA_WIDTH bound to: 7 - type: integer 
	Parameter LOAD_FILE bound to: memory_init/backtile_init_60.mem - type: string 
INFO: [Synth 8-3876] $readmem data file 'memory_init/backtile_init_60.mem' is read successfully [/home/halfdan/Universitet/02113 Digital Systems Design Project/basys3-racing-game/RamInitSpWf.v:34]
	Parameter ADDR_WIDTH bound to: 10 - type: integer 
	Parameter DATA_WIDTH bound to: 7 - type: integer 
	Parameter LOAD_FILE bound to: memory_init/backtile_init_61.mem - type: string 
INFO: [Synth 8-3876] $readmem data file 'memory_init/backtile_init_61.mem' is read successfully [/home/halfdan/Universitet/02113 Digital Systems Design Project/basys3-racing-game/RamInitSpWf.v:34]
	Parameter ADDR_WIDTH bound to: 10 - type: integer 
	Parameter DATA_WIDTH bound to: 7 - type: integer 
	Parameter LOAD_FILE bound to: memory_init/backtile_init_62.mem - type: string 
INFO: [Synth 8-3876] $readmem data file 'memory_init/backtile_init_62.mem' is read successfully [/home/halfdan/Universitet/02113 Digital Systems Design Project/basys3-racing-game/RamInitSpWf.v:34]
	Parameter ADDR_WIDTH bound to: 10 - type: integer 
	Parameter DATA_WIDTH bound to: 7 - type: integer 
	Parameter LOAD_FILE bound to: memory_init/backtile_init_63.mem - type: string 
INFO: [Synth 8-3876] $readmem data file 'memory_init/backtile_init_63.mem' is read successfully [/home/halfdan/Universitet/02113 Digital Systems Design Project/basys3-racing-game/RamInitSpWf.v:34]
	Parameter ADDR_WIDTH bound to: 11 - type: integer 
	Parameter DATA_WIDTH bound to: 6 - type: integer 
	Parameter ADDR_WIDTH bound to: 11 - type: integer 
	Parameter DATA_WIDTH bound to: 6 - type: integer 
	Parameter LOAD_FILE bound to: memory_init/backbuffer_init.mem - type: string 
INFO: [Synth 8-3876] $readmem data file 'memory_init/backbuffer_init.mem' is read successfully [/home/halfdan/Universitet/02113 Digital Systems Design Project/basys3-racing-game/RamInitSpWf.v:34]
	Parameter ADDR_WIDTH bound to: 10 - type: integer 
	Parameter DATA_WIDTH bound to: 7 - type: integer 
	Parameter LOAD_FILE bound to: memory_init/sprite_init_0.mem - type: string 
INFO: [Synth 8-3876] $readmem data file 'memory_init/sprite_init_0.mem' is read successfully [/home/halfdan/Universitet/02113 Digital Systems Design Project/basys3-racing-game/RamInitSpWf.v:34]
	Parameter ADDR_WIDTH bound to: 10 - type: integer 
	Parameter DATA_WIDTH bound to: 7 - type: integer 
	Parameter LOAD_FILE bound to: memory_init/sprite_init_1.mem - type: string 
INFO: [Synth 8-3876] $readmem data file 'memory_init/sprite_init_1.mem' is read successfully [/home/halfdan/Universitet/02113 Digital Systems Design Project/basys3-racing-game/RamInitSpWf.v:34]
	Parameter ADDR_WIDTH bound to: 10 - type: integer 
	Parameter DATA_WIDTH bound to: 7 - type: integer 
	Parameter LOAD_FILE bound to: memory_init/sprite_init_2.mem - type: string 
INFO: [Synth 8-3876] $readmem data file 'memory_init/sprite_init_2.mem' is read successfully [/home/halfdan/Universitet/02113 Digital Systems Design Project/basys3-racing-game/RamInitSpWf.v:34]
	Parameter ADDR_WIDTH bound to: 10 - type: integer 
	Parameter DATA_WIDTH bound to: 7 - type: integer 
	Parameter LOAD_FILE bound to: memory_init/sprite_init_3.mem - type: string 
INFO: [Synth 8-3876] $readmem data file 'memory_init/sprite_init_3.mem' is read successfully [/home/halfdan/Universitet/02113 Digital Systems Design Project/basys3-racing-game/RamInitSpWf.v:34]
	Parameter ADDR_WIDTH bound to: 10 - type: integer 
	Parameter DATA_WIDTH bound to: 7 - type: integer 
	Parameter LOAD_FILE bound to: memory_init/sprite_init_4.mem - type: string 
INFO: [Synth 8-3876] $readmem data file 'memory_init/sprite_init_4.mem' is read successfully [/home/halfdan/Universitet/02113 Digital Systems Design Project/basys3-racing-game/RamInitSpWf.v:34]
	Parameter ADDR_WIDTH bound to: 10 - type: integer 
	Parameter DATA_WIDTH bound to: 7 - type: integer 
	Parameter LOAD_FILE bound to: memory_init/sprite_init_5.mem - type: string 
INFO: [Synth 8-3876] $readmem data file 'memory_init/sprite_init_5.mem' is read successfully [/home/halfdan/Universitet/02113 Digital Systems Design Project/basys3-racing-game/RamInitSpWf.v:34]
	Parameter ADDR_WIDTH bound to: 10 - type: integer 
	Parameter DATA_WIDTH bound to: 7 - type: integer 
	Parameter LOAD_FILE bound to: memory_init/sprite_init_6.mem - type: string 
INFO: [Synth 8-3876] $readmem data file 'memory_init/sprite_init_6.mem' is read successfully [/home/halfdan/Universitet/02113 Digital Systems Design Project/basys3-racing-game/RamInitSpWf.v:34]
	Parameter ADDR_WIDTH bound to: 10 - type: integer 
	Parameter DATA_WIDTH bound to: 7 - type: integer 
	Parameter LOAD_FILE bound to: memory_init/sprite_init_7.mem - type: string 
INFO: [Synth 8-3876] $readmem data file 'memory_init/sprite_init_7.mem' is read successfully [/home/halfdan/Universitet/02113 Digital Systems Design Project/basys3-racing-game/RamInitSpWf.v:34]
	Parameter ADDR_WIDTH bound to: 10 - type: integer 
	Parameter DATA_WIDTH bound to: 7 - type: integer 
	Parameter LOAD_FILE bound to: memory_init/sprite_init_8.mem - type: string 
INFO: [Synth 8-3876] $readmem data file 'memory_init/sprite_init_8.mem' is read successfully [/home/halfdan/Universitet/02113 Digital Systems Design Project/basys3-racing-game/RamInitSpWf.v:34]
	Parameter ADDR_WIDTH bound to: 10 - type: integer 
	Parameter DATA_WIDTH bound to: 7 - type: integer 
	Parameter LOAD_FILE bound to: memory_init/sprite_init_9.mem - type: string 
INFO: [Synth 8-3876] $readmem data file 'memory_init/sprite_init_9.mem' is read successfully [/home/halfdan/Universitet/02113 Digital Systems Design Project/basys3-racing-game/RamInitSpWf.v:34]
	Parameter ADDR_WIDTH bound to: 10 - type: integer 
	Parameter DATA_WIDTH bound to: 7 - type: integer 
	Parameter LOAD_FILE bound to: memory_init/sprite_init_10.mem - type: string 
INFO: [Synth 8-3876] $readmem data file 'memory_init/sprite_init_10.mem' is read successfully [/home/halfdan/Universitet/02113 Digital Systems Design Project/basys3-racing-game/RamInitSpWf.v:34]
	Parameter ADDR_WIDTH bound to: 10 - type: integer 
	Parameter DATA_WIDTH bound to: 7 - type: integer 
	Parameter LOAD_FILE bound to: memory_init/sprite_init_11.mem - type: string 
INFO: [Synth 8-3876] $readmem data file 'memory_init/sprite_init_11.mem' is read successfully [/home/halfdan/Universitet/02113 Digital Systems Design Project/basys3-racing-game/RamInitSpWf.v:34]
	Parameter ADDR_WIDTH bound to: 10 - type: integer 
	Parameter DATA_WIDTH bound to: 7 - type: integer 
	Parameter LOAD_FILE bound to: memory_init/sprite_init_12.mem - type: string 
INFO: [Synth 8-3876] $readmem data file 'memory_init/sprite_init_12.mem' is read successfully [/home/halfdan/Universitet/02113 Digital Systems Design Project/basys3-racing-game/RamInitSpWf.v:34]
	Parameter ADDR_WIDTH bound to: 10 - type: integer 
	Parameter DATA_WIDTH bound to: 7 - type: integer 
	Parameter LOAD_FILE bound to: memory_init/sprite_init_13.mem - type: string 
INFO: [Synth 8-3876] $readmem data file 'memory_init/sprite_init_13.mem' is read successfully [/home/halfdan/Universitet/02113 Digital Systems Design Project/basys3-racing-game/RamInitSpWf.v:34]
	Parameter ADDR_WIDTH bound to: 10 - type: integer 
	Parameter DATA_WIDTH bound to: 7 - type: integer 
	Parameter LOAD_FILE bound to: memory_init/sprite_init_14.mem - type: string 
INFO: [Synth 8-3876] $readmem data file 'memory_init/sprite_init_14.mem' is read successfully [/home/halfdan/Universitet/02113 Digital Systems Design Project/basys3-racing-game/RamInitSpWf.v:34]
	Parameter ADDR_WIDTH bound to: 10 - type: integer 
	Parameter DATA_WIDTH bound to: 7 - type: integer 
	Parameter LOAD_FILE bound to: memory_init/sprite_init_15.mem - type: string 
INFO: [Synth 8-3876] $readmem data file 'memory_init/sprite_init_15.mem' is read successfully [/home/halfdan/Universitet/02113 Digital Systems Design Project/basys3-racing-game/RamInitSpWf.v:34]
	Parameter ADDR_WIDTH bound to: 11 - type: integer 
	Parameter DATA_WIDTH bound to: 6 - type: integer 
	Parameter LOAD_FILE bound to: memory_init/tilemap_init_0.mem - type: string 
INFO: [Synth 8-3876] $readmem data file 'memory_init/tilemap_init_0.mem' is read successfully [/home/halfdan/Universitet/02113 Digital Systems Design Project/basys3-racing-game/RamInitSpWf.v:34]
	Parameter ADDR_WIDTH bound to: 11 - type: integer 
	Parameter DATA_WIDTH bound to: 6 - type: integer 
	Parameter LOAD_FILE bound to: memory_init/tilemap_init_1.mem - type: string 
INFO: [Synth 8-3876] $readmem data file 'memory_init/tilemap_init_1.mem' is read successfully [/home/halfdan/Universitet/02113 Digital Systems Design Project/basys3-racing-game/RamInitSpWf.v:34]
	Parameter ADDR_WIDTH bound to: 11 - type: integer 
	Parameter DATA_WIDTH bound to: 6 - type: integer 
	Parameter LOAD_FILE bound to: memory_init/tilemap_init_2.mem - type: string 
INFO: [Synth 8-3876] $readmem data file 'memory_init/tilemap_init_2.mem' is read successfully [/home/halfdan/Universitet/02113 Digital Systems Design Project/basys3-racing-game/RamInitSpWf.v:34]
	Parameter ADDR_WIDTH bound to: 11 - type: integer 
	Parameter DATA_WIDTH bound to: 6 - type: integer 
	Parameter LOAD_FILE bound to: memory_init/tilemap_init_3.mem - type: string 
INFO: [Synth 8-3876] $readmem data file 'memory_init/tilemap_init_3.mem' is read successfully [/home/halfdan/Universitet/02113 Digital Systems Design Project/basys3-racing-game/RamInitSpWf.v:34]
	Parameter ADDR_WIDTH bound to: 11 - type: integer 
	Parameter DATA_WIDTH bound to: 6 - type: integer 
	Parameter LOAD_FILE bound to: memory_init/tilemap_init_4.mem - type: string 
INFO: [Synth 8-3876] $readmem data file 'memory_init/tilemap_init_4.mem' is read successfully [/home/halfdan/Universitet/02113 Digital Systems Design Project/basys3-racing-game/RamInitSpWf.v:34]
	Parameter ADDR_WIDTH bound to: 11 - type: integer 
	Parameter DATA_WIDTH bound to: 6 - type: integer 
	Parameter LOAD_FILE bound to: memory_init/tilemap_init_5.mem - type: string 
INFO: [Synth 8-3876] $readmem data file 'memory_init/tilemap_init_5.mem' is read successfully [/home/halfdan/Universitet/02113 Digital Systems Design Project/basys3-racing-game/RamInitSpWf.v:34]
	Parameter ADDR_WIDTH bound to: 11 - type: integer 
	Parameter DATA_WIDTH bound to: 6 - type: integer 
	Parameter LOAD_FILE bound to: memory_init/tilemap_init_6.mem - type: string 
INFO: [Synth 8-3876] $readmem data file 'memory_init/tilemap_init_6.mem' is read successfully [/home/halfdan/Universitet/02113 Digital Systems Design Project/basys3-racing-game/RamInitSpWf.v:34]
	Parameter ADDR_WIDTH bound to: 11 - type: integer 
	Parameter DATA_WIDTH bound to: 6 - type: integer 
	Parameter LOAD_FILE bound to: memory_init/tilemap_init_7.mem - type: string 
INFO: [Synth 8-3876] $readmem data file 'memory_init/tilemap_init_7.mem' is read successfully [/home/halfdan/Universitet/02113 Digital Systems Design Project/basys3-racing-game/RamInitSpWf.v:34]
WARNING: [Synth 8-6014] Unused sequential element multiHotPriortyReductionTree_io_selectInput_4_pipeReg_1_0_reg was removed.  [/home/halfdan/Universitet/02113 Digital Systems Design Project/basys3-racing-game/Top.v:3788]
WARNING: [Synth 8-6014] Unused sequential element multiHotPriortyReductionTree_io_selectInput_4_pipeReg_1_1_reg was removed.  [/home/halfdan/Universitet/02113 Digital Systems Design Project/basys3-racing-game/Top.v:4087]
WARNING: [Synth 8-6014] Unused sequential element multiHotPriortyReductionTree_io_selectInput_5_pipeReg_1_0_reg was removed.  [/home/halfdan/Universitet/02113 Digital Systems Design Project/basys3-racing-game/Top.v:3790]
WARNING: [Synth 8-6014] Unused sequential element multiHotPriortyReductionTree_io_selectInput_5_pipeReg_1_1_reg was removed.  [/home/halfdan/Universitet/02113 Digital Systems Design Project/basys3-racing-game/Top.v:4096]
WARNING: [Synth 8-6014] Unused sequential element multiHotPriortyReductionTree_io_selectInput_6_pipeReg_1_0_reg was removed.  [/home/halfdan/Universitet/02113 Digital Systems Design Project/basys3-racing-game/Top.v:3792]
WARNING: [Synth 8-6014] Unused sequential element multiHotPriortyReductionTree_io_selectInput_6_pipeReg_1_1_reg was removed.  [/home/halfdan/Universitet/02113 Digital Systems Design Project/basys3-racing-game/Top.v:4105]
WARNING: [Synth 8-6014] Unused sequential element multiHotPriortyReductionTree_io_selectInput_7_pipeReg_1_0_reg was removed.  [/home/halfdan/Universitet/02113 Digital Systems Design Project/basys3-racing-game/Top.v:3794]
WARNING: [Synth 8-6014] Unused sequential element multiHotPriortyReductionTree_io_selectInput_7_pipeReg_1_1_reg was removed.  [/home/halfdan/Universitet/02113 Digital Systems Design Project/basys3-racing-game/Top.v:4114]
WARNING: [Synth 8-6014] Unused sequential element multiHotPriortyReductionTree_io_selectInput_8_pipeReg_1_0_reg was removed.  [/home/halfdan/Universitet/02113 Digital Systems Design Project/basys3-racing-game/Top.v:3796]
WARNING: [Synth 8-6014] Unused sequential element multiHotPriortyReductionTree_io_selectInput_8_pipeReg_1_1_reg was removed.  [/home/halfdan/Universitet/02113 Digital Systems Design Project/basys3-racing-game/Top.v:4123]
WARNING: [Synth 8-6014] Unused sequential element multiHotPriortyReductionTree_io_selectInput_9_pipeReg_1_0_reg was removed.  [/home/halfdan/Universitet/02113 Digital Systems Design Project/basys3-racing-game/Top.v:3798]
WARNING: [Synth 8-6014] Unused sequential element multiHotPriortyReductionTree_io_selectInput_9_pipeReg_1_1_reg was removed.  [/home/halfdan/Universitet/02113 Digital Systems Design Project/basys3-racing-game/Top.v:4132]
WARNING: [Synth 8-6014] Unused sequential element multiHotPriortyReductionTree_io_selectInput_10_pipeReg_1_0_reg was removed.  [/home/halfdan/Universitet/02113 Digital Systems Design Project/basys3-racing-game/Top.v:3800]
WARNING: [Synth 8-6014] Unused sequential element multiHotPriortyReductionTree_io_selectInput_10_pipeReg_1_1_reg was removed.  [/home/halfdan/Universitet/02113 Digital Systems Design Project/basys3-racing-game/Top.v:4141]
WARNING: [Synth 8-6014] Unused sequential element multiHotPriortyReductionTree_io_selectInput_11_pipeReg_1_0_reg was removed.  [/home/halfdan/Universitet/02113 Digital Systems Design Project/basys3-racing-game/Top.v:3802]
WARNING: [Synth 8-6014] Unused sequential element multiHotPriortyReductionTree_io_selectInput_11_pipeReg_1_1_reg was removed.  [/home/halfdan/Universitet/02113 Digital Systems Design Project/basys3-racing-game/Top.v:4150]
WARNING: [Synth 8-6014] Unused sequential element multiHotPriortyReductionTree_io_selectInput_12_pipeReg_1_0_reg was removed.  [/home/halfdan/Universitet/02113 Digital Systems Design Project/basys3-racing-game/Top.v:3804]
WARNING: [Synth 8-6014] Unused sequential element multiHotPriortyReductionTree_io_selectInput_12_pipeReg_1_1_reg was removed.  [/home/halfdan/Universitet/02113 Digital Systems Design Project/basys3-racing-game/Top.v:4159]
WARNING: [Synth 8-6014] Unused sequential element multiHotPriortyReductionTree_io_selectInput_13_pipeReg_1_0_reg was removed.  [/home/halfdan/Universitet/02113 Digital Systems Design Project/basys3-racing-game/Top.v:3806]
WARNING: [Synth 8-6014] Unused sequential element multiHotPriortyReductionTree_io_selectInput_13_pipeReg_1_1_reg was removed.  [/home/halfdan/Universitet/02113 Digital Systems Design Project/basys3-racing-game/Top.v:4168]
WARNING: [Synth 8-6014] Unused sequential element multiHotPriortyReductionTree_io_selectInput_14_pipeReg_1_0_reg was removed.  [/home/halfdan/Universitet/02113 Digital Systems Design Project/basys3-racing-game/Top.v:3808]
WARNING: [Synth 8-6014] Unused sequential element multiHotPriortyReductionTree_io_selectInput_14_pipeReg_1_1_reg was removed.  [/home/halfdan/Universitet/02113 Digital Systems Design Project/basys3-racing-game/Top.v:4177]
WARNING: [Synth 8-6014] Unused sequential element multiHotPriortyReductionTree_io_selectInput_15_pipeReg_1_0_reg was removed.  [/home/halfdan/Universitet/02113 Digital Systems Design Project/basys3-racing-game/Top.v:3810]
WARNING: [Synth 8-6014] Unused sequential element multiHotPriortyReductionTree_io_selectInput_15_pipeReg_1_1_reg was removed.  [/home/halfdan/Universitet/02113 Digital Systems Design Project/basys3-racing-game/Top.v:4186]
WARNING: [Synth 8-3917] design Top has port io_led_0 driven by constant 0
WARNING: [Synth 8-3917] design Top has port io_led_1 driven by constant 0
WARNING: [Synth 8-3917] design Top has port io_led_2 driven by constant 0
WARNING: [Synth 8-3917] design Top has port io_led_3 driven by constant 0
WARNING: [Synth 8-3917] design Top has port io_led_4 driven by constant 0
WARNING: [Synth 8-3917] design Top has port io_led_5 driven by constant 0
WARNING: [Synth 8-3917] design Top has port io_led_6 driven by constant 0
WARNING: [Synth 8-3917] design Top has port io_led_7 driven by constant 0
WARNING: [Synth 8-7129] Port io_time_0[7] in module RaceScoreboardPrinter is either unconnected or has no load
WARNING: [Synth 8-7129] Port io_time_0[6] in module RaceScoreboardPrinter is either unconnected or has no load
WARNING: [Synth 8-7129] Port io_time_1[7] in module RaceScoreboardPrinter is either unconnected or has no load
WARNING: [Synth 8-7129] Port io_time_1[6] in module RaceScoreboardPrinter is either unconnected or has no load
WARNING: [Synth 8-7129] Port io_time_2[7] in module RaceScoreboardPrinter is either unconnected or has no load
WARNING: [Synth 8-7129] Port io_time_2[6] in module RaceScoreboardPrinter is either unconnected or has no load
WARNING: [Synth 8-7129] Port io_time_3[7] in module RaceScoreboardPrinter is either unconnected or has no load
WARNING: [Synth 8-7129] Port io_time_3[6] in module RaceScoreboardPrinter is either unconnected or has no load
WARNING: [Synth 8-7129] Port io_raceMapIndex[3] in module PlayerController is either unconnected or has no load
WARNING: [Synth 8-7129] Port io_sw_0 in module Top is either unconnected or has no load
WARNING: [Synth 8-7129] Port io_sw_1 in module Top is either unconnected or has no load
WARNING: [Synth 8-7129] Port io_sw_2 in module Top is either unconnected or has no load
WARNING: [Synth 8-7129] Port io_sw_3 in module Top is either unconnected or has no load
WARNING: [Synth 8-7129] Port io_sw_4 in module Top is either unconnected or has no load
WARNING: [Synth 8-7129] Port io_sw_5 in module Top is either unconnected or has no load
WARNING: [Synth 8-7129] Port io_sw_6 in module Top is either unconnected or has no load
WARNING: [Synth 8-7129] Port io_sw_7 in module Top is either unconnected or has no load
---------------------------------------------------------------------------------
Finished RTL Elaboration : Time (s): cpu = 00:00:07 ; elapsed = 00:00:08 . Memory (MB): peak = 2298.320 ; gain = 410.910 ; free physical = 1479 ; free virtual = 5851
---------------------------------------------------------------------------------
---------------------------------------------------------------------------------
Start Handling Custom Attributes
---------------------------------------------------------------------------------
---------------------------------------------------------------------------------
Finished Handling Custom Attributes : Time (s): cpu = 00:00:08 ; elapsed = 00:00:08 . Memory (MB): peak = 2307.227 ; gain = 419.816 ; free physical = 1480 ; free virtual = 5852
---------------------------------------------------------------------------------
---------------------------------------------------------------------------------
Finished RTL Optimization Phase 1 : Time (s): cpu = 00:00:08 ; elapsed = 00:00:08 . Memory (MB): peak = 2307.227 ; gain = 419.816 ; free physical = 1480 ; free virtual = 5852
---------------------------------------------------------------------------------
Netlist sorting complete. Time (s): cpu = 00:00:00.08 ; elapsed = 00:00:00.08 . Memory (MB): peak = 2307.227 ; gain = 0.000 ; free physical = 1480 ; free virtual = 5852
INFO: [Project 1-570] Preparing netlist for logic optimization

Processing XDC Constraints
Initializing timing engine
Parsing XDC File [/home/halfdan/Universitet/02113 Digital Systems Design Project/basys3-racing-game/vivado/Basys3Game/Basys3Game.srcs/constrs_1/imports/code/GameBasys3.xdc]
Finished Parsing XDC File [/home/halfdan/Universitet/02113 Digital Systems Design Project/basys3-racing-game/vivado/Basys3Game/Basys3Game.srcs/constrs_1/imports/code/GameBasys3.xdc]
INFO: [Project 1-236] Implementation specific constraints were found while reading constraint file [/home/halfdan/Universitet/02113 Digital Systems Design Project/basys3-racing-game/vivado/Basys3Game/Basys3Game.srcs/constrs_1/imports/code/GameBasys3.xdc]. These constraints will be ignored for synthesis but will be used in implementation. Impacted constraints are listed in the file [.Xil/Top_propImpl.xdc].
Resolution: To avoid this warning, move constraints listed in [.Xil/Top_propImpl.xdc] to another XDC file and exclude this new file from synthesis with the used_in_synthesis property (File Properties dialog in GUI) and re-run elaboration/synthesis.
Completed Processing XDC Constraints

Netlist sorting complete. Time (s): cpu = 00:00:00 ; elapsed = 00:00:00 . Memory (MB): peak = 2406.996 ; gain = 0.000 ; free physical = 1462 ; free virtual = 5850
INFO: [Project 1-111] Unisim Transformation Summary:
No Unisim elements were transformed.

lscpu: bad usage
Try 'lscpu --help' for more information.
Constraint Validation Runtime : Time (s): cpu = 00:00:00.01 ; elapsed = 00:00:00.02 . Memory (MB): peak = 2407.031 ; gain = 0.000 ; free physical = 1461 ; free virtual = 5850
---------------------------------------------------------------------------------
Finished Constraint Validation : Time (s): cpu = 00:00:15 ; elapsed = 00:00:16 . Memory (MB): peak = 2407.031 ; gain = 519.621 ; free physical = 1475 ; free virtual = 5864
---------------------------------------------------------------------------------
---------------------------------------------------------------------------------
Start Loading Part and Timing Information
---------------------------------------------------------------------------------
Loading part: xc7a35tcpg236-1
---------------------------------------------------------------------------------
Finished Loading Part and Timing Information : Time (s): cpu = 00:00:15 ; elapsed = 00:00:16 . Memory (MB): peak = 2415.000 ; gain = 527.590 ; free physical = 1475 ; free virtual = 5864
---------------------------------------------------------------------------------
---------------------------------------------------------------------------------
Start Applying 'set_property' XDC Constraints
---------------------------------------------------------------------------------
---------------------------------------------------------------------------------
Finished applying 'set_property' XDC Constraints : Time (s): cpu = 00:00:15 ; elapsed = 00:00:16 . Memory (MB): peak = 2415.000 ; gain = 527.590 ; free physical = 1475 ; free virtual = 5864
---------------------------------------------------------------------------------
INFO: [Synth 8-802] inferred FSM for state register 'stateReg_reg' in module 'PlayerController'
INFO: [Synth 8-802] inferred FSM for state register 'raceManagerStateReg_reg' in module 'RaceManager'
INFO: [Synth 8-802] inferred FSM for state register 'screenManagerStateReg_reg' in module 'ScreenManager'
---------------------------------------------------------------------------------------------------
                   State |                     New Encoding |                Previous Encoding 
---------------------------------------------------------------------------------------------------
                 iSTATE0 |                              000 |                              000
                 iSTATE1 |                              101 |                              001
                 iSTATE2 |                              100 |                              010
                 iSTATE3 |                              011 |                              011
                 iSTATE4 |                              001 |                              100
                  iSTATE |                              010 |                              101
*
---------------------------------------------------------------------------------------------------
INFO: [Synth 8-3354] encoded FSM with state register 'stateReg_reg' using encoding 'sequential' in module 'PlayerController'
---------------------------------------------------------------------------------------------------
                   State |                     New Encoding |                Previous Encoding 
---------------------------------------------------------------------------------------------------
                  iSTATE |                             0001 |                               00
                 iSTATE0 |                             1000 |                               01
                 iSTATE1 |                             0010 |                               10
                 iSTATE2 |                             0100 |                               11
*
---------------------------------------------------------------------------------------------------
INFO: [Synth 8-3354] encoded FSM with state register 'raceManagerStateReg_reg' using encoding 'one-hot' in module 'RaceManager'
An unrecoverable error has occured: 5E4B96E0-00C81FD1-E1500000
0: /home/halfdan/Installations/Xilinx/2025.1/Vivado/lib/lnx64.o/libxv_synth.so(_ZN7USignal14printBacktraceEi+0x50) [0x75e4b2543dd0]
1: /home/halfdan/Installations/Xilinx/2025.1/Vivado/lib/lnx64.o/libxv_synth.so(_ZN4USys5abortEPKcj+0x66) [0x75e4b24030a6]
2: /home/halfdan/Installations/Xilinx/2025.1/Vivado/lib/lnx64.o/libxv_synth.so(_ZN7GFsmGen23replaceOutputMergeNodesEP6DFNodeS1_+0x791) [0x75e4b1a4b4d1]
3: /home/halfdan/Installations/Xilinx/2025.1/Vivado/lib/lnx64.o/libxv_synth.so(_ZN7GFsmGen13recodeOutEdgeEP5DFPinR9DStgGraphR8UHashMapI7UStringP9DStgStateS5_5UEKeyIS5_EE+0x1f0) [0x75e4b1a4bb00]
4: /home/halfdan/Installations/Xilinx/2025.1/Vivado/lib/lnx64.o/libxv_synth.so(_ZN7GFsmGen17regenerateNewFlowEv+0xce1) [0x75e4b1a528e1]
5: /home/halfdan/Installations/Xilinx/2025.1/Vivado/lib/lnx64.o/libxv_synth.so(_ZN7GFsmGen10regenerateEbb+0x49) [0x75e4b1a53219]
6: /home/halfdan/Installations/Xilinx/2025.1/Vivado/lib/lnx64.o/libxv_synth.so(_ZN7GFsmGen8generateEb+0x21) [0x75e4b1a45f11]
7: /home/halfdan/Installations/Xilinx/2025.1/Vivado/lib/lnx64.o/libxv_synth.so(_ZN4GFsmC1E8NRealModP7DFGraphb+0x58) [0x75e4b2090488]
8: /home/halfdan/Installations/Xilinx/2025.1/Vivado/lib/lnx64.o/libxv_synth.so(_ZN7HSynMod17createNonModGraphEP6DFNodeb+0x1331) [0x75e4b1f85231]
9: /home/halfdan/Installations/Xilinx/2025.1/Vivado/lib/lnx64.o/libxv_synth.so(_ZN7HSynMod11createGraphEP6DFNodeb+0x1be) [0x75e4b1f8639e]
10: /home/halfdan/Installations/Xilinx/2025.1/Vivado/lib/lnx64.o/libxv_synth.so(_ZN7HSynMod12connectGraphEP6DFNode+0xa7) [0x75e4b1f9acc7]
11: /home/halfdan/Installations/Xilinx/2025.1/Vivado/lib/lnx64.o/libxv_synth.so(_ZN7HSynMod15connectInputPinEP9SPinArrayP5DFPin+0x36c) [0x75e4b1f9998c]
12: /home/halfdan/Installations/Xilinx/2025.1/Vivado/lib/lnx64.o/libxv_synth.so(_ZN7HSynMod11connectNetsEv+0x1b5) [0x75e4b1f9b685]
13: /home/halfdan/Installations/Xilinx/2025.1/Vivado/lib/lnx64.o/libxv_synth.so(_ZN7HSynModC2E4NDes8NRealModP7DFGraphPK10ElabPdInstbP11NClkGtParambbbP6DFNodebP8UHashMapIP5DFPinP9SPinArraySD_5UEKeyISD_EE+0x353) [0x75e4b1f93f63]
14: /home/halfdan/Installations/Xilinx/2025.1/Vivado/lib/lnx64.o/libxv_synth.so(_ZN7HSynMod26createHierarchicalInstanceEP6DFNode+0xb8) [0x75e4b1f81048]
15: /home/halfdan/Installations/Xilinx/2025.1/Vivado/lib/lnx64.o/libxv_synth.so(_ZN7HSynMod17handleModuleGraphEP6DFNodeP7DFGraphb+0x21) [0x75e4b1f82a91]
16: /home/halfdan/Installations/Xilinx/2025.1/Vivado/lib/lnx64.o/libxv_synth.so(_ZN7HSynMod15createInstancesEv+0x4a3) [0x75e4b1f8a823]
17: /home/halfdan/Installations/Xilinx/2025.1/Vivado/lib/lnx64.o/libxv_synth.so(_ZN7HSynModC2E4NDes8NRealModP7DFGraphPK10ElabPdInstbP11NClkGtParambbbP6DFNodebP8UHashMapIP5DFPinP9SPinArraySD_5UEKeyISD_EE+0x34b) [0x75e4b1f93f5b]
18: /home/halfdan/Installations/Xilinx/2025.1/Vivado/lib/lnx64.o/libxv_synth.so(_ZN7HSynMod26createHierarchicalInstanceEP6DFNode+0xb8) [0x75e4b1f81048]
19: /home/halfdan/Installations/Xilinx/2025.1/Vivado/lib/lnx64.o/libxv_synth.so(_ZN7HSynMod17handleModuleGraphEP6DFNodeP7DFGraphb+0x21) [0x75e4b1f82a91]
20: /home/halfdan/Installations/Xilinx/2025.1/Vivado/lib/lnx64.o/libxv_synth.so(_ZN7HSynMod15createInstancesEv+0x4a3) [0x75e4b1f8a823]
21: /home/halfdan/Installations/Xilinx/2025.1/Vivado/lib/lnx64.o/libxv_synth.so(_ZN7HSynMod10regenerateEb+0x1e) [0x75e4b1f93bce]
22: /home/halfdan/Installations/Xilinx/2025.1/Vivado/lib/lnx64.o/libxv_synth.so(_ZN4GSyn8generateE8NRealModb+0x1f8) [0x75e4b1af8ba8]
23: /home/halfdan/Installations/Xilinx/2025.1/Vivado/lib/lnx64.o/libxv_synth.so(_ZN8NRealMod10regenerateEb+0x2c) [0x75e4b1af8e9c]
24: /home/halfdan/Installations/Xilinx/2025.1/Vivado/lib/lnx64.o/libxv_synth.so(_ZN7HARTNDb22generateNetlistFromDFGE8NRealModb+0x73c) [0x75e4b0ace50c]
25: /home/halfdan/Installations/Xilinx/2025.1/Vivado/lib/lnx64.o/libxv_synth.so(_ZN7HARTNDb14optimizeAndMapEv+0x632) [0x75e4b0acf322]
26: /home/halfdan/Installations/Xilinx/2025.1/Vivado/lib/lnx64.o/libxv_synth.so(_ZN7HARTNDb26processParallelDFGOptPass2Ev+0x8dd) [0x75e4b0b3fe5d]
27: /home/halfdan/Installations/Xilinx/2025.1/Vivado/lib/lnx64.o/libxv_synth.so(_ZN7HARTNDb3mapEv+0x36) [0x75e4b0a9a3f6]
28: /home/halfdan/Installations/Xilinx/2025.1/Vivado/lib/lnx64.o/libxv_synth.so(+0x20c2f26) [0x75e4b18c2f26]
29: /home/halfdan/Installations/Xilinx/2025.1/Vivado/lib/lnx64.o/libxv_synth.so(+0x1f48bd2) [0x75e4b1748bd2]
30: /home/halfdan/Installations/Xilinx/2025.1/Vivado/lib/lnx64.o/libtcl8.6.so(TclNRRunCallbacks+0x47) [0x75e4cb084497]
31: /home/halfdan/Installations/Xilinx/2025.1/Vivado/lib/lnx64.o/libxv_commontasks.so(+0x482bd7) [0x75e4c1e82bd7]
32: /home/halfdan/Installations/Xilinx/2025.1/Vivado/lib/lnx64.o/libtcl8.6.so(TclNRRunCallbacks+0x47) [0x75e4cb084497]
33: /home/halfdan/Installations/Xilinx/2025.1/Vivado/lib/lnx64.o/libxv_commontasks.so(+0x482bd7) [0x75e4c1e82bd7]
34: /home/halfdan/Installations/Xilinx/2025.1/Vivado/lib/lnx64.o/libtcl8.6.so(TclNRRunCallbacks+0x47) [0x75e4cb084497]
35: /home/halfdan/Installations/Xilinx/2025.1/Vivado/lib/lnx64.o/libtcl8.6.so(+0x45309) [0x75e4cb086309]
36: /home/halfdan/Installations/Xilinx/2025.1/Vivado/lib/lnx64.o/libtcl8.6.so(Tcl_FSEvalFileEx+0x1f8) [0x75e4cb13bae8]
37: /home/halfdan/Installations/Xilinx/2025.1/Vivado/lib/lnx64.o/libxv_commontasks.so(+0x49e7fd) [0x75e4c1e9e7fd]
38: /home/halfdan/Installations/Xilinx/2025.1/Vivado/lib/lnx64.o/libxv_common.so(+0x940b8a) [0x75e4ce940b8a]
39: /home/halfdan/Installations/Xilinx/2025.1/Vivado/lib/lnx64.o/libtcl8.6.so(TclNRRunCallbacks+0x47) [0x75e4cb084497]
40: /home/halfdan/Installations/Xilinx/2025.1/Vivado/lib/lnx64.o/libxv_commontasks.so(+0x482b34) [0x75e4c1e82b34]
41: /home/halfdan/Installations/Xilinx/2025.1/Vivado/lib/lnx64.o/libtcl8.6.so(TclNRRunCallbacks+0x47) [0x75e4cb084497]
42: /home/halfdan/Installations/Xilinx/2025.1/Vivado/lib/lnx64.o/libtcl8.6.so(+0x45309) [0x75e4cb086309]
43: /home/halfdan/Installations/Xilinx/2025.1/Vivado/lib/lnx64.o/libtcl8.6.so(TclSubstTokens+0x4a9) [0x75e4cb14ed59]
44: /home/halfdan/Installations/Xilinx/2025.1/Vivado/lib/lnx64.o/libtcl8.6.so(+0x45153) [0x75e4cb086153]
45: /home/halfdan/Installations/Xilinx/2025.1/Vivado/lib/lnx64.o/libtcl8.6.so(Tcl_FSEvalFileEx+0x1f8) [0x75e4cb13bae8]
46: /home/halfdan/Installations/Xilinx/2025.1/Vivado/lib/lnx64.o/libxv_commontasks.so(+0x49e7fd) [0x75e4c1e9e7fd]
47: /home/halfdan/Installations/Xilinx/2025.1/Vivado/lib/lnx64.o/libxv_common.so(+0x940b8a) [0x75e4ce940b8a]
48: /home/halfdan/Installations/Xilinx/2025.1/Vivado/lib/lnx64.o/libtcl8.6.so(TclNRRunCallbacks+0x47) [0x75e4cb084497]
49: /home/halfdan/Installations/Xilinx/2025.1/Vivado/lib/lnx64.o/libxv_common.so(_ZN3hdi8tcltasks12task_manager11eval_in_tclEP10Tcl_InterpP7Tcl_ObjPKcb+0xc07) [0x75e4ce9424a7]
0: /home/halfdan/Installations/Xilinx/2025.1/Vivado/lib/lnx64.o/libxv_synth.so(_ZN7USignal14printBacktraceEi+0x50) [0x75e4b2543dd0]
1: /home/halfdan/Installations/Xilinx/2025.1/Vivado/lib/lnx64.o/libxv_synth.so(_ZN4USys5abortEPKcj+0x66) [0x75e4b24030a6]
2: /home/halfdan/Installations/Xilinx/2025.1/Vivado/lib/lnx64.o/libxv_synth.so(_ZN7GFsmGen23replaceOutputMergeNodesEP6DFNodeS1_+0x791) [0x75e4b1a4b4d1]
3: /home/halfdan/Installations/Xilinx/2025.1/Vivado/lib/lnx64.o/libxv_synth.so(_ZN7GFsmGen13recodeOutEdgeEP5DFPinR9DStgGraphR8UHashMapI7UStringP9DStgStateS5_5UEKeyIS5_EE+0x1f0) [0x75e4b1a4bb00]
4: /home/halfdan/Installations/Xilinx/2025.1/Vivado/lib/lnx64.o/libxv_synth.so(_ZN7GFsmGen17regenerateNewFlowEv+0xce1) [0x75e4b1a528e1]
5: /home/halfdan/Installations/Xilinx/2025.1/Vivado/lib/lnx64.o/libxv_synth.so(_ZN7GFsmGen10regenerateEbb+0x49) [0x75e4b1a53219]
6: /home/halfdan/Installations/Xilinx/2025.1/Vivado/lib/lnx64.o/libxv_synth.so(_ZN7GFsmGen8generateEb+0x21) [0x75e4b1a45f11]
7: /home/halfdan/Installations/Xilinx/2025.1/Vivado/lib/lnx64.o/libxv_synth.so(_ZN4GFsmC1E8NRealModP7DFGraphb+0x58) [0x75e4b2090488]
8: /home/halfdan/Installations/Xilinx/2025.1/Vivado/lib/lnx64.o/libxv_synth.so(_ZN7HSynMod17createNonModGraphEP6DFNodeb+0x1331) [0x75e4b1f85231]
9: /home/halfdan/Installations/Xilinx/2025.1/Vivado/lib/lnx64.o/libxv_synth.so(_ZN7HSynMod11createGraphEP6DFNodeb+0x1be) [0x75e4b1f8639e]
10: /home/halfdan/Installations/Xilinx/2025.1/Vivado/lib/lnx64.o/libxv_synth.so(_ZN7HSynMod12connectGraphEP6DFNode+0xa7) [0x75e4b1f9acc7]
11: /home/halfdan/Installations/Xilinx/2025.1/Vivado/lib/lnx64.o/libxv_synth.so(_ZN7HSynMod15connectInputPinEP9SPinArrayP5DFPin+0x36c) [0x75e4b1f9998c]
12: /home/halfdan/Installations/Xilinx/2025.1/Vivado/lib/lnx64.o/libxv_synth.so(_ZN7HSynMod11connectNetsEv+0x1b5) [0x75e4b1f9b685]
13: /home/halfdan/Installations/Xilinx/2025.1/Vivado/lib/lnx64.o/libxv_synth.so(_ZN7HSynModC2E4NDes8NRealModP7DFGraphPK10ElabPdInstbP11NClkGtParambbbP6DFNodebP8UHashMapIP5DFPinP9SPinArraySD_5UEKeyISD_EE+0x353) [0x75e4b1f93f63]
14: /home/halfdan/Installations/Xilinx/2025.1/Vivado/lib/lnx64.o/libxv_synth.so(_ZN7HSynMod26createHierarchicalInstanceEP6DFNode+0xb8) [0x75e4b1f81048]
15: /home/halfdan/Installations/Xilinx/2025.1/Vivado/lib/lnx64.o/libxv_synth.so(_ZN7HSynMod17handleModuleGraphEP6DFNodeP7DFGraphb+0x21) [0x75e4b1f82a91]
16: /home/halfdan/Installations/Xilinx/2025.1/Vivado/lib/lnx64.o/libxv_synth.so(_ZN7HSynMod15createInstancesEv+0x4a3) [0x75e4b1f8a823]
17: /home/halfdan/Installations/Xilinx/2025.1/Vivado/lib/lnx64.o/libxv_synth.so(_ZN7HSynModC2E4NDes8NRealModP7DFGraphPK10ElabPdInstbP11NClkGtParambbbP6DFNodebP8UHashMapIP5DFPinP9SPinArraySD_5UEKeyISD_EE+0x34b) [0x75e4b1f93f5b]
18: /home/halfdan/Installations/Xilinx/2025.1/Vivado/lib/lnx64.o/libxv_synth.so(_ZN7HSynMod26createHierarchicalInstanceEP6DFNode+0xb8) [0x75e4b1f81048]
19: /home/halfdan/Installations/Xilinx/2025.1/Vivado/lib/lnx64.o/libxv_synth.so(_ZN7HSynMod17handleModuleGraphEP6DFNodeP7DFGraphb+0x21) [0x75e4b1f82a91]
20: /home/halfdan/Installations/Xilinx/2025.1/Vivado/lib/lnx64.o/libxv_synth.so(_ZN7HSynMod15createInstancesEv+0x4a3) [0x75e4b1f8a823]
21: /home/halfdan/Installations/Xilinx/2025.1/Vivado/lib/lnx64.o/libxv_synth.so(_ZN7HSynMod10regenerateEb+0x1e) [0x75e4b1f93bce]
22: /home/halfdan/Installations/Xilinx/2025.1/Vivado/lib/lnx64.o/libxv_synth.so(_ZN4GSyn8generateE8NRealModb+0x1f8) [0x75e4b1af8ba8]
23: /home/halfdan/Installations/Xilinx/2025.1/Vivado/lib/lnx64.o/libxv_synth.so(_ZN8NRealMod10regenerateEb+0x2c) [0x75e4b1af8e9c]
24: /home/halfdan/Installations/Xilinx/2025.1/Vivado/lib/lnx64.o/libxv_synth.so(_ZN7HARTNDb22generateNetlistFromDFGE8NRealModb+0x73c) [0x75e4b0ace50c]
25: /home/halfdan/Installations/Xilinx/2025.1/Vivado/lib/lnx64.o/libxv_synth.so(_ZN7HARTNDb14optimizeAndMapEv+0x632) [0x75e4b0acf322]
26: /home/halfdan/Installations/Xilinx/2025.1/Vivado/lib/lnx64.o/libxv_synth.so(_ZN7HARTNDb26processParallelDFGOptPass2Ev+0x8dd) [0x75e4b0b3fe5d]
27: /home/halfdan/Installations/Xilinx/2025.1/Vivado/lib/lnx64.o/libxv_synth.so(_ZN7HARTNDb3mapEv+0x36) [0x75e4b0a9a3f6]
28: /home/halfdan/Installations/Xilinx/2025.1/Vivado/lib/lnx64.o/libxv_synth.so(+0x20c2f26) [0x75e4b18c2f26]
29: /home/halfdan/Installations/Xilinx/2025.1/Vivado/lib/lnx64.o/libxv_synth.so(+0x1f48bd2) [0x75e4b1748bd2]
30: /home/halfdan/Installations/Xilinx/2025.1/Vivado/lib/lnx64.o/libtcl8.6.so(TclNRRunCallbacks+0x47) [0x75e4cb084497]
31: /home/halfdan/Installations/Xilinx/2025.1/Vivado/lib/lnx64.o/libxv_commontasks.so(+0x482bd7) [0x75e4c1e82bd7]
32: /home/halfdan/Installations/Xilinx/2025.1/Vivado/lib/lnx64.o/libtcl8.6.so(TclNRRunCallbacks+0x47) [0x75e4cb084497]
33: /home/halfdan/Installations/Xilinx/2025.1/Vivado/lib/lnx64.o/libxv_commontasks.so(+0x482bd7) [0x75e4c1e82bd7]
34: /home/halfdan/Installations/Xilinx/2025.1/Vivado/lib/lnx64.o/libtcl8.6.so(TclNRRunCallbacks+0x47) [0x75e4cb084497]
35: /home/halfdan/Installations/Xilinx/2025.1/Vivado/lib/lnx64.o/libtcl8.6.so(+0x45309) [0x75e4cb086309]
36: /home/halfdan/Installations/Xilinx/2025.1/Vivado/lib/lnx64.o/libtcl8.6.so(Tcl_FSEvalFileEx+0x1f8) [0x75e4cb13bae8]
37: /home/halfdan/Installations/Xilinx/2025.1/Vivado/lib/lnx64.o/libxv_commontasks.so(+0x49e7fd) [0x75e4c1e9e7fd]
38: /home/halfdan/Installations/Xilinx/2025.1/Vivado/lib/lnx64.o/libxv_common.so(+0x940b8a) [0x75e4ce940b8a]
39: /home/halfdan/Installations/Xilinx/2025.1/Vivado/lib/lnx64.o/libtcl8.6.so(TclNRRunCallbacks+0x47) [0x75e4cb084497]
40: /home/halfdan/Installations/Xilinx/2025.1/Vivado/lib/lnx64.o/libxv_commontasks.so(+0x482b34) [0x75e4c1e82b34]
41: /home/halfdan/Installations/Xilinx/2025.1/Vivado/lib/lnx64.o/libtcl8.6.so(TclNRRunCallbacks+0x47) [0x75e4cb084497]
42: /home/halfdan/Installations/Xilinx/2025.1/Vivado/lib/lnx64.o/libtcl8.6.so(+0x45309) [0x75e4cb086309]
43: /home/halfdan/Installations/Xilinx/2025.1/Vivado/lib/lnx64.o/libtcl8.6.so(TclSubstTokens+0x4a9) [0x75e4cb14ed59]
44: /home/halfdan/Installations/Xilinx/2025.1/Vivado/lib/lnx64.o/libtcl8.6.so(+0x45153) [0x75e4cb086153]
45: /home/halfdan/Installations/Xilinx/2025.1/Vivado/lib/lnx64.o/libtcl8.6.so(Tcl_FSEvalFileEx+0x1f8) [0x75e4cb13bae8]
46: /home/halfdan/Installations/Xilinx/2025.1/Vivado/lib/lnx64.o/libxv_commontasks.so(+0x49e7fd) [0x75e4c1e9e7fd]
47: /home/halfdan/Installations/Xilinx/2025.1/Vivado/lib/lnx64.o/libxv_common.so(+0x940b8a) [0x75e4ce940b8a]
48: /home/halfdan/Installations/Xilinx/2025.1/Vivado/lib/lnx64.o/libtcl8.6.so(TclNRRunCallbacks+0x47) [0x75e4cb084497]
49: /home/halfdan/Installations/Xilinx/2025.1/Vivado/lib/lnx64.o/libxv_common.so(_ZN3hdi8tcltasks12task_manager11eval_in_tclEP10Tcl_InterpP7Tcl_ObjPKcb+0xc07) [0x75e4ce9424a7]


 *** gstack ***
sh: 1: gstack: not found
Parent process (pid 2956) has died. This helper process will now exit
