2026.06.09 11:40:36 INFO  Started: Metals version 1.6.7 in folders '/home/halfdan/Universitet/02113 Digital Systems Design Project/basys3-racing-game' for client Visual Studio Code 1.122.0.
2026.06.09 11:40:36 INFO  Memory monitor started
2026.06.09 11:40:37 WARN  Using H2 2.4.240 which is newer than the version Flyway has been verified with. The latest verified version of H2 is 2.3.232.
Jun 09, 2026 11:40:38 AM org.eclipse.lsp4j.jsonrpc.services.GenericEndpoint notify
INFO: Unsupported notification method: $/setTrace
2026.06.09 11:40:44 INFO  no build target found for /home/halfdan/Universitet/02113 Digital Systems Design Project/basys3-racing-game/src/main/scala/GameLogicTask0.scala. Using presentation compiler with project's scala-library version: 3.3.7
2026.06.09 11:40:44 WARN  no build target for: /home/halfdan/Universitet/02113 Digital Systems Design Project/basys3-racing-game/src/main/scala/GameLogicTask0.scala
2026.06.09 11:40:44 INFO  no build target found for /home/halfdan/Universitet/02113 Digital Systems Design Project/basys3-racing-game/src/main/scala/GameLogicTask0.scala. Using presentation compiler with project's scala-library version: 3.3.7
2026.06.09 11:40:45 INFO  no build target found for /home/halfdan/Universitet/02113 Digital Systems Design Project/basys3-racing-game/src/main/scala/GameLogicTask0.scala. Using presentation compiler with project's scala-library version: 3.3.7
2026.06.09 11:40:44 INFO  no build target found for /home/halfdan/Universitet/02113 Digital Systems Design Project/basys3-racing-game/src/main/scala/GameLogicTask0.scala. Using presentation compiler with project's scala-library version: 3.3.7
2026.06.09 11:40:46 INFO  time: code lens generation in 1.59s
2026.06.09 11:40:48 INFO  no build target found for /home/halfdan/Universitet/02113 Digital Systems Design Project/basys3-racing-game/src/main/scala/GameLogicTask0.scala. Using presentation compiler with project's scala-library version: 3.3.7
2026.06.09 11:40:49 INFO  no build target found for /home/halfdan/Universitet/02113 Digital Systems Design Project/basys3-racing-game/src/main/scala/GameLogicTask0.scala. Using presentation compiler with project's scala-library version: 3.3.7
2026.06.09 11:40:50 WARN  no build target for: /home/halfdan/Universitet/02113 Digital Systems Design Project/basys3-racing-game/src/main/scala/GameLogic.scala
2026.06.09 11:40:50 INFO  no build target found for /home/halfdan/Universitet/02113 Digital Systems Design Project/basys3-racing-game/src/main/scala/GameLogic.scala. Using presentation compiler with project's scala-library version: 3.3.7
2026.06.09 11:40:50 INFO  no build target found for /home/halfdan/Universitet/02113 Digital Systems Design Project/basys3-racing-game/src/main/scala/GameLogic.scala. Using presentation compiler with project's scala-library version: 3.3.7
2026.06.09 11:40:50 INFO  no build target found for /home/halfdan/Universitet/02113 Digital Systems Design Project/basys3-racing-game/src/main/scala/GameLogic.scala. Using presentation compiler with project's scala-library version: 3.3.7
2026.06.09 11:40:50 INFO  no build target found for /home/halfdan/Universitet/02113 Digital Systems Design Project/basys3-racing-game/src/main/scala/GameLogic.scala. Using presentation compiler with project's scala-library version: 3.3.7
2026.06.09 11:40:51 INFO  no build target found for /home/halfdan/Universitet/02113 Digital Systems Design Project/basys3-racing-game/src/main/scala/GameLogic.scala. Using presentation compiler with project's scala-library version: 3.3.7
2026.06.09 11:40:51 INFO  no build target found for /home/halfdan/Universitet/02113 Digital Systems Design Project/basys3-racing-game/src/main/scala/GameLogic.scala. Using presentation compiler with project's scala-library version: 3.3.7
2026.06.09 11:40:55 INFO  no build target found for /home/halfdan/Universitet/02113 Digital Systems Design Project/basys3-racing-game/src/main/scala/GameLogic.scala. Using presentation compiler with project's scala-library version: 3.3.7
2026.06.09 11:40:55 INFO  no build target found for /home/halfdan/Universitet/02113 Digital Systems Design Project/basys3-racing-game/src/main/scala/GameTop.scala. Using presentation compiler with project's scala-library version: 3.3.7
2026.06.09 11:40:55 INFO  no build target found for /home/halfdan/Universitet/02113 Digital Systems Design Project/basys3-racing-game/src/main/scala/GameTop.scala. Using presentation compiler with project's scala-library version: 3.3.7
2026.06.09 11:40:55 WARN  no build target for: /home/halfdan/Universitet/02113 Digital Systems Design Project/basys3-racing-game/src/main/scala/GameTop.scala
2026.06.09 11:40:55 INFO  no build target found for /home/halfdan/Universitet/02113 Digital Systems Design Project/basys3-racing-game/src/main/scala/GameTop.scala. Using presentation compiler with project's scala-library version: 3.3.7
Jun 09, 2026 11:40:55 AM org.eclipse.lsp4j.jsonrpc.RemoteEndpoint handleCancellation
WARNING: Unmatched cancel notification for request id 24
2026.06.09 11:40:55 INFO  no build target found for /home/halfdan/Universitet/02113 Digital Systems Design Project/basys3-racing-game/src/main/scala/GameTop.scala. Using presentation compiler with project's scala-library version: 3.3.7
2026.06.09 11:40:55 INFO  no build target found for /home/halfdan/Universitet/02113 Digital Systems Design Project/basys3-racing-game/src/main/scala/GameTop.scala. Using presentation compiler with project's scala-library version: 3.3.7
2026.06.09 11:40:56 INFO  no build target found for /home/halfdan/Universitet/02113 Digital Systems Design Project/basys3-racing-game/src/main/scala/GameTop.scala. Using presentation compiler with project's scala-library version: 3.3.7
2026.06.09 11:40:58 INFO  no build target found for /home/halfdan/Universitet/02113 Digital Systems Design Project/basys3-racing-game/src/main/scala/GameTop.scala. Using presentation compiler with project's scala-library version: 3.3.7
2026.06.09 11:40:58 INFO  no build target found for /home/halfdan/Universitet/02113 Digital Systems Design Project/basys3-racing-game/src/main/scala/GameTop.scala. Using presentation compiler with project's scala-library version: 3.3.7
2026.06.09 11:40:59 INFO  no build target found for /home/halfdan/Universitet/02113 Digital Systems Design Project/basys3-racing-game/src/main/scala/GameTop.scala. Using presentation compiler with project's scala-library version: 3.3.7
2026.06.09 11:40:59 INFO  no build target found for /home/halfdan/Universitet/02113 Digital Systems Design Project/basys3-racing-game/src/main/scala/GameTop.scala. Using presentation compiler with project's scala-library version: 3.3.7
2026.06.09 11:40:59 INFO  no build target found for /home/halfdan/Universitet/02113 Digital Systems Design Project/basys3-racing-game/src/main/scala/GameTop.scala. Using presentation compiler with project's scala-library version: 3.3.7
2026.06.09 11:40:59 INFO  no build target found for /home/halfdan/Universitet/02113 Digital Systems Design Project/basys3-racing-game/src/main/scala/GameTop.scala. Using presentation compiler with project's scala-library version: 3.3.7
2026.06.09 11:40:59 INFO  no build target found for /home/halfdan/Universitet/02113 Digital Systems Design Project/basys3-racing-game/src/main/scala/GameTop.scala. Using presentation compiler with project's scala-library version: 3.3.7
2026.06.09 11:40:59 INFO  no build target found for /home/halfdan/Universitet/02113 Digital Systems Design Project/basys3-racing-game/src/main/scala/GameTop.scala. Using presentation compiler with project's scala-library version: 3.3.7
2026.06.09 11:41:00 WARN  no build target for: /home/halfdan/Universitet/02113 Digital Systems Design Project/basys3-racing-game/src/main/scala/GameTop.scala
2026.06.09 11:40:59 INFO  no build target found for /home/halfdan/Universitet/02113 Digital Systems Design Project/basys3-racing-game/src/main/scala/GameTop.scala. Using presentation compiler with project's scala-library version: 3.3.7
2026.06.09 11:40:59 INFO  no build target found for /home/halfdan/Universitet/02113 Digital Systems Design Project/basys3-racing-game/src/main/scala/GameTop.scala. Using presentation compiler with project's scala-library version: 3.3.7
2026.06.09 11:41:00 INFO  no build target found for /home/halfdan/Universitet/02113 Digital Systems Design Project/basys3-racing-game/src/main/scala/GameTop.scala. Using presentation compiler with project's scala-library version: 3.3.7
Exception in thread "pool-20-thread-1" java.lang.InterruptedException
	at scala.meta.internal.metals.FutureCancelToken.checkCanceled(FutureCancelToken.scala:29)
	at scala.meta.internal.pc.CompilerAccess.onCompilerJobQueue$$anonfun$1(CompilerAccess.scala:208)
	at scala.meta.internal.pc.CompilerJobQueue$Job.run(CompilerJobQueue.scala:153)
	at java.base/java.util.concurrent.ThreadPoolExecutor.runWorker(ThreadPoolExecutor.java:1144)
	at java.base/java.util.concurrent.ThreadPoolExecutor$Worker.run(ThreadPoolExecutor.java:642)
	at java.base/java.lang.Thread.run(Thread.java:1583)
2026.06.09 11:40:59 INFO  no build target found for /home/halfdan/Universitet/02113 Digital Systems Design Project/basys3-racing-game/src/main/scala/GameTop.scala. Using presentation compiler with project's scala-library version: 3.3.7
Exception in thread "pool-22-thread-1" java.lang.InterruptedException
	at scala.meta.internal.metals.FutureCancelToken.checkCanceled(FutureCancelToken.scala:29)
	at scala.meta.internal.pc.CompilerAccess.onCompilerJobQueue$$anonfun$1(CompilerAccess.scala:208)
	at scala.meta.internal.pc.CompilerJobQueue$Job.run(CompilerJobQueue.scala:153)
	at java.base/java.util.concurrent.ThreadPoolExecutor.runWorker(ThreadPoolExecutor.java:1144)
	at java.base/java.util.concurrent.ThreadPoolExecutor$Worker.run(ThreadPoolExecutor.java:642)
	at java.base/java.lang.Thread.run(Thread.java:1583)
2026.06.09 11:41:00 INFO  no build target found for /home/halfdan/Universitet/02113 Digital Systems Design Project/basys3-racing-game/src/main/scala/GameTop.scala. Using presentation compiler with project's scala-library version: 3.3.7
2026.06.09 11:41:00 INFO  no build target found for /home/halfdan/Universitet/02113 Digital Systems Design Project/basys3-racing-game/src/main/scala/GameTop.scala. Using presentation compiler with project's scala-library version: 3.3.7
Exception in thread "pool-23-thread-1" java.lang.InterruptedException
	at scala.meta.internal.metals.FutureCancelToken.checkCanceled(FutureCancelToken.scala:29)
	at scala.meta.internal.pc.CompilerAccess.onCompilerJobQueue$$anonfun$1(CompilerAccess.scala:208)
	at scala.meta.internal.pc.CompilerJobQueue$Job.run(CompilerJobQueue.scala:153)
	at java.base/java.util.concurrent.ThreadPoolExecutor.runWorker(ThreadPoolExecutor.java:1144)
	at java.base/java.util.concurrent.ThreadPoolExecutor$Worker.run(ThreadPoolExecutor.java:642)
	at java.base/java.lang.Thread.run(Thread.java:1583)
2026.06.09 11:41:00 INFO  no build target found for /home/halfdan/Universitet/02113 Digital Systems Design Project/basys3-racing-game/src/main/scala/GameTop.scala. Using presentation compiler with project's scala-library version: 3.3.7
2026.06.09 11:41:00 INFO  no build target found for /home/halfdan/Universitet/02113 Digital Systems Design Project/basys3-racing-game/src/main/scala/GameTop.scala. Using presentation compiler with project's scala-library version: 3.3.7
2026.06.09 11:41:00 INFO  no build target found for /home/halfdan/Universitet/02113 Digital Systems Design Project/basys3-racing-game/src/main/scala/GameTop.scala. Using presentation compiler with project's scala-library version: 3.3.7
2026.06.09 11:41:00 INFO  no build target found for /home/halfdan/Universitet/02113 Digital Systems Design Project/basys3-racing-game/src/main/scala/GameTop.scala. Using presentation compiler with project's scala-library version: 3.3.7
Exception in thread "pool-26-thread-1" java.lang.InterruptedException
	at scala.meta.internal.metals.FutureCancelToken.checkCanceled(FutureCancelToken.scala:29)
	at scala.meta.internal.pc.CompilerAccess.onCompilerJobQueue$$anonfun$1(CompilerAccess.scala:208)
	at scala.meta.internal.pc.CompilerJobQueue$Job.run(CompilerJobQueue.scala:153)
	at java.base/java.util.concurrent.ThreadPoolExecutor.runWorker(ThreadPoolExecutor.java:1144)
	at java.base/java.util.concurrent.ThreadPoolExecutor$Worker.run(ThreadPoolExecutor.java:642)
	at java.base/java.lang.Thread.run(Thread.java:1583)
Exception in thread "pool-27-thread-1" java.lang.InterruptedException
	at scala.meta.internal.metals.FutureCancelToken.checkCanceled(FutureCancelToken.scala:29)
	at scala.meta.internal.pc.CompilerAccess.onCompilerJobQueue$$anonfun$1(CompilerAccess.scala:208)
	at scala.meta.internal.pc.CompilerJobQueue$Job.run(CompilerJobQueue.scala:153)
	at java.base/java.util.concurrent.ThreadPoolExecutor.runWorker(ThreadPoolExecutor.java:1144)
	at java.base/java.util.concurrent.ThreadPoolExecutor$Worker.run(ThreadPoolExecutor.java:642)
	at java.base/java.lang.Thread.run(Thread.java:1583)
2026.06.09 11:41:00 INFO  no build target found for /home/halfdan/Universitet/02113 Digital Systems Design Project/basys3-racing-game/src/main/scala/GameTop.scala. Using presentation compiler with project's scala-library version: 3.3.7
Exception in thread "pool-28-thread-1" java.lang.InterruptedException
	at scala.meta.internal.metals.FutureCancelToken.checkCanceled(FutureCancelToken.scala:29)
	at scala.meta.internal.pc.CompilerAccess.onCompilerJobQueue$$anonfun$1(CompilerAccess.scala:208)
	at scala.meta.internal.pc.CompilerJobQueue$Job.run(CompilerJobQueue.scala:153)
	at java.base/java.util.concurrent.ThreadPoolExecutor.runWorker(ThreadPoolExecutor.java:1144)
	at java.base/java.util.concurrent.ThreadPoolExecutor$Worker.run(ThreadPoolExecutor.java:642)
	at java.base/java.lang.Thread.run(Thread.java:1583)
2026.06.09 11:41:01 INFO  no build target found for /home/halfdan/Universitet/02113 Digital Systems Design Project/basys3-racing-game/src/main/scala/GameTop.scala. Using presentation compiler with project's scala-library version: 3.3.7
